#
# A fatal error has been detected by the Java Runtime Environment:
#
#  SIGSEGV (0xb) at pc=0x00007f4903d7369b, pid=8802, tid=0x00007f492474a700
#
# JRE version: Java(TM) SE Runtime Environment (8.0_181-b13) (build 1.8.0_181-b13)
# Java VM: Java HotSpot(TM) 64-Bit Server VM (25.181-b13 mixed mode linux-amd64 compressed oops)
# Problematic frame:
# C  [libtesseract.so.4.0.0+0x25969b]  ERRCODE::error(char const*, TessErrorLogCode, char const*, ...) const+0x16b
#
# Failed to write core dump. Core dumps have been disabled. To enable core dumping, try "ulimit -c unlimited" before starting Java again
#
# If you would like to submit a bug report, please visit:
#   http://bugreport.java.com/bugreport/crash.jsp
# The crash happened outside the Java Virtual Machine in native code.
# See problematic frame for where to report the bug.
#

---------------  T H R E A D  ---------------

Current thread (0x00007f49387cb000):  JavaThread "http-nio-8080-exec-6" daemon [_thread_in_native, id=8822, stack(0x00007f492464a000,0x00007f492474b000)]

siginfo: si_signo: 11 (SIGSEGV), si_code: 1 (SEGV_MAPERR), si_addr: 0x0000000000000000

Registers:
RAX=0x00000000ffffffff, RBX=0x00007f49247455b4, RCX=0x0000000000000000, RDX=0x00007f493e5588b0
RSP=0x00007f4924745560, RBP=0x00007f4924745580, RSI=0x00000000ffffffff, RDI=0x00007f4924742d90
R8 =0x000000000000005d, R9 =0x000000000000005d, R10=0x00000000ffffffa3, R11=0x0000000000000000
R12=0x0000000000000002, R13=0x00007f4903d834a1, R14=0x00007f490426f2e8, R15=0x00007f4908826cf0
RIP=0x00007f4903d7369b, EFLAGS=0x0000000000010246, CSGSFS=0x002b000000000033, ERR=0x0000000000000004
  TRAPNO=0x000000000000000e

Top of Stack: (sp=0x00007f4924745560)
0x00007f4924745560:   00007f4924745820 0000003000000030
0x00007f4924745570:   00007f4924745a70 00007f4924745990
0x00007f4924745580:   736e6961746e6f63 72616863696e755f
0x00007f4924745590:   63696e752864695f 3a2964695f726168
0x00007f49247455a0:   73413a726f727245 6961662074726573
0x00007f49247455b0:   66206e693a64656c 632f2e2e20656c69
0x00007f49247455c0:   6e752f6c69747563 7465737261686369
0x00007f49247455d0:   656e696c202c682e 0000000a33313520
0x00007f49247455e0:   0000000000000000 0000000000000000
0x00007f49247455f0:   0000000000000000 0000000000000000
0x00007f4924745600:   0000000000000000 0000000000000000
0x00007f4924745610:   00007f49247455a0 0000000000000000
0x00007f4924745620:   0000000000000000 0000000000000000
0x00007f4924745630:   0000000000000100 0000000000000000
0x00007f4924745640:   0000000000000000 ffffffffffffffff
0x00007f4924745650:   0000000000000100 0000000100000000
0x00007f4924745660:   00000000082f7a00 0000000003c9f900
0x00007f4924745670:   00000000414941f1 41b81dae43800000
0x00007f4924745680:   0001000043800000 0000000000000000
0x00007f4924745690:   0000000000000001 56e8e35fd58b8200
0x00007f49247456a0:   00007f4908bde610 0000000000000016
0x00007f49247456b0:   0000000000000000 00007f4908f174a0
0x00007f49247456c0:   00007f49089c86a0 00007f4909602c70
0x00007f49247456d0:   00007f49082f7ac0 00007f4903ca6b16
0x00007f49247456e0:   00007f49081a4670 0000000000000000
0x00007f49247456f0:   00007f4924745a30 00007f49089c86a0
0x00007f4924745700:   0000000000000016 00007f4903ca662d
0x00007f4924745710:   00007f49082f7ae8 00007f4924745910
0x00007f4924745720:   00007f4924745890 00007f4900000001
0x00007f4924745730:   00007f49247457b0 00007f4924745797
0x00007f4924745740:   00007f4908bde610 0000000001745880
0x00007f4924745750:   00007f4924745b40 000000003f800000 

Instructions: (pc=0x00007f4903d7369b)
0x00007f4903d7367b:   be 01 00 00 00 48 8b 38 31 c0 e8 66 4b e2 ff 41
0x00007f4903d7368b:   83 fc ff 7c 18 45 85 e4 7e 2f 41 83 fc 02 7f 0d
0x00007f4903d7369b:   8b 04 25 00 00 00 00 0f 0b 0f 1f 40 00 48 8d 35
0x00007f4903d736ab:   b2 05 03 00 48 8d 3d 22 c0 50 00 31 c9 ba 02 00 

Register to memory mapping:

RAX=0x00000000ffffffff is an unallocated location in the heap
RBX=0x00007f49247455b4 is pointing into the stack for thread: 0x00007f49387cb000
RCX=0x0000000000000000 is an unknown value
RDX=0x00007f493e5588b0: <offset 0x3ed8b0> in /lib/x86_64-linux-gnu/libc.so.6 at 0x00007f493e16b000
RSP=0x00007f4924745560 is pointing into the stack for thread: 0x00007f49387cb000
RBP=0x00007f4924745580 is pointing into the stack for thread: 0x00007f49387cb000
RSI=0x00000000ffffffff is an unallocated location in the heap
RDI=0x00007f4924742d90 is pointing into the stack for thread: 0x00007f49387cb000
R8 =0x000000000000005d is an unknown value
R9 =0x000000000000005d is an unknown value
R10=0x00000000ffffffa3 is an unallocated location in the heap
R11=0x0000000000000000 is an unknown value
R12=0x0000000000000002 is an unknown value
R13=0x00007f4903d834a1: <offset 0x2694a1> in /usr/lib/x86_64-linux-gnu/libtesseract.so.4.0.0 at 0x00007f4903b1a000
R14=0x00007f490426f2e8: <offset 0x7552e8> in /usr/lib/x86_64-linux-gnu/libtesseract.so.4.0.0 at 0x00007f4903b1a000
R15=0x00007f4908826cf0 is an unknown value


Stack: [0x00007f492464a000,0x00007f492474b000],  sp=0x00007f4924745560,  free space=1005k
Native frames: (J=compiled Java code, j=interpreted, Vv=VM code, C=native code)
C  [libtesseract.so.4.0.0+0x25969b]  ERRCODE::error(char const*, TessErrorLogCode, char const*, ...) const+0x16b
C  0x72616863696e755f

Java frames: (J=compiled Java code, j=interpreted, Vv=VM code)
j  com.sun.jna.Native.invokePointer(Lcom/sun/jna/Function;JI[Ljava/lang/Object;)J+0
j  com.sun.jna.Function.invokePointer(I[Ljava/lang/Object;)Lcom/sun/jna/Pointer;+7
j  com.sun.jna.Function.invoke([Ljava/lang/Object;Ljava/lang/Class;ZI)Ljava/lang/Object;+385
j  com.sun.jna.Function.invoke(Ljava/lang/reflect/Method;[Ljava/lang/Class;Ljava/lang/Class;[Ljava/lang/Object;Ljava/util/Map;)Ljava/lang/Object;+271
j  com.sun.jna.Library$Handler.invoke(Ljava/lang/Object;Ljava/lang/reflect/Method;[Ljava/lang/Object;)Ljava/lang/Object;+344
j  com.sun.proxy.$Proxy63.TessBaseAPIGetUTF8Text(Lnet/sourceforge/tess4j/ITessAPI$TessBaseAPI;)Lcom/sun/jna/Pointer;+16
j  net.sourceforge.tess4j.Tesseract.getOCRText(Ljava/lang/String;I)Ljava/lang/String;+62
j  net.sourceforge.tess4j.Tesseract.doOCR(Ljava/util/List;Ljava/lang/String;Ljava/awt/Rectangle;)Ljava/lang/String;+69
j  net.sourceforge.tess4j.Tesseract.doOCR(Ljava/io/File;Ljava/awt/Rectangle;)Ljava/lang/String;+10
j  net.sourceforge.tess4j.Tesseract.doOCR(Ljava/io/File;)Ljava/lang/String;+3
j  com.softfeels.imageprocessor.textextractorfromimage.controller.AuthController.getImgText(Ljava/lang/String;)Ljava/lang/String;+33
j  com.softfeels.imageprocessor.textextractorfromimage.controller.AuthController.uploadFile(Lorg/springframework/web/multipart/MultipartFile;)Lcom/softfeels/imageprocessor/textextractorfromimage/models/UploadFileResponse;+11
v  ~StubRoutines::call_stub
J 2472  sun.reflect.NativeMethodAccessorImpl.invoke0(Ljava/lang/reflect/Method;Ljava/lang/Object;[Ljava/lang/Object;)Ljava/lang/Object; (0 bytes) @ 0x00007f4929234bb7 [0x00007f4929234b40+0x77]
J 2471 C1 sun.reflect.NativeMethodAccessorImpl.invoke(Ljava/lang/Object;[Ljava/lang/Object;)Ljava/lang/Object; (104 bytes) @ 0x00007f49292357eb [0x00007f4929235460+0x38b]
J 1486 C1 sun.reflect.DelegatingMethodAccessorImpl.invoke(Ljava/lang/Object;[Ljava/lang/Object;)Ljava/lang/Object; (10 bytes) @ 0x00007f4928dafbaa [0x00007f4928dafb40+0x6a]
J 2208 C1 java.lang.reflect.Method.invoke(Ljava/lang/Object;[Ljava/lang/Object;)Ljava/lang/Object; (62 bytes) @ 0x00007f4929187a7a [0x00007f49291876a0+0x3da]
j  org.springframework.web.method.support.InvocableHandlerMethod.doInvoke([Ljava/lang/Object;)Ljava/lang/Object;+16
j  org.springframework.web.method.support.InvocableHandlerMethod.invokeForRequest(Lorg/springframework/web/context/request/NativeWebRequest;Lorg/springframework/web/method/support/ModelAndViewContainer;[Ljava/lang/Object;)Ljava/lang/Object;+56
j  org.springframework.web.servlet.mvc.method.annotation.ServletInvocableHandlerMethod.invokeAndHandle(Lorg/springframework/web/context/request/ServletWebRequest;Lorg/springframework/web/method/support/ModelAndViewContainer;[Ljava/lang/Object;)V+4
j  org.springframework.web.servlet.mvc.method.annotation.RequestMappingHandlerAdapter.invokeHandlerMethod(Ljavax/servlet/http/HttpServletRequest;Ljavax/servlet/http/HttpServletResponse;Lorg/springframework/web/method/HandlerMethod;)Lorg/springframework/web/servlet/ModelAndView;+244
j  org.springframework.web.servlet.mvc.method.annotation.RequestMappingHandlerAdapter.handleInternal(Ljavax/servlet/http/HttpServletRequest;Ljavax/servlet/http/HttpServletResponse;Lorg/springframework/web/method/HandlerMethod;)Lorg/springframework/web/servlet/ModelAndView;+81
j  org.springframework.web.servlet.mvc.method.AbstractHandlerMethodAdapter.handle(Ljavax/servlet/http/HttpServletRequest;Ljavax/servlet/http/HttpServletResponse;Ljava/lang/Object;)Lorg/springframework/web/servlet/ModelAndView;+7
j  org.springframework.web.servlet.DispatcherServlet.doDispatch(Ljavax/servlet/http/HttpServletRequest;Ljavax/servlet/http/HttpServletResponse;)V+257
j  org.springframework.web.servlet.DispatcherServlet.doService(Ljavax/servlet/http/HttpServletRequest;Ljavax/servlet/http/HttpServletResponse;)V+212
j  org.springframework.web.servlet.FrameworkServlet.processRequest(Ljavax/servlet/http/HttpServletRequest;Ljavax/servlet/http/HttpServletResponse;)V+71
j  org.springframework.web.servlet.FrameworkServlet.doPost(Ljavax/servlet/http/HttpServletRequest;Ljavax/servlet/http/HttpServletResponse;)V+3
j  javax.servlet.http.HttpServlet.service(Ljavax/servlet/http/HttpServletRequest;Ljavax/servlet/http/HttpServletResponse;)V+149
j  org.springframework.web.servlet.FrameworkServlet.service(Ljavax/servlet/http/HttpServletRequest;Ljavax/servlet/http/HttpServletResponse;)V+33
j  javax.servlet.http.HttpServlet.service(Ljavax/servlet/ServletRequest;Ljavax/servlet/ServletResponse;)V+30
j  org.apache.catalina.core.ApplicationFilterChain.internalDoFilter(Ljavax/servlet/ServletRequest;Ljavax/servlet/ServletResponse;)V+304
j  org.apache.catalina.core.ApplicationFilterChain.doFilter(Ljavax/servlet/ServletRequest;Ljavax/servlet/ServletResponse;)V+101
j  org.apache.tomcat.websocket.server.WsFilter.doFilter(Ljavax/servlet/ServletRequest;Ljavax/servlet/ServletResponse;Ljavax/servlet/FilterChain;)V+21
j  org.apache.catalina.core.ApplicationFilterChain.internalDoFilter(Ljavax/servlet/ServletRequest;Ljavax/servlet/ServletResponse;)V+135
j  org.apache.catalina.core.ApplicationFilterChain.doFilter(Ljavax/servlet/ServletRequest;Ljavax/servlet/ServletResponse;)V+101
j  com.softfeels.imageprocessor.textextractorfromimage.uitl.SimpleCORSFilter.doFilter(Ljavax/servlet/ServletRequest;Ljavax/servlet/ServletResponse;Ljavax/servlet/FilterChain;)V+77
j  org.apache.catalina.core.ApplicationFilterChain.internalDoFilter(Ljavax/servlet/ServletRequest;Ljavax/servlet/ServletResponse;)V+135
j  org.apache.catalina.core.ApplicationFilterChain.doFilter(Ljavax/servlet/ServletRequest;Ljavax/servlet/ServletResponse;)V+101
j  org.springframework.web.filter.RequestContextFilter.doFilterInternal(Ljavax/servlet/http/HttpServletRequest;Ljavax/servlet/http/HttpServletResponse;Ljavax/servlet/FilterChain;)V+21
j  org.springframework.web.filter.OncePerRequestFilter.doFilter(Ljavax/servlet/ServletRequest;Ljavax/servlet/ServletResponse;Ljavax/servlet/FilterChain;)V+111
j  org.apache.catalina.core.ApplicationFilterChain.internalDoFilter(Ljavax/servlet/ServletRequest;Ljavax/servlet/ServletResponse;)V+135
j  org.apache.catalina.core.ApplicationFilterChain.doFilter(Ljavax/servlet/ServletRequest;Ljavax/servlet/ServletResponse;)V+101
j  org.springframework.web.filter.FormContentFilter.doFilterInternal(Ljavax/servlet/http/HttpServletRequest;Ljavax/servlet/http/HttpServletResponse;Ljavax/servlet/FilterChain;)V+38
j  org.springframework.web.filter.OncePerRequestFilter.doFilter(Ljavax/servlet/ServletRequest;Ljavax/servlet/ServletResponse;Ljavax/servlet/FilterChain;)V+111
j  org.apache.catalina.core.ApplicationFilterChain.internalDoFilter(Ljavax/servlet/ServletRequest;Ljavax/servlet/ServletResponse;)V+135
j  org.apache.catalina.core.ApplicationFilterChain.doFilter(Ljavax/servlet/ServletRequest;Ljavax/servlet/ServletResponse;)V+101
j  org.springframework.web.filter.HiddenHttpMethodFilter.doFilterInternal(Ljavax/servlet/http/HttpServletRequest;Ljavax/servlet/http/HttpServletResponse;Ljavax/servlet/FilterChain;)V+87
j  org.springframework.web.filter.OncePerRequestFilter.doFilter(Ljavax/servlet/ServletRequest;Ljavax/servlet/ServletResponse;Ljavax/servlet/FilterChain;)V+111
j  org.apache.catalina.core.ApplicationFilterChain.internalDoFilter(Ljavax/servlet/ServletRequest;Ljavax/servlet/ServletResponse;)V+135
j  org.apache.catalina.core.ApplicationFilterChain.doFilter(Ljavax/servlet/ServletRequest;Ljavax/servlet/ServletResponse;)V+101
j  org.springframework.web.filter.CharacterEncodingFilter.doFilterInternal(Ljavax/servlet/http/HttpServletRequest;Ljavax/servlet/http/HttpServletResponse;Ljavax/servlet/FilterChain;)V+53
j  org.springframework.web.filter.OncePerRequestFilter.doFilter(Ljavax/servlet/ServletRequest;Ljavax/servlet/ServletResponse;Ljavax/servlet/FilterChain;)V+111
j  org.apache.catalina.core.ApplicationFilterChain.internalDoFilter(Ljavax/servlet/ServletRequest;Ljavax/servlet/ServletResponse;)V+135
j  org.apache.catalina.core.ApplicationFilterChain.doFilter(Ljavax/servlet/ServletRequest;Ljavax/servlet/ServletResponse;)V+101
j  org.apache.catalina.core.StandardWrapperValve.invoke(Lorg/apache/catalina/connector/Request;Lorg/apache/catalina/connector/Response;)V+688
j  org.apache.catalina.core.StandardContextValve.invoke(Lorg/apache/catalina/connector/Request;Lorg/apache/catalina/connector/Response;)V+166
j  org.apache.catalina.authenticator.AuthenticatorBase.invoke(Lorg/apache/catalina/connector/Request;Lorg/apache/catalina/connector/Response;)V+260
j  org.apache.catalina.core.StandardHostValve.invoke(Lorg/apache/catalina/connector/Request;Lorg/apache/catalina/connector/Response;)V+114
j  org.apache.catalina.valves.ErrorReportValve.invoke(Lorg/apache/catalina/connector/Request;Lorg/apache/catalina/connector/Response;)V+6
j  org.apache.catalina.core.StandardEngineValve.invoke(Lorg/apache/catalina/connector/Request;Lorg/apache/catalina/connector/Response;)V+45
j  org.apache.catalina.connector.CoyoteAdapter.service(Lorg/apache/coyote/Request;Lorg/apache/coyote/Response;)V+199
j  org.apache.coyote.http11.Http11Processor.service(Lorg/apache/tomcat/util/net/SocketWrapperBase;)Lorg/apache/tomcat/util/net/AbstractEndpoint$Handler$SocketState;+791
j  org.apache.coyote.AbstractProcessorLight.process(Lorg/apache/tomcat/util/net/SocketWrapperBase;Lorg/apache/tomcat/util/net/SocketEvent;)Lorg/apache/tomcat/util/net/AbstractEndpoint$Handler$SocketState;+113
j  org.apache.coyote.AbstractProtocol$ConnectionHandler.process(Lorg/apache/tomcat/util/net/SocketWrapperBase;Lorg/apache/tomcat/util/net/SocketEvent;)Lorg/apache/tomcat/util/net/AbstractEndpoint$Handler$SocketState;+414
j  org.apache.tomcat.util.net.NioEndpoint$SocketProcessor.doRun()V+191
j  org.apache.tomcat.util.net.SocketProcessorBase.run()V+21
j  java.util.concurrent.ThreadPoolExecutor.runWorker(Ljava/util/concurrent/ThreadPoolExecutor$Worker;)V+95
j  java.util.concurrent.ThreadPoolExecutor$Worker.run()V+5
j  org.apache.tomcat.util.threads.TaskThread$WrappingRunnable.run()V+4
j  java.lang.Thread.run()V+11
v  ~StubRoutines::call_stub

---------------  P R O C E S S  ---------------

Java Threads: ( => current thread )
  0x00007f4918048800 JavaThread "Java2D Disposer" daemon [_thread_blocked, id=8843, stack(0x00007f49044e9000,0x00007f49045ea000)]
  0x00007f493800b000 JavaThread "DestroyJavaVM" [_thread_blocked, id=8803, stack(0x00007f493ecb2000,0x00007f493edb2000)]
  0x00007f49387dc800 JavaThread "http-nio-8080-AsyncTimeout" daemon [_thread_blocked, id=8829, stack(0x00007f4904efe000,0x00007f4904fff000)]
  0x00007f49387db800 JavaThread "http-nio-8080-Acceptor-0" daemon [_thread_in_native, id=8828, stack(0x00007f4924044000,0x00007f4924145000)]
  0x00007f49387d5000 JavaThread "http-nio-8080-ClientPoller-0" daemon [_thread_in_native, id=8827, stack(0x00007f4924145000,0x00007f4924246000)]
  0x00007f49387d3000 JavaThread "http-nio-8080-exec-10" daemon [_thread_blocked, id=8826, stack(0x00007f4924246000,0x00007f4924347000)]
  0x00007f49387d1000 JavaThread "http-nio-8080-exec-9" daemon [_thread_blocked, id=8825, stack(0x00007f4924347000,0x00007f4924448000)]
  0x00007f49387cf000 JavaThread "http-nio-8080-exec-8" daemon [_thread_blocked, id=8824, stack(0x00007f4924448000,0x00007f4924549000)]
  0x00007f49387cd000 JavaThread "http-nio-8080-exec-7" daemon [_thread_blocked, id=8823, stack(0x00007f4924549000,0x00007f492464a000)]
=>0x00007f49387cb000 JavaThread "http-nio-8080-exec-6" daemon [_thread_in_native, id=8822, stack(0x00007f492464a000,0x00007f492474b000)]
  0x00007f49387c9000 JavaThread "http-nio-8080-exec-5" daemon [_thread_blocked, id=8821, stack(0x00007f492474b000,0x00007f492484c000)]
  0x00007f49387c7000 JavaThread "http-nio-8080-exec-4" daemon [_thread_blocked, id=8820, stack(0x00007f492484c000,0x00007f492494d000)]
  0x00007f4938800000 JavaThread "http-nio-8080-exec-3" daemon [_thread_blocked, id=8819, stack(0x00007f492494d000,0x00007f4924a4e000)]
  0x00007f49387fe800 JavaThread "http-nio-8080-exec-2" daemon [_thread_blocked, id=8818, stack(0x00007f4924a4e000,0x00007f4924b4f000)]
  0x00007f49387fd000 JavaThread "http-nio-8080-exec-1" daemon [_thread_blocked, id=8817, stack(0x00007f4924b4f000,0x00007f4924c50000)]
  0x00007f4938780800 JavaThread "NioBlockingSelector.BlockPoller-1" daemon [_thread_in_native, id=8816, stack(0x00007f4925b48000,0x00007f4925c49000)]
  0x00007f4938792000 JavaThread "container-0" [_thread_blocked, id=8815, stack(0x00007f4925c49000,0x00007f4925d4a000)]
  0x00007f4938787000 JavaThread "ContainerBackgroundProcessor[StandardEngine[Tomcat]]" daemon [_thread_blocked, id=8814, stack(0x00007f4927021000,0x00007f4927122000)]
  0x00007f49380df000 JavaThread "Service Thread" daemon [_thread_blocked, id=8810, stack(0x00007f4927423000,0x00007f4927524000)]
  0x00007f49380dc000 JavaThread "C1 CompilerThread1" daemon [_thread_blocked, id=8809, stack(0x00007f4927525000,0x00007f4927625000)]
  0x00007f49380d9800 JavaThread "C2 CompilerThread0" daemon [_thread_blocked, id=8808, stack(0x00007f4927626000,0x00007f4927726000)]
  0x00007f49380d8000 JavaThread "Signal Dispatcher" daemon [_thread_blocked, id=8807, stack(0x00007f4927726000,0x00007f4927827000)]
  0x00007f49380a3000 JavaThread "Finalizer" daemon [_thread_blocked, id=8806, stack(0x00007f4927b35000,0x00007f4927c36000)]
  0x00007f49380a0800 JavaThread "Reference Handler" daemon [_thread_blocked, id=8805, stack(0x00007f4927c36000,0x00007f4927d37000)]

Other Threads:
  0x00007f4938096800 VMThread [stack: 0x00007f4927d38000,0x00007f4927e38000] [id=8804]
  0x00007f49380e4000 WatcherThread [stack: 0x00007f4927323000,0x00007f4927423000] [id=8811]

VM state:not at safepoint (normal execution)

VM Mutex/Monitor currently owned by a thread: None

Heap:
 def new generation   total 12096K, used 2963K [0x00000000f0a00000, 0x00000000f1720000, 0x00000000f5c00000)
  eden space 10752K,  27% used [0x00000000f0a00000, 0x00000000f0ce4f18, 0x00000000f1480000)
  from space 1344K,   0% used [0x00000000f1480000, 0x00000000f1480000, 0x00000000f15d0000)
  to   space 1344K,   0% used [0x00000000f15d0000, 0x00000000f15d0000, 0x00000000f1720000)
 tenured generation   total 26808K, used 16084K [0x00000000f5c00000, 0x00000000f762e000, 0x0000000100000000)
   the space 26808K,  59% used [0x00000000f5c00000, 0x00000000f6bb5250, 0x00000000f6bb5400, 0x00000000f762e000)
 Metaspace       used 39005K, capacity 40664K, committed 40960K, reserved 1085440K
  class space    used 5021K, capacity 5341K, committed 5376K, reserved 1048576K

Card table byte_map: [0x00007f493ec2d000,0x00007f493eca9000] byte_map_base: 0x00007f493e4a8000

Polling page: 0x00007f493edbb000

CodeCache: size=245760Kb used=9508Kb max_used=9514Kb free=236251Kb
 bounds [0x00007f4928bd2000, 0x00007f4929532000, 0x00007f4937bd2000]
 total_blobs=3770 nmethods=3293 adapters=389
 compilation: enabled

Compilation events (10 events):
Event: 937.995 Thread 0x00007f49380dc000 3827       1       sun.util.locale.BaseLocale::getVariant (5 bytes)
Event: 937.995 Thread 0x00007f49380dc000 nmethod 3827 0x00007f4929525390 code [0x00007f49295254e0, 0x00007f49295255f0]
Event: 937.999 Thread 0x00007f49380d9800 3830       4       javax.imageio.ImageReader::processImageUpdate (73 bytes)
Event: 938.000 Thread 0x00007f49380d9800 nmethod 3830 0x00007f4928e527d0 code [0x00007f4928e52920, 0x00007f4928e529b8]
Event: 938.158 Thread 0x00007f49380d9800 3831       4       sun.awt.image.ByteInterleavedRaster::setDataElements (18 bytes)
Event: 938.159 Thread 0x00007f49380d9800 nmethod 3831 0x00007f4929526a90 code [0x00007f4929526be0, 0x00007f4929526cc8]
Event: 938.162 Thread 0x00007f49380dc000 3832       3       com.github.jaiimageio.plugins.tiff.TIFFTagSet::getTag (21 bytes)
Event: 938.163 Thread 0x00007f49380dc000 nmethod 3832 0x00007f49295262d0 code [0x00007f4929526460, 0x00007f49295268c0]
Event: 938.163 Thread 0x00007f49380dc000 3833       3       com.github.jaiimageio.plugins.tiff.TIFFDirectory::addTIFFField (79 bytes)
Event: 938.163 Thread 0x00007f49380dc000 nmethod 3833 0x00007f4929525650 code [0x00007f4929525820, 0x00007f4929525f10]

GC Heap History (10 events):
Event: 68.730 GC heap before
{Heap before GC invocations=128 (full 2):
 def new generation   total 10240K, used 9657K [0x00000000f0a00000, 0x00000000f1510000, 0x00000000f5c00000)
  eden space 9152K, 100% used [0x00000000f0a00000, 0x00000000f12f0000, 0x00000000f12f0000)
  from space 1088K,  46% used [0x00000000f1400000, 0x00000000f147e530, 0x00000000f1510000)
  to   space 1088K,   0% used [0x00000000f12f0000, 0x00000000f12f0000, 0x00000000f1400000)
 tenured generation   total 22616K, used 18737K [0x00000000f5c00000, 0x00000000f7216000, 0x0000000100000000)
   the space 22616K,  82% used [0x00000000f5c00000, 0x00000000f6e4c640, 0x00000000f6e4c800, 0x00000000f7216000)
 Metaspace       used 38919K, capacity 40648K, committed 40960K, reserved 1085440K
  class space    used 5039K, capacity 5375K, committed 5376K, reserved 1048576K
Event: 68.735 GC heap after
Heap after GC invocations=129 (full 2):
 def new generation   total 10240K, used 643K [0x00000000f0a00000, 0x00000000f1510000, 0x00000000f5c00000)
  eden space 9152K,   0% used [0x00000000f0a00000, 0x00000000f0a00000, 0x00000000f12f0000)
  from space 1088K,  59% used [0x00000000f12f0000, 0x00000000f1390c90, 0x00000000f1400000)
  to   space 1088K,   0% used [0x00000000f1400000, 0x00000000f1400000, 0x00000000f1510000)
 tenured generation   total 22616K, used 19618K [0x00000000f5c00000, 0x00000000f7216000, 0x0000000100000000)
   the space 22616K,  86% used [0x00000000f5c00000, 0x00000000f6f28be0, 0x00000000f6f28c00, 0x00000000f7216000)
 Metaspace       used 38919K, capacity 40648K, committed 40960K, reserved 1085440K
  class space    used 5039K, capacity 5375K, committed 5376K, reserved 1048576K
}
Event: 171.067 GC heap before
{Heap before GC invocations=129 (full 2):
 def new generation   total 10240K, used 9795K [0x00000000f0a00000, 0x00000000f1510000, 0x00000000f5c00000)
  eden space 9152K, 100% used [0x00000000f0a00000, 0x00000000f12f0000, 0x00000000f12f0000)
  from space 1088K,  59% used [0x00000000f12f0000, 0x00000000f1390c90, 0x00000000f1400000)
  to   space 1088K,   0% used [0x00000000f1400000, 0x00000000f1400000, 0x00000000f1510000)
 tenured generation   total 22616K, used 19618K [0x00000000f5c00000, 0x00000000f7216000, 0x0000000100000000)
   the space 22616K,  86% used [0x00000000f5c00000, 0x00000000f6f28be0, 0x00000000f6f28c00, 0x00000000f7216000)
 Metaspace       used 38948K, capacity 40648K, committed 40960K, reserved 1085440K
  class space    used 5039K, capacity 5375K, committed 5376K, reserved 1048576K
Event: 171.071 GC heap after
Heap after GC invocations=130 (full 2):
 def new generation   total 10240K, used 501K [0x00000000f0a00000, 0x00000000f1510000, 0x00000000f5c00000)
  eden space 9152K,   0% used [0x00000000f0a00000, 0x00000000f0a00000, 0x00000000f12f0000)
  from space 1088K,  46% used [0x00000000f1400000, 0x00000000f147d660, 0x00000000f1510000)
  to   space 1088K,   0% used [0x00000000f12f0000, 0x00000000f12f0000, 0x00000000f1400000)
 tenured generation   total 22616K, used 20643K [0x00000000f5c00000, 0x00000000f7216000, 0x0000000100000000)
   the space 22616K,  91% used [0x00000000f5c00000, 0x00000000f7028d98, 0x00000000f7028e00, 0x00000000f7216000)
 Metaspace       used 38948K, capacity 40648K, committed 40960K, reserved 1085440K
  class space    used 5039K, capacity 5375K, committed 5376K, reserved 1048576K
}
Event: 256.441 GC heap before
{Heap before GC invocations=130 (full 2):
 def new generation   total 10240K, used 8928K [0x00000000f0a00000, 0x00000000f1510000, 0x00000000f5c00000)
  eden space 9152K,  92% used [0x00000000f0a00000, 0x00000000f123ad38, 0x00000000f12f0000)
  from space 1088K,  46% used [0x00000000f1400000, 0x00000000f147d660, 0x00000000f1510000)
  to   space 1088K,   0% used [0x00000000f12f0000, 0x00000000f12f0000, 0x00000000f1400000)
 tenured generation   total 22616K, used 20643K [0x00000000f5c00000, 0x00000000f7216000, 0x0000000100000000)
   the space 22616K,  91% used [0x00000000f5c00000, 0x00000000f7028d98, 0x00000000f7028e00, 0x00000000f7216000)
 Metaspace       used 39005K, capacity 40712K, committed 40960K, reserved 1085440K
  class space    used 5039K, capacity 5375K, committed 5376K, reserved 1048576K
Event: 256.445 GC heap after
Heap after GC invocations=131 (full 2):
 def new generation   total 10240K, used 511K [0x00000000f0a00000, 0x00000000f1510000, 0x00000000f5c00000)
  eden space 9152K,   0% used [0x00000000f0a00000, 0x00000000f0a00000, 0x00000000f12f0000)
  from space 1088K,  47% used [0x00000000f12f0000, 0x00000000f136fe18, 0x00000000f1400000)
  to   space 1088K,   0% used [0x00000000f1400000, 0x00000000f1400000, 0x00000000f1510000)
 tenured generation   total 22616K, used 21522K [0x00000000f5c00000, 0x00000000f7216000, 0x0000000100000000)
   the space 22616K,  95% used [0x00000000f5c00000, 0x00000000f7104a88, 0x00000000f7104c00, 0x00000000f7216000)
 Metaspace       used 39005K, capacity 40712K, committed 40960K, reserved 1085440K
  class space    used 5039K, capacity 5375K, committed 5376K, reserved 1048576K
}
Event: 770.019 GC heap before
{Heap before GC invocations=131 (full 2):
 def new generation   total 10240K, used 9663K [0x00000000f0a00000, 0x00000000f1510000, 0x00000000f5c00000)
  eden space 9152K, 100% used [0x00000000f0a00000, 0x00000000f12f0000, 0x00000000f12f0000)
  from space 1088K,  47% used [0x00000000f12f0000, 0x00000000f136fe18, 0x00000000f1400000)
  to   space 1088K,   0% used [0x00000000f1400000, 0x00000000f1400000, 0x00000000f1510000)
 tenured generation   total 22616K, used 21522K [0x00000000f5c00000, 0x00000000f7216000, 0x0000000100000000)
   the space 22616K,  95% used [0x00000000f5c00000, 0x00000000f7104a88, 0x00000000f7104c00, 0x00000000f7216000)
 Metaspace       used 39057K, capacity 40776K, committed 40960K, reserved 1085440K
  class space    used 5039K, capacity 5375K, committed 5376K, reserved 1048576K
Event: 770.023 GC heap after
Heap after GC invocations=132 (full 2):
 def new generation   total 10240K, used 532K [0x00000000f0a00000, 0x00000000f1510000, 0x00000000f5c00000)
  eden space 9152K,   0% used [0x00000000f0a00000, 0x00000000f0a00000, 0x00000000f12f0000)
  from space 1088K,  48% used [0x00000000f1400000, 0x00000000f1485088, 0x00000000f1510000)
  to   space 1088K,   0% used [0x00000000f12f0000, 0x00000000f12f0000, 0x00000000f1400000)
 tenured generation   total 22616K, used 22542K [0x00000000f5c00000, 0x00000000f7216000, 0x0000000100000000)
   the space 22616K,  99% used [0x00000000f5c00000, 0x00000000f7203be8, 0x00000000f7203c00, 0x00000000f7216000)
 Metaspace       used 39057K, capacity 40776K, committed 40960K, reserved 1085440K
  class space    used 5039K, capacity 5375K, committed 5376K, reserved 1048576K
}
Event: 938.163 GC heap before
{Heap before GC invocations=132 (full 2):
 def new generation   total 10240K, used 9634K [0x00000000f0a00000, 0x00000000f1510000, 0x00000000f5c00000)
  eden space 9152K,  99% used [0x00000000f0a00000, 0x00000000f12e3890, 0x00000000f12f0000)
  from space 1088K,  48% used [0x00000000f1400000, 0x00000000f1485088, 0x00000000f1510000)
  to   space 1088K,   0% used [0x00000000f12f0000, 0x00000000f12f0000, 0x00000000f1400000)
 tenured generation   total 22616K, used 22542K [0x00000000f5c00000, 0x00000000f7216000, 0x0000000100000000)
   the space 22616K,  99% used [0x00000000f5c00000, 0x00000000f7203be8, 0x00000000f7203c00, 0x00000000f7216000)
 Metaspace       used 39115K, capacity 40840K, committed 40960K, reserved 1085440K
  class space    used 5039K, capacity 5375K, committed 5376K, reserved 1048576K
Event: 938.217 GC heap after
Heap after GC invocations=133 (full 3):
 def new generation   total 12096K, used 0K [0x00000000f0a00000, 0x00000000f1720000, 0x00000000f5c00000)
  eden space 10752K,   0% used [0x00000000f0a00000, 0x00000000f0a00000, 0x00000000f1480000)
  from space 1344K,   0% used [0x00000000f1480000, 0x00000000f1480000, 0x00000000f15d0000)
  to   space 1344K,   0% used [0x00000000f15d0000, 0x00000000f15d0000, 0x00000000f1720000)
 tenured generation   total 26808K, used 16084K [0x00000000f5c00000, 0x00000000f762e000, 0x0000000100000000)
   the space 26808K,  59% used [0x00000000f5c00000, 0x00000000f6bb5250, 0x00000000f6bb5400, 0x00000000f762e000)
 Metaspace       used 39005K, capacity 40664K, committed 40960K, reserved 1085440K
  class space    used 5021K, capacity 5341K, committed 5376K, reserved 1048576K
}

Deoptimization events (10 events):
Event: 46.281 Thread 0x00007f49387fd000 Uncommon trap: reason=bimorphic action=maybe_recompile pc=0x00007f49293fd410 method=java.util.Collections$SynchronizedMap.get(Ljava/lang/Object;)Ljava/lang/Object; @ 12
Event: 47.832 Thread 0x00007f49387fd000 Uncommon trap: reason=unstable_if action=reinterpret pc=0x00007f4928e5ac1c method=sun.nio.cs.UTF_8$Decoder.decode([BII[C)I @ 30
Event: 47.847 Thread 0x00007f49387fd000 Uncommon trap: reason=bimorphic action=maybe_recompile pc=0x00007f492938cfc4 method=java.util.AbstractList$Itr.next()Ljava/lang/Object; @ 14
Event: 47.868 Thread 0x00007f49380a0800 Uncommon trap: reason=unstable_if action=reinterpret pc=0x00007f4928d084a8 method=java.lang.ref.Reference.tryHandlePending(Z)Z @ 20
Event: 63.580 Thread 0x00007f4938800000 Uncommon trap: reason=class_check action=maybe_recompile pc=0x00007f4928d515e8 method=java.lang.String.equals(Ljava/lang/Object;)Z @ 8
Event: 63.877 Thread 0x00007f4938800000 Uncommon trap: reason=bimorphic action=maybe_recompile pc=0x00007f492938cfc4 method=java.util.AbstractList$Itr.next()Ljava/lang/Object; @ 14
Event: 68.543 Thread 0x00007f49387c7000 Uncommon trap: reason=class_check action=maybe_recompile pc=0x00007f4928d515e8 method=java.lang.String.equals(Ljava/lang/Object;)Z @ 8
Event: 69.993 Thread 0x00007f49387c7000 Uncommon trap: reason=bimorphic action=maybe_recompile pc=0x00007f492938cfc4 method=java.util.AbstractList$Itr.next()Ljava/lang/Object; @ 14
Event: 170.848 Thread 0x00007f49387cb000 Uncommon trap: reason=class_check action=maybe_recompile pc=0x00007f4928d515e8 method=java.lang.String.equals(Ljava/lang/Object;)Z @ 8
Event: 172.303 Thread 0x00007f49387cb000 Uncommon trap: reason=bimorphic action=maybe_recompile pc=0x00007f492938cfc4 method=java.util.AbstractList$Itr.next()Ljava/lang/Object; @ 14

Classes redefined (0 events):
No events

Internal exceptions (10 events):
Event: 770.821 Thread 0x00007f4938800000 Exception <a 'java/io/IOException'> (0x00000000f0e9aaf8) thrown at [/HUDSON/workspace/8-2-build-linux-amd64/jdk8u181/11358/hotspot/src/share/vm/prims/jni.cpp, line 709]
Event: 770.821 Thread 0x00007f4938800000 Exception <a 'java/io/IOException'> (0x00000000f0e9b178) thrown at [/HUDSON/workspace/8-2-build-linux-amd64/jdk8u181/11358/hotspot/src/share/vm/prims/jni.cpp, line 709]
Event: 770.821 Thread 0x00007f4938800000 Exception <a 'java/io/IOException'> (0x00000000f0e9b7c8) thrown at [/HUDSON/workspace/8-2-build-linux-amd64/jdk8u181/11358/hotspot/src/share/vm/prims/jni.cpp, line 709]
Event: 770.821 Thread 0x00007f4938800000 Exception <a 'java/io/IOException'> (0x00000000f0e9bc60) thrown at [/HUDSON/workspace/8-2-build-linux-amd64/jdk8u181/11358/hotspot/src/share/vm/prims/jni.cpp, line 709]
Event: 770.821 Thread 0x00007f4938800000 Exception <a 'java/io/IOException'> (0x00000000f0e9c2e0) thrown at [/HUDSON/workspace/8-2-build-linux-amd64/jdk8u181/11358/hotspot/src/share/vm/prims/jni.cpp, line 709]
Event: 770.821 Thread 0x00007f4938800000 Exception <a 'java/io/IOException'> (0x00000000f0e9c930) thrown at [/HUDSON/workspace/8-2-build-linux-amd64/jdk8u181/11358/hotspot/src/share/vm/prims/jni.cpp, line 709]
Event: 770.821 Thread 0x00007f4938800000 Exception <a 'java/io/IOException'> (0x00000000f0e9cdc8) thrown at [/HUDSON/workspace/8-2-build-linux-amd64/jdk8u181/11358/hotspot/src/share/vm/prims/jni.cpp, line 709]
Event: 770.821 Thread 0x00007f4938800000 Exception <a 'java/io/IOException'> (0x00000000f0e9d448) thrown at [/HUDSON/workspace/8-2-build-linux-amd64/jdk8u181/11358/hotspot/src/share/vm/prims/jni.cpp, line 709]
Event: 770.821 Thread 0x00007f4938800000 Exception <a 'java/io/IOException'> (0x00000000f0e9da98) thrown at [/HUDSON/workspace/8-2-build-linux-amd64/jdk8u181/11358/hotspot/src/share/vm/prims/jni.cpp, line 709]
Event: 937.990 Thread 0x00007f49387cb000 Exception <a 'sun/nio/fs/UnixException'> (0x00000000f0ef8218) thrown at [/HUDSON/workspace/8-2-build-linux-amd64/jdk8u181/11358/hotspot/src/share/vm/prims/jni.cpp, line 709]

Events (10 events):
Event: 936.793 Executing VM operation: RevokeBias
Event: 936.793 Executing VM operation: RevokeBias done
Event: 936.793 Executing VM operation: RevokeBias
Event: 936.793 Executing VM operation: RevokeBias done
Event: 937.177 Executing VM operation: RevokeBias
Event: 937.177 Executing VM operation: RevokeBias done
Event: 938.163 Executing VM operation: GenCollectForAllocation
Event: 938.217 Executing VM operation: GenCollectForAllocation done
Event: 938.221 Executing VM operation: BulkRevokeBias
Event: 938.221 Executing VM operation: BulkRevokeBias done


Dynamic libraries:
00400000-00401000 r-xp 00000000 ca:01 256396                             /usr/lib/jdk1.8.0_181/bin/java
00600000-00601000 rw-p 00000000 ca:01 256396                             /usr/lib/jdk1.8.0_181/bin/java
00c79000-0481e000 rw-p 00000000 00:00 0                                  [heap]
f0a00000-f1720000 rw-p 00000000 00:00 0 
f1720000-f5c00000 ---p 00000000 00:00 0 
f5c00000-f762e000 rw-p 00000000 00:00 0 
f762e000-100000000 ---p 00000000 00:00 0 
100000000-100540000 rw-p 00000000 00:00 0 
100540000-140000000 ---p 00000000 00:00 0 
7f48f4000000-7f48f43a7000 rw-p 00000000 00:00 0 
7f48f43a7000-7f48f8000000 ---p 00000000 00:00 0 
7f48fa0af000-7f48fa0b0000 ---p 00000000 00:00 0 
7f48fa0b0000-7f48fa8b0000 rw-p 00000000 00:00 0 
7f48fa8b0000-7f48fa8b1000 ---p 00000000 00:00 0 
7f48fa8b1000-7f48fb0b1000 rw-p 00000000 00:00 0 
7f48fb0b1000-7f48fb0b2000 ---p 00000000 00:00 0 
7f48fb0b2000-7f48fb8b2000 rw-p 00000000 00:00 0 
7f48fb8b2000-7f48fb8b3000 ---p 00000000 00:00 0 
7f48fb8b3000-7f48fc0b3000 rw-p 00000000 00:00 0 
7f48fc0b3000-7f48fc0b4000 ---p 00000000 00:00 0 
7f48fc0b4000-7f48fc8b4000 rw-p 00000000 00:00 0 
7f48fc8b4000-7f48fc8b5000 ---p 00000000 00:00 0 
7f48fc8b5000-7f48fd0b5000 rw-p 00000000 00:00 0 
7f48fd0b5000-7f48fd0b6000 ---p 00000000 00:00 0 
7f48fd0b6000-7f48fd8b6000 rw-p 00000000 00:00 0 
7f48fd8b6000-7f48fd8b7000 ---p 00000000 00:00 0 
7f48fd8b7000-7f48fe0b7000 rw-p 00000000 00:00 0 
7f48fe0b7000-7f48fe0b8000 ---p 00000000 00:00 0 
7f48fe0b8000-7f48fe8b8000 rw-p 00000000 00:00 0 
7f48fe8b8000-7f48fe8b9000 ---p 00000000 00:00 0 
7f48fe8b9000-7f48ff0b9000 rw-p 00000000 00:00 0 
7f48ff0b9000-7f48ff0ba000 ---p 00000000 00:00 0 
7f48ff0ba000-7f48ff8ba000 rw-p 00000000 00:00 0 
7f48ff8ba000-7f48ff8bb000 ---p 00000000 00:00 0 
7f48ff8bb000-7f490017b000 rw-p 00000000 00:00 0 
7f490017b000-7f49002bb000 ---p 00000000 00:00 0 
7f49002bb000-7f49002bc000 ---p 00000000 00:00 0 
7f49002bc000-7f4900abc000 rw-p 00000000 00:00 0 
7f4900abc000-7f4900abd000 ---p 00000000 00:00 0 
7f4900abd000-7f49012bd000 rw-p 00000000 00:00 0 
7f49012bd000-7f49012be000 ---p 00000000 00:00 0 
7f49012be000-7f4901abe000 rw-p 00000000 00:00 0 
7f4901abe000-7f4901ac9000 r-xp 00000000 ca:01 55284                      /usr/lib/x86_64-linux-gnu/libjbig.so.0
7f4901ac9000-7f4901cc8000 ---p 0000b000 ca:01 55284                      /usr/lib/x86_64-linux-gnu/libjbig.so.0
7f4901cc8000-7f4901cc9000 r--p 0000a000 ca:01 55284                      /usr/lib/x86_64-linux-gnu/libjbig.so.0
7f4901cc9000-7f4901ccc000 rw-p 0000b000 ca:01 55284                      /usr/lib/x86_64-linux-gnu/libjbig.so.0
7f4901ccc000-7f4901cf0000 r-xp 00000000 ca:01 2094                       /lib/x86_64-linux-gnu/liblzma.so.5.2.2
7f4901cf0000-7f4901ef0000 ---p 00024000 ca:01 2094                       /lib/x86_64-linux-gnu/liblzma.so.5.2.2
7f4901ef0000-7f4901ef1000 r--p 00024000 ca:01 2094                       /lib/x86_64-linux-gnu/liblzma.so.5.2.2
7f4901ef1000-7f4901ef2000 rw-p 00025000 ca:01 2094                       /lib/x86_64-linux-gnu/liblzma.so.5.2.2
7f4901ef2000-7f4901f46000 r-xp 00000000 ca:01 55278                      /usr/lib/x86_64-linux-gnu/libopenjp2.so.2.3.0
7f4901f46000-7f4902146000 ---p 00054000 ca:01 55278                      /usr/lib/x86_64-linux-gnu/libopenjp2.so.2.3.0
7f4902146000-7f4902147000 r--p 00054000 ca:01 55278                      /usr/lib/x86_64-linux-gnu/libopenjp2.so.2.3.0
7f4902147000-7f4902148000 rw-p 00055000 ca:01 55278                      /usr/lib/x86_64-linux-gnu/libopenjp2.so.2.3.0
7f4902148000-7f49021ae000 r-xp 00000000 ca:01 55296                      /usr/lib/x86_64-linux-gnu/libwebp.so.6.0.2
7f49021ae000-7f49023ad000 ---p 00066000 ca:01 55296                      /usr/lib/x86_64-linux-gnu/libwebp.so.6.0.2
7f49023ad000-7f49023ae000 r--p 00065000 ca:01 55296                      /usr/lib/x86_64-linux-gnu/libwebp.so.6.0.2
7f49023ae000-7f49023af000 rw-p 00066000 ca:01 55296                      /usr/lib/x86_64-linux-gnu/libwebp.so.6.0.2
7f49023af000-7f49023b1000 rw-p 00000000 00:00 0 
7f49023b1000-7f4902424000 r-xp 00000000 ca:01 55289                      /usr/lib/x86_64-linux-gnu/libtiff.so.5.3.0
7f4902424000-7f4902623000 ---p 00073000 ca:01 55289                      /usr/lib/x86_64-linux-gnu/libtiff.so.5.3.0
7f4902623000-7f4902627000 r--p 00072000 ca:01 55289                      /usr/lib/x86_64-linux-gnu/libtiff.so.5.3.0
7f4902627000-7f4902628000 rw-p 00076000 ca:01 55289                      /usr/lib/x86_64-linux-gnu/libtiff.so.5.3.0
7f4902628000-7f4902630000 r-xp 00000000 ca:01 55248                      /usr/lib/x86_64-linux-gnu/libgif.so.7.0.0
7f4902630000-7f490282f000 ---p 00008000 ca:01 55248                      /usr/lib/x86_64-linux-gnu/libgif.so.7.0.0
7f490282f000-7f4902830000 r--p 00007000 ca:01 55248                      /usr/lib/x86_64-linux-gnu/libgif.so.7.0.0
7f4902830000-7f4902831000 rw-p 00008000 ca:01 55248                      /usr/lib/x86_64-linux-gnu/libgif.so.7.0.0
7f4902831000-7f4902898000 r-xp 00000000 ca:01 55216                      /usr/lib/x86_64-linux-gnu/libjpeg.so.8.1.2
7f4902898000-7f4902a97000 ---p 00067000 ca:01 55216                      /usr/lib/x86_64-linux-gnu/libjpeg.so.8.1.2
7f4902a97000-7f4902a98000 r--p 00066000 ca:01 55216                      /usr/lib/x86_64-linux-gnu/libjpeg.so.8.1.2
7f4902a98000-7f4902a99000 rw-p 00067000 ca:01 55216                      /usr/lib/x86_64-linux-gnu/libjpeg.so.8.1.2
7f4902a99000-7f4902aca000 r-xp 00000000 ca:01 6477                       /usr/lib/x86_64-linux-gnu/libpng16.so.16.34.0
7f4902aca000-7f4902cc9000 ---p 00031000 ca:01 6477                       /usr/lib/x86_64-linux-gnu/libpng16.so.16.34.0
7f4902cc9000-7f4902cca000 r--p 00030000 ca:01 6477                       /usr/lib/x86_64-linux-gnu/libpng16.so.16.34.0
7f4902cca000-7f4902ccb000 rw-p 00031000 ca:01 6477                       /usr/lib/x86_64-linux-gnu/libpng16.so.16.34.0
7f4902ccb000-7f4902ce7000 r-xp 00000000 ca:01 2185                       /lib/x86_64-linux-gnu/libz.so.1.2.11
7f4902ce7000-7f4902ee6000 ---p 0001c000 ca:01 2185                       /lib/x86_64-linux-gnu/libz.so.1.2.11
7f4902ee6000-7f4902ee7000 r--p 0001b000 ca:01 2185                       /lib/x86_64-linux-gnu/libz.so.1.2.11
7f4902ee7000-7f4902ee8000 rw-p 0001c000 ca:01 2185                       /lib/x86_64-linux-gnu/libz.so.1.2.11
7f4902ee8000-7f4902f16000 r-xp 00000000 ca:01 55254                      /usr/lib/x86_64-linux-gnu/libgomp.so.1.0.0
7f4902f16000-7f4903115000 ---p 0002e000 ca:01 55254                      /usr/lib/x86_64-linux-gnu/libgomp.so.1.0.0
7f4903115000-7f4903116000 r--p 0002d000 ca:01 55254                      /usr/lib/x86_64-linux-gnu/libgomp.so.1.0.0
7f4903116000-7f4903117000 rw-p 0002e000 ca:01 55254                      /usr/lib/x86_64-linux-gnu/libgomp.so.1.0.0
7f4903117000-7f490312e000 r-xp 00000000 ca:01 25722                      /lib/x86_64-linux-gnu/libgcc_s.so.1
7f490312e000-7f490332d000 ---p 00017000 ca:01 25722                      /lib/x86_64-linux-gnu/libgcc_s.so.1
7f490332d000-7f490332e000 r--p 00016000 ca:01 25722                      /lib/x86_64-linux-gnu/libgcc_s.so.1
7f490332e000-7f490332f000 rw-p 00017000 ca:01 25722                      /lib/x86_64-linux-gnu/libgcc_s.so.1
7f490332f000-7f49034a8000 r-xp 00000000 ca:01 55091                      /usr/lib/x86_64-linux-gnu/libstdc++.so.6.0.25
7f49034a8000-7f49036a8000 ---p 00179000 ca:01 55091                      /usr/lib/x86_64-linux-gnu/libstdc++.so.6.0.25
7f49036a8000-7f49036b2000 r--p 00179000 ca:01 55091                      /usr/lib/x86_64-linux-gnu/libstdc++.so.6.0.25
7f49036b2000-7f49036b4000 rw-p 00183000 ca:01 55091                      /usr/lib/x86_64-linux-gnu/libstdc++.so.6.0.25
7f49036b4000-7f49036b8000 rw-p 00000000 00:00 0 
7f49036b8000-7f4903914000 r-xp 00000000 ca:01 55302                      /usr/lib/x86_64-linux-gnu/liblept.so.5.0.2
7f4903914000-7f4903b13000 ---p 0025c000 ca:01 55302                      /usr/lib/x86_64-linux-gnu/liblept.so.5.0.2
7f4903b13000-7f4903b14000 r--p 0025b000 ca:01 55302                      /usr/lib/x86_64-linux-gnu/liblept.so.5.0.2
7f4903b14000-7f4903b1a000 rw-p 0025c000 ca:01 55302                      /usr/lib/x86_64-linux-gnu/liblept.so.5.0.2
7f4903b1a000-7f4903e27000 r-xp 00000000 ca:01 55336                      /usr/lib/x86_64-linux-gnu/libtesseract.so.4.0.0
7f4903e27000-7f4904026000 ---p 0030d000 ca:01 55336                      /usr/lib/x86_64-linux-gnu/libtesseract.so.4.0.0
7f4904026000-7f490402b000 r--p 0030c000 ca:01 55336                      /usr/lib/x86_64-linux-gnu/libtesseract.so.4.0.0
7f490402b000-7f490402c000 rw-p 00311000 ca:01 55336                      /usr/lib/x86_64-linux-gnu/libtesseract.so.4.0.0
7f490402c000-7f49042d0000 rw-p 00000000 00:00 0 
7f49042d0000-7f49042e8000 r-xp 00000000 ca:01 264657                     /tmp/jna-3506402/jna3022540405298740565.tmp (deleted)
7f49042e8000-7f49044e8000 ---p 00018000 ca:01 264657                     /tmp/jna-3506402/jna3022540405298740565.tmp (deleted)
7f49044e8000-7f49044e9000 rw-p 00018000 ca:01 264657                     /tmp/jna-3506402/jna3022540405298740565.tmp (deleted)
7f49044e9000-7f49044ec000 ---p 00000000 00:00 0 
7f49044ec000-7f49045ea000 rw-p 00000000 00:00 0 
7f49045ea000-7f4904625000 r-xp 00000000 ca:01 258057                     /usr/lib/jdk1.8.0_181/jre/lib/amd64/libjpeg.so
7f4904625000-7f4904824000 ---p 0003b000 ca:01 258057                     /usr/lib/jdk1.8.0_181/jre/lib/amd64/libjpeg.so
7f4904824000-7f4904825000 rw-p 0003a000 ca:01 258057                     /usr/lib/jdk1.8.0_181/jre/lib/amd64/libjpeg.so
7f4904825000-7f4904a25000 rw-p 00000000 00:00 0 
7f4904a25000-7f4904a2c000 r-xp 00000000 ca:01 258123                     /usr/lib/jdk1.8.0_181/jre/lib/amd64/libawt_headless.so
7f4904a2c000-7f4904c2b000 ---p 00007000 ca:01 258123                     /usr/lib/jdk1.8.0_181/jre/lib/amd64/libawt_headless.so
7f4904c2b000-7f4904c2c000 rw-p 00006000 ca:01 258123                     /usr/lib/jdk1.8.0_181/jre/lib/amd64/libawt_headless.so
7f4904c2c000-7f4904cce000 r-xp 00000000 ca:01 258105                     /usr/lib/jdk1.8.0_181/jre/lib/amd64/libawt.so
7f4904cce000-7f4904ece000 ---p 000a2000 ca:01 258105                     /usr/lib/jdk1.8.0_181/jre/lib/amd64/libawt.so
7f4904ece000-7f4904eda000 rw-p 000a2000 ca:01 258105                     /usr/lib/jdk1.8.0_181/jre/lib/amd64/libawt.so
7f4904eda000-7f4904efe000 rw-p 00000000 00:00 0 
7f4904efe000-7f4904f01000 ---p 00000000 00:00 0 
7f4904f01000-7f4908000000 rw-p 00000000 00:00 0 
7f4908000000-7f490bb6f000 rw-p 00000000 00:00 0 
7f490bb6f000-7f490c000000 ---p 00000000 00:00 0 
7f490c000000-7f490c33d000 rw-p 00000000 00:00 0 
7f490c33d000-7f4910000000 ---p 00000000 00:00 0 
7f4910000000-7f4910021000 rw-p 00000000 00:00 0 
7f4910021000-7f4914000000 ---p 00000000 00:00 0 
7f4914000000-7f4914e28000 rw-p 00000000 00:00 0 
7f4914e28000-7f4918000000 ---p 00000000 00:00 0 
7f4918000000-7f491bab8000 rw-p 00000000 00:00 0 
7f491bab8000-7f491c000000 ---p 00000000 00:00 0 
7f491c000000-7f491fff1000 rw-p 00000000 00:00 0 
7f491fff1000-7f4920000000 ---p 00000000 00:00 0 
7f4920000000-7f49201cf000 rw-p 00000000 00:00 0 
7f49201cf000-7f4924000000 ---p 00000000 00:00 0 
7f4924044000-7f4924047000 ---p 00000000 00:00 0 
7f4924047000-7f4924145000 rw-p 00000000 00:00 0 
7f4924145000-7f4924148000 ---p 00000000 00:00 0 
7f4924148000-7f4924246000 rw-p 00000000 00:00 0 
7f4924246000-7f4924249000 ---p 00000000 00:00 0 
7f4924249000-7f4924347000 rw-p 00000000 00:00 0 
7f4924347000-7f492434a000 ---p 00000000 00:00 0 
7f492434a000-7f4924448000 rw-p 00000000 00:00 0 
7f4924448000-7f492444b000 ---p 00000000 00:00 0 
7f492444b000-7f4924549000 rw-p 00000000 00:00 0 
7f4924549000-7f492454c000 ---p 00000000 00:00 0 
7f492454c000-7f492464a000 rw-p 00000000 00:00 0 
7f492464a000-7f492464d000 ---p 00000000 00:00 0 
7f492464d000-7f492474b000 rw-p 00000000 00:00 0 
7f492474b000-7f492474e000 ---p 00000000 00:00 0 
7f492474e000-7f492484c000 rw-p 00000000 00:00 0 
7f492484c000-7f492484f000 ---p 00000000 00:00 0 
7f492484f000-7f492494d000 rw-p 00000000 00:00 0 
7f492494d000-7f4924950000 ---p 00000000 00:00 0 
7f4924950000-7f4924a4e000 rw-p 00000000 00:00 0 
7f4924a4e000-7f4924a51000 ---p 00000000 00:00 0 
7f4924a51000-7f4924b4f000 rw-p 00000000 00:00 0 
7f4924b4f000-7f4924b52000 ---p 00000000 00:00 0 
7f4924b52000-7f4924e50000 rw-p 00000000 00:00 0 
7f4924e50000-7f4925050000 rw-p 00000000 00:00 0 
7f4925050000-7f4925250000 rw-p 00000000 00:00 0 
7f4925250000-7f4925450000 rw-p 00000000 00:00 0 
7f4925450000-7f4925650000 rw-p 00000000 00:00 0 
7f4925650000-7f4925661000 r-xp 00000000 ca:01 258115                     /usr/lib/jdk1.8.0_181/jre/lib/amd64/libnio.so
7f4925661000-7f4925860000 ---p 00011000 ca:01 258115                     /usr/lib/jdk1.8.0_181/jre/lib/amd64/libnio.so
7f4925860000-7f4925861000 rw-p 00010000 ca:01 258115                     /usr/lib/jdk1.8.0_181/jre/lib/amd64/libnio.so
7f4925861000-7f4925a61000 rw-p 00000000 00:00 0 
7f4925ae9000-7f4925aec000 ---p 00000000 00:00 0 
7f4925aec000-7f4925b22000 rw-p 00000000 00:00 0 
7f4925b22000-7f4925b2c000 r--s 00116000 ca:01 257964                     /usr/lib/jdk1.8.0_181/jre/lib/ext/localedata.jar
7f4925b2c000-7f4925b48000 r--s 00393000 ca:01 257957                     /usr/lib/jdk1.8.0_181/jre/lib/ext/cldrdata.jar
7f4925b48000-7f4925b4b000 ---p 00000000 00:00 0 
7f4925b4b000-7f4925c49000 rw-p 00000000 00:00 0 
7f4925c49000-7f4925c4c000 ---p 00000000 00:00 0 
7f4925c4c000-7f4925f4a000 rw-p 00000000 00:00 0 
7f4925f4a000-7f492614a000 rw-p 00000000 00:00 0 
7f492614a000-7f492634a000 rw-p 00000000 00:00 0 
7f492634a000-7f492654a000 rw-p 00000000 00:00 0 
7f492654a000-7f4926561000 r-xp 00000000 ca:01 2181                       /lib/x86_64-linux-gnu/libresolv-2.27.so
7f4926561000-7f4926761000 ---p 00017000 ca:01 2181                       /lib/x86_64-linux-gnu/libresolv-2.27.so
7f4926761000-7f4926762000 r--p 00017000 ca:01 2181                       /lib/x86_64-linux-gnu/libresolv-2.27.so
7f4926762000-7f4926763000 rw-p 00018000 ca:01 2181                       /lib/x86_64-linux-gnu/libresolv-2.27.so
7f4926763000-7f4926765000 rw-p 00000000 00:00 0 
7f4926765000-7f492676a000 r-xp 00000000 ca:01 2088                       /lib/x86_64-linux-gnu/libnss_dns-2.27.so
7f492676a000-7f492696a000 ---p 00005000 ca:01 2088                       /lib/x86_64-linux-gnu/libnss_dns-2.27.so
7f492696a000-7f492696b000 r--p 00005000 ca:01 2088                       /lib/x86_64-linux-gnu/libnss_dns-2.27.so
7f492696b000-7f492696c000 rw-p 00006000 ca:01 2088                       /lib/x86_64-linux-gnu/libnss_dns-2.27.so
7f492696c000-7f4926982000 r-xp 00000000 ca:01 258112                     /usr/lib/jdk1.8.0_181/jre/lib/amd64/libnet.so
7f4926982000-7f4926b82000 ---p 00016000 ca:01 258112                     /usr/lib/jdk1.8.0_181/jre/lib/amd64/libnet.so
7f4926b82000-7f4926b83000 rw-p 00016000 ca:01 258112                     /usr/lib/jdk1.8.0_181/jre/lib/amd64/libnet.so
7f4926b83000-7f4926b8c000 r-xp 00000000 ca:01 258120                     /usr/lib/jdk1.8.0_181/jre/lib/amd64/libmanagement.so
7f4926b8c000-7f4926d8b000 ---p 00009000 ca:01 258120                     /usr/lib/jdk1.8.0_181/jre/lib/amd64/libmanagement.so
7f4926d8b000-7f4926d8c000 rw-p 00008000 ca:01 258120                     /usr/lib/jdk1.8.0_181/jre/lib/amd64/libmanagement.so
7f4926d8c000-7f4926e21000 r--s 0110e000 ca:01 257958                     /usr/lib/jdk1.8.0_181/jre/lib/ext/jfxrt.jar
7f4926e21000-7f4927021000 rw-p 00000000 00:00 0 
7f4927021000-7f4927024000 ---p 00000000 00:00 0 
7f4927024000-7f4927322000 rw-p 00000000 00:00 0 
7f4927322000-7f4927323000 ---p 00000000 00:00 0 
7f4927323000-7f4927423000 rw-p 00000000 00:00 0 
7f4927423000-7f4927426000 ---p 00000000 00:00 0 
7f4927426000-7f4927524000 rw-p 00000000 00:00 0 
7f4927524000-7f4927525000 ---p 00000000 00:00 0 
7f4927525000-7f4927528000 ---p 00000000 00:00 0 
7f4927528000-7f4927625000 rw-p 00000000 00:00 0 
7f4927625000-7f4927626000 ---p 00000000 00:00 0 
7f4927626000-7f4927629000 ---p 00000000 00:00 0 
7f4927629000-7f4927726000 rw-p 00000000 00:00 0 
7f4927726000-7f4927729000 ---p 00000000 00:00 0 
7f4927729000-7f4927827000 rw-p 00000000 00:00 0 
7f4927827000-7f492799a000 r--p 00000000 ca:01 7797                       /usr/lib/locale/C.UTF-8/LC_COLLATE
7f492799a000-7f4927b35000 r--p 00000000 ca:01 7792                       /usr/lib/locale/locale-archive
7f4927b35000-7f4927b38000 ---p 00000000 00:00 0 
7f4927b38000-7f4927c36000 rw-p 00000000 00:00 0 
7f4927c36000-7f4927c39000 ---p 00000000 00:00 0 
7f4927c39000-7f4927d37000 rw-p 00000000 00:00 0 
7f4927d37000-7f4927d38000 ---p 00000000 00:00 0 
7f4927d38000-7f4927e38000 rw-p 00000000 00:00 0 
7f4927e38000-7f4928012000 r--s 03d6b000 ca:01 257896                     /usr/lib/jdk1.8.0_181/jre/lib/rt.jar
7f4928012000-7f4928812000 rw-p 00000000 00:00 0 
7f4928812000-7f4928838000 rw-p 00000000 00:00 0 
7f4928838000-7f4928bd2000 ---p 00000000 00:00 0 
7f4928bd2000-7f4929532000 rwxp 00000000 00:00 0 
7f4929532000-7f4937bd2000 ---p 00000000 00:00 0 
7f4937bd2000-7f4937bed000 r-xp 00000000 ca:01 258108                     /usr/lib/jdk1.8.0_181/jre/lib/amd64/libzip.so
7f4937bed000-7f4937ded000 ---p 0001b000 ca:01 258108                     /usr/lib/jdk1.8.0_181/jre/lib/amd64/libzip.so
7f4937ded000-7f4937dee000 rw-p 0001b000 ca:01 258108                     /usr/lib/jdk1.8.0_181/jre/lib/amd64/libzip.so
7f4937dee000-7f4937df9000 r-xp 00000000 ca:01 2089                       /lib/x86_64-linux-gnu/libnss_files-2.27.so
7f4937df9000-7f4937ff8000 ---p 0000b000 ca:01 2089                       /lib/x86_64-linux-gnu/libnss_files-2.27.so
7f4937ff8000-7f4937ff9000 r--p 0000a000 ca:01 2089                       /lib/x86_64-linux-gnu/libnss_files-2.27.so
7f4937ff9000-7f4937ffa000 rw-p 0000b000 ca:01 2089                       /lib/x86_64-linux-gnu/libnss_files-2.27.so
7f4937ffa000-7f4938000000 rw-p 00000000 00:00 0 
7f4938000000-7f493b73a000 rw-p 00000000 00:00 0 
7f493b73a000-7f493c000000 ---p 00000000 00:00 0 
7f493c008000-7f493c039000 r--p 00000000 ca:01 7798                       /usr/lib/locale/C.UTF-8/LC_CTYPE
7f493c039000-7f493c159000 rw-p 00000000 00:00 0 
7f493c159000-7f493c170000 r-xp 00000000 ca:01 2086                       /lib/x86_64-linux-gnu/libnsl-2.27.so
7f493c170000-7f493c36f000 ---p 00017000 ca:01 2086                       /lib/x86_64-linux-gnu/libnsl-2.27.so
7f493c36f000-7f493c370000 r--p 00016000 ca:01 2086                       /lib/x86_64-linux-gnu/libnsl-2.27.so
7f493c370000-7f493c371000 rw-p 00017000 ca:01 2086                       /lib/x86_64-linux-gnu/libnsl-2.27.so
7f493c371000-7f493c373000 rw-p 00000000 00:00 0 
7f493c373000-7f493c37e000 r-xp 00000000 ca:01 2091                       /lib/x86_64-linux-gnu/libnss_nis-2.27.so
7f493c37e000-7f493c57d000 ---p 0000b000 ca:01 2091                       /lib/x86_64-linux-gnu/libnss_nis-2.27.so
7f493c57d000-7f493c57e000 r--p 0000a000 ca:01 2091                       /lib/x86_64-linux-gnu/libnss_nis-2.27.so
7f493c57e000-7f493c57f000 rw-p 0000b000 ca:01 2091                       /lib/x86_64-linux-gnu/libnss_nis-2.27.so
7f493c57f000-7f493c587000 r-xp 00000000 ca:01 2087                       /lib/x86_64-linux-gnu/libnss_compat-2.27.so
7f493c587000-7f493c787000 ---p 00008000 ca:01 2087                       /lib/x86_64-linux-gnu/libnss_compat-2.27.so
7f493c787000-7f493c788000 r--p 00008000 ca:01 2087                       /lib/x86_64-linux-gnu/libnss_compat-2.27.so
7f493c788000-7f493c789000 rw-p 00009000 ca:01 2087                       /lib/x86_64-linux-gnu/libnss_compat-2.27.so
7f493c789000-7f493c7b4000 r-xp 00000000 ca:01 258102                     /usr/lib/jdk1.8.0_181/jre/lib/amd64/libjava.so
7f493c7b4000-7f493c9b3000 ---p 0002b000 ca:01 258102                     /usr/lib/jdk1.8.0_181/jre/lib/amd64/libjava.so
7f493c9b3000-7f493c9b5000 rw-p 0002a000 ca:01 258102                     /usr/lib/jdk1.8.0_181/jre/lib/amd64/libjava.so
7f493c9b5000-7f493c9c2000 r-xp 00000000 ca:01 258107                     /usr/lib/jdk1.8.0_181/jre/lib/amd64/libverify.so
7f493c9c2000-7f493cbc2000 ---p 0000d000 ca:01 258107                     /usr/lib/jdk1.8.0_181/jre/lib/amd64/libverify.so
7f493cbc2000-7f493cbc4000 rw-p 0000d000 ca:01 258107                     /usr/lib/jdk1.8.0_181/jre/lib/amd64/libverify.so
7f493cbc4000-7f493cbcb000 r-xp 00000000 ca:01 2182                       /lib/x86_64-linux-gnu/librt-2.27.so
7f493cbcb000-7f493cdca000 ---p 00007000 ca:01 2182                       /lib/x86_64-linux-gnu/librt-2.27.so
7f493cdca000-7f493cdcb000 r--p 00006000 ca:01 2182                       /lib/x86_64-linux-gnu/librt-2.27.so
7f493cdcb000-7f493cdcc000 rw-p 00007000 ca:01 2182                       /lib/x86_64-linux-gnu/librt-2.27.so
7f493cdcc000-7f493cf69000 r-xp 00000000 ca:01 2083                       /lib/x86_64-linux-gnu/libm-2.27.so
7f493cf69000-7f493d168000 ---p 0019d000 ca:01 2083                       /lib/x86_64-linux-gnu/libm-2.27.so
7f493d168000-7f493d169000 r--p 0019c000 ca:01 2083                       /lib/x86_64-linux-gnu/libm-2.27.so
7f493d169000-7f493d16a000 rw-p 0019d000 ca:01 2083                       /lib/x86_64-linux-gnu/libm-2.27.so
7f493d16a000-7f493de46000 r-xp 00000000 ca:01 258084                     /usr/lib/jdk1.8.0_181/jre/lib/amd64/server/libjvm.so
7f493de46000-7f493e046000 ---p 00cdc000 ca:01 258084                     /usr/lib/jdk1.8.0_181/jre/lib/amd64/server/libjvm.so
7f493e046000-7f493e120000 rw-p 00cdc000 ca:01 258084                     /usr/lib/jdk1.8.0_181/jre/lib/amd64/server/libjvm.so
7f493e120000-7f493e16b000 rw-p 00000000 00:00 0 
7f493e16b000-7f493e352000 r-xp 00000000 ca:01 2079                       /lib/x86_64-linux-gnu/libc-2.27.so
7f493e352000-7f493e552000 ---p 001e7000 ca:01 2079                       /lib/x86_64-linux-gnu/libc-2.27.so
7f493e552000-7f493e556000 r--p 001e7000 ca:01 2079                       /lib/x86_64-linux-gnu/libc-2.27.so
7f493e556000-7f493e558000 rw-p 001eb000 ca:01 2079                       /lib/x86_64-linux-gnu/libc-2.27.so
7f493e558000-7f493e55c000 rw-p 00000000 00:00 0 
7f493e55c000-7f493e55f000 r-xp 00000000 ca:01 2082                       /lib/x86_64-linux-gnu/libdl-2.27.so
7f493e55f000-7f493e75e000 ---p 00003000 ca:01 2082                       /lib/x86_64-linux-gnu/libdl-2.27.so
7f493e75e000-7f493e75f000 r--p 00002000 ca:01 2082                       /lib/x86_64-linux-gnu/libdl-2.27.so
7f493e75f000-7f493e760000 rw-p 00003000 ca:01 2082                       /lib/x86_64-linux-gnu/libdl-2.27.so
7f493e760000-7f493e776000 r-xp 00000000 ca:01 257758                     /usr/lib/jdk1.8.0_181/lib/amd64/jli/libjli.so
7f493e776000-7f493e975000 ---p 00016000 ca:01 257758                     /usr/lib/jdk1.8.0_181/lib/amd64/jli/libjli.so
7f493e975000-7f493e976000 rw-p 00015000 ca:01 257758                     /usr/lib/jdk1.8.0_181/lib/amd64/jli/libjli.so
7f493e976000-7f493e990000 r-xp 00000000 ca:01 2180                       /lib/x86_64-linux-gnu/libpthread-2.27.so
7f493e990000-7f493eb8f000 ---p 0001a000 ca:01 2180                       /lib/x86_64-linux-gnu/libpthread-2.27.so
7f493eb8f000-7f493eb90000 r--p 00019000 ca:01 2180                       /lib/x86_64-linux-gnu/libpthread-2.27.so
7f493eb90000-7f493eb91000 rw-p 0001a000 ca:01 2180                       /lib/x86_64-linux-gnu/libpthread-2.27.so
7f493eb91000-7f493eb95000 rw-p 00000000 00:00 0 
7f493eb95000-7f493ebbc000 r-xp 00000000 ca:01 2075                       /lib/x86_64-linux-gnu/ld-2.27.so
7f493ebbf000-7f493ebc4000 r--s 002f9000 ca:01 257894                     /usr/lib/jdk1.8.0_181/jre/lib/charsets.jar
7f493ebc4000-7f493ebc9000 r--s 0009d000 ca:01 257953                     /usr/lib/jdk1.8.0_181/jre/lib/jsse.jar
7f493ebc9000-7f493ebcd000 r--s 058fa000 ca:01 1033568                    /opt/text-recognition/text-extractor-from-image/target/text-extractor-from-image-0.0.1-SNAPSHOT.jar
7f493ebcd000-7f493ebce000 r--p 00000000 ca:01 7803                       /usr/lib/locale/C.UTF-8/LC_NUMERIC
7f493ebce000-7f493ebcf000 r--p 00000000 ca:01 7806                       /usr/lib/locale/C.UTF-8/LC_TIME
7f493ebcf000-7f493ebd0000 r--p 00000000 ca:01 7801                       /usr/lib/locale/C.UTF-8/LC_MONETARY
7f493ebd0000-7f493ebd1000 r--p 00000000 ca:01 7795                       /usr/lib/locale/C.UTF-8/LC_MESSAGES/SYS_LC_MESSAGES
7f493ebd1000-7f493ebd2000 r--p 00000000 ca:01 7804                       /usr/lib/locale/C.UTF-8/LC_PAPER
7f493ebd2000-7f493ebd3000 r--p 00000000 ca:01 7802                       /usr/lib/locale/C.UTF-8/LC_NAME
7f493ebd3000-7f493ebda000 r--s 00000000 ca:01 5017                       /usr/lib/x86_64-linux-gnu/gconv/gconv-modules.cache
7f493ebda000-7f493ebe8000 rw-p 00000000 00:00 0 
7f493ebe8000-7f493ec2d000 ---p 00000000 00:00 0 
7f493ec2d000-7f493ec34000 rw-p 00000000 00:00 0 
7f493ec34000-7f493ec56000 ---p 00000000 00:00 0 
7f493ec56000-7f493ec64000 rw-p 00000000 00:00 0 
7f493ec64000-7f493eca8000 ---p 00000000 00:00 0 
7f493eca8000-7f493eca9000 rw-p 00000000 00:00 0 
7f493eca9000-7f493ecb1000 rw-s 00000000 ca:01 263405                     /tmp/hsperfdata_root/8802
7f493ecb1000-7f493ecb2000 ---p 00000000 00:00 0 
7f493ecb2000-7f493ecb5000 ---p 00000000 00:00 0 
7f493ecb5000-7f493edb6000 rw-p 00000000 00:00 0 
7f493edb6000-7f493edb7000 r--p 00000000 ca:01 7796                       /usr/lib/locale/C.UTF-8/LC_ADDRESS
7f493edb7000-7f493edb8000 r--p 00000000 ca:01 7805                       /usr/lib/locale/C.UTF-8/LC_TELEPHONE
7f493edb8000-7f493edb9000 r--p 00000000 ca:01 7800                       /usr/lib/locale/C.UTF-8/LC_MEASUREMENT
7f493edb9000-7f493edba000 r--p 00000000 ca:01 7799                       /usr/lib/locale/C.UTF-8/LC_IDENTIFICATION
7f493edba000-7f493edbb000 rw-p 00000000 00:00 0 
7f493edbb000-7f493edbc000 r--p 00000000 00:00 0 
7f493edbc000-7f493edbd000 r--p 00027000 ca:01 2075                       /lib/x86_64-linux-gnu/ld-2.27.so
7f493edbd000-7f493edbe000 rw-p 00028000 ca:01 2075                       /lib/x86_64-linux-gnu/ld-2.27.so
7f493edbe000-7f493edbf000 rw-p 00000000 00:00 0 
7ffd48a81000-7ffd48aa2000 rw-p 00000000 00:00 0                          [stack]
7ffd48b97000-7ffd48b9a000 r--p 00000000 00:00 0                          [vvar]
7ffd48b9a000-7ffd48b9c000 r-xp 00000000 00:00 0                          [vdso]
ffffffffff600000-ffffffffff601000 r-xp 00000000 00:00 0                  [vsyscall]

VM Arguments:
java_command: target/text-extractor-from-image-0.0.1-SNAPSHOT.jar
java_class_path (initial): target/text-extractor-from-image-0.0.1-SNAPSHOT.jar
Launcher Type: SUN_STANDARD

Environment Variables:
PATH=/usr/local/sbin:/usr/local/bin:/usr/sbin:/usr/bin:/sbin:/bin:/usr/games:/usr/local/games:/usr/lib/node-v10.13.0-linux-x64/bin
USERNAME=root
SHELL=/bin/bash

Signal Handlers:
SIGSEGV: [libjvm.so+0xad2a40], sa_mask[0]=11111111011111111101111111111110, sa_flags=SA_RESTART|SA_SIGINFO
SIGBUS: [libjvm.so+0xad2a40], sa_mask[0]=11111111011111111101111111111110, sa_flags=SA_RESTART|SA_SIGINFO
SIGFPE: [libjvm.so+0x92a610], sa_mask[0]=11111111011111111101111111111110, sa_flags=SA_RESTART|SA_SIGINFO
SIGPIPE: [libjvm.so+0x92a610], sa_mask[0]=11111111011111111101111111111110, sa_flags=SA_RESTART|SA_SIGINFO
SIGXFSZ: [libjvm.so+0x92a610], sa_mask[0]=11111111011111111101111111111110, sa_flags=SA_RESTART|SA_SIGINFO
SIGILL: [libjvm.so+0x92a610], sa_mask[0]=11111111011111111101111111111110, sa_flags=SA_RESTART|SA_SIGINFO
SIGUSR1: SIG_DFL, sa_mask[0]=00000000000000000000000000000000, sa_flags=none
SIGUSR2: [libjvm.so+0x92be70], sa_mask[0]=00000000000000000000000000000000, sa_flags=SA_RESTART|SA_SIGINFO
SIGHUP: [libjvm.so+0x92d270], sa_mask[0]=11111111011111111101111111111110, sa_flags=SA_RESTART|SA_SIGINFO
SIGINT: [libjvm.so+0x92d270], sa_mask[0]=11111111011111111101111111111110, sa_flags=SA_RESTART|SA_SIGINFO
SIGTERM: [libjvm.so+0x92d270], sa_mask[0]=11111111011111111101111111111110, sa_flags=SA_RESTART|SA_SIGINFO
SIGQUIT: [libjvm.so+0x92d270], sa_mask[0]=11111111011111111101111111111110, sa_flags=SA_RESTART|SA_SIGINFO


---------------  S Y S T E M  ---------------

OS:DISTRIB_ID=Ubuntu
DISTRIB_RELEASE=18.04
DISTRIB_CODENAME=bionic
DISTRIB_DESCRIPTION="Ubuntu 18.04.1 LTS"

uname:Linux 4.15.0-1021-aws #21-Ubuntu SMP Tue Aug 28 10:23:07 UTC 2018 x86_64
libc:glibc 2.27 NPTL 2.27 
rlimit: STACK 8192k, CORE 0k, NPROC 3841, NOFILE 1048576, AS infinity
load average:0.00 0.05 0.71

/proc/meminfo:
MemTotal:        1007540 kB
MemFree:          257084 kB
MemAvailable:     315472 kB
Buffers:           16356 kB
Cached:           154612 kB
SwapCached:            0 kB
Active:           560204 kB
Inactive:          86872 kB
Active(anon):     480776 kB
Inactive(anon):      148 kB
Active(file):      79428 kB
Inactive(file):    86724 kB
Unevictable:        5408 kB
Mlocked:            5408 kB
SwapTotal:             0 kB
SwapFree:              0 kB
Dirty:               144 kB
Writeback:             0 kB
AnonPages:        481536 kB
Mapped:            73156 kB
Shmem:               760 kB
Slab:              69856 kB
SReclaimable:      39788 kB
SUnreclaim:        30068 kB
KernelStack:        3024 kB
PageTables:         5724 kB
NFS_Unstable:          0 kB
Bounce:                0 kB
WritebackTmp:          0 kB
CommitLimit:      503768 kB
Committed_AS:     874892 kB
VmallocTotal:   34359738367 kB
VmallocUsed:           0 kB
VmallocChunk:          0 kB
HardwareCorrupted:     0 kB
AnonHugePages:         0 kB
ShmemHugePages:        0 kB
ShmemPmdMapped:        0 kB
CmaTotal:              0 kB
CmaFree:               0 kB
HugePages_Total:       0
HugePages_Free:        0
HugePages_Rsvd:        0
HugePages_Surp:        0
Hugepagesize:       2048 kB
DirectMap4k:       81920 kB
DirectMap2M:      966656 kB


CPU:total 1 (initial active 1) (1 cores per cpu, 1 threads per core) family 6 model 63 stepping 2, cmov, cx8, fxsr, mmx, sse, sse2, sse3, ssse3, sse4.1, sse4.2, popcnt, avx, avx2, aes, clmul, erms, lzcnt, tsc, bmi1, bmi2

/proc/cpuinfo:
processor	: 0
vendor_id	: GenuineIntel
cpu family	: 6
model		: 63
model name	: Intel(R) Xeon(R) CPU E5-2676 v3 @ 2.40GHz
stepping	: 2
microcode	: 0x3c
cpu MHz		: 2394.397
cache size	: 30720 KB
physical id	: 0
siblings	: 1
core id		: 0
cpu cores	: 1
apicid		: 0
initial apicid	: 0
fpu		: yes
fpu_exception	: yes
cpuid level	: 13
wp		: yes
flags		: fpu vme de pse tsc msr pae mce cx8 apic sep mtrr pge mca cmov pat pse36 clflush mmx fxsr sse sse2 ht syscall nx rdtscp lm constant_tsc rep_good nopl xtopology cpuid pni pclmulqdq ssse3 fma cx16 pcid sse4_1 sse4_2 x2apic movbe popcnt tsc_deadline_timer aes xsave avx f16c rdrand hypervisor lahf_lm abm cpuid_fault invpcid_single pti fsgsbase bmi1 avx2 smep bmi2 erms invpcid xsaveopt
bugs		: cpu_meltdown spectre_v1 spectre_v2 spec_store_bypass l1tf
bogomips	: 4789.05
clflush size	: 64
cache_alignment	: 64
address sizes	: 46 bits physical, 48 bits virtual
power management:



Memory: 4k page, physical 1007540k(257084k free), swap 0k(0k free)

vm_info: Java HotSpot(TM) 64-Bit Server VM (25.181-b13) for linux-amd64 JRE (1.8.0_181-b13), built on Jul  7 2018 00:56:38 by "java_re" with gcc 4.3.0 20080428 (Red Hat 4.3.0-8)

time: Thu Nov 22 05:20:00 2018
elapsed time: 938 seconds (0d 0h 15m 38s)

