#
# A fatal error has been detected by the Java Runtime Environment:
#
#  SIGSEGV (0xb) at pc=0x00007f9f8a58a69b, pid=7012, tid=0x00007f9f8c21f700
#
# JRE version: Java(TM) SE Runtime Environment (8.0_181-b13) (build 1.8.0_181-b13)
# Java VM: Java HotSpot(TM) 64-Bit Server VM (25.181-b13 mixed mode linux-amd64 compressed oops)
# Problematic frame:
# C  [libtesseract.so.4.0.0+0x25969b]  ERRCODE::error(char const*, TessErrorLogCode, char const*, ...) const+0x16b
#
# Failed to write core dump. Core dumps have been disabled. To enable core dumping, try "ulimit -c unlimited" before starting Java again
#
# If you would like to submit a bug report, please visit:
#   http://bugreport.java.com/bugreport/crash.jsp
# The crash happened outside the Java Virtual Machine in native code.
# See problematic frame for where to report the bug.
#

---------------  T H R E A D  ---------------

Current thread (0x00007f9fbc816000):  JavaThread "http-nio-8080-exec-3" daemon [_thread_in_native, id=7029, stack(0x00007f9f8c11f000,0x00007f9f8c220000)]

siginfo: si_signo: 11 (SIGSEGV), si_code: 1 (SEGV_MAPERR), si_addr: 0x0000000000000000

Registers:
RAX=0x000000000000005d, RBX=0x00007f9f8c21a434, RCX=0x0000000000000000, RDX=0x00007f9fc4e5a8b0
RSP=0x00007f9f8c21a3e0, RBP=0x00007f9f8c21a400, RSI=0x000000000000005d, RDI=0x00007f9f8c217c10
R8 =0x000000000000005d, R9 =0x000000000000005d, R10=0x00000000ffffffa3, R11=0x0000000000000000
R12=0x0000000000000002, R13=0x00007f9f8a59a4a1, R14=0x00007f9f8aa862e8, R15=0x00007f9fbddac7e0
RIP=0x00007f9f8a58a69b, EFLAGS=0x0000000000010246, CSGSFS=0x002b000000000033, ERR=0x0000000000000004
  TRAPNO=0x000000000000000e

Top of Stack: (sp=0x00007f9f8c21a3e0)
0x00007f9f8c21a3e0:   00007f9f8c21a6a0 0000003000000030
0x00007f9f8c21a3f0:   00007f9f8c21a8f0 00007f9f8c21a810
0x00007f9f8c21a400:   736e6961746e6f63 72616863696e755f
0x00007f9f8c21a410:   63696e752864695f 3a2964695f726168
0x00007f9f8c21a420:   73413a726f727245 6961662074726573
0x00007f9f8c21a430:   66206e693a64656c 632f2e2e20656c69
0x00007f9f8c21a440:   6e752f6c69747563 7465737261686369
0x00007f9f8c21a450:   656e696c202c682e 0000000a33313520
0x00007f9f8c21a460:   0000000000000000 0000000000000000
0x00007f9f8c21a470:   0000000000000000 0000000000000000
0x00007f9f8c21a480:   0000000000000000 0000000000000000
0x00007f9f8c21a490:   00007f9f8c21a420 0000000000000000
0x00007f9f8c21a4a0:   0000000000000000 0000000000000000
0x00007f9f8c21a4b0:   0000000000000100 0000000000000000
0x00007f9f8c21a4c0:   0000000000000000 ffffffffffffffff
0x00007f9f8c21a4d0:   0000000000000100 0000000100000000
0x00007f9f8c21a4e0:   00000000bdadc600 000000008a4b6900
0x00007f9f8c21a4f0:   00000000410809a3 4182bc6143800000
0x00007f9f8c21a500:   0001000043800000 0000000000000000
0x00007f9f8c21a510:   0000000000000001 79f29a91eb503200
0x00007f9f8c21a520:   00007f9fbd1d0e30 0000000000000016
0x00007f9f8c21a530:   0000000000000000 00007f9fbd1ec7c0
0x00007f9f8c21a540:   00007f9fbd959d30 00007f9fbd85bf10
0x00007f9f8c21a550:   00007f9fbdadc6d0 00007f9f8a4bdb16
0x00007f9f8c21a560:   00007f9fbdff8780 0000000000000000
0x00007f9f8c21a570:   00007f9f8c21a8b0 00007f9fbd959d30
0x00007f9f8c21a580:   0000000000000016 00007f9f8a4bd62d
0x00007f9f8c21a590:   00007f9fbdadc6f8 00007f9f8c21a790
0x00007f9f8c21a5a0:   00007f9f8c21a710 00007f9f00000001
0x00007f9f8c21a5b0:   00007f9f8c21a630 00007f9f8c21a617
0x00007f9f8c21a5c0:   00007f9fbd1d0e30 000000000121a700
0x00007f9f8c21a5d0:   00007f9f8c21a9c0 000000003f800000 

Instructions: (pc=0x00007f9f8a58a69b)
0x00007f9f8a58a67b:   be 01 00 00 00 48 8b 38 31 c0 e8 66 4b e2 ff 41
0x00007f9f8a58a68b:   83 fc ff 7c 18 45 85 e4 7e 2f 41 83 fc 02 7f 0d
0x00007f9f8a58a69b:   8b 04 25 00 00 00 00 0f 0b 0f 1f 40 00 48 8d 35
0x00007f9f8a58a6ab:   b2 05 03 00 48 8d 3d 22 c0 50 00 31 c9 ba 02 00 

Register to memory mapping:

RAX=0x000000000000005d is an unknown value
RBX=0x00007f9f8c21a434 is pointing into the stack for thread: 0x00007f9fbc816000
RCX=0x0000000000000000 is an unknown value
RDX=0x00007f9fc4e5a8b0: <offset 0x3ed8b0> in /lib/x86_64-linux-gnu/libc.so.6 at 0x00007f9fc4a6d000
RSP=0x00007f9f8c21a3e0 is pointing into the stack for thread: 0x00007f9fbc816000
RBP=0x00007f9f8c21a400 is pointing into the stack for thread: 0x00007f9fbc816000
RSI=0x000000000000005d is an unknown value
RDI=0x00007f9f8c217c10 is pointing into the stack for thread: 0x00007f9fbc816000
R8 =0x000000000000005d is an unknown value
R9 =0x000000000000005d is an unknown value
R10=0x00000000ffffffa3 is an unallocated location in the heap
R11=0x0000000000000000 is an unknown value
R12=0x0000000000000002 is an unknown value
R13=0x00007f9f8a59a4a1: <offset 0x2694a1> in /usr/lib/x86_64-linux-gnu/libtesseract.so.4.0.0 at 0x00007f9f8a331000
R14=0x00007f9f8aa862e8: <offset 0x7552e8> in /usr/lib/x86_64-linux-gnu/libtesseract.so.4.0.0 at 0x00007f9f8a331000
R15=0x00007f9fbddac7e0 is an unknown value


Stack: [0x00007f9f8c11f000,0x00007f9f8c220000],  sp=0x00007f9f8c21a3e0,  free space=1004k
Native frames: (J=compiled Java code, j=interpreted, Vv=VM code, C=native code)
C  [libtesseract.so.4.0.0+0x25969b]  ERRCODE::error(char const*, TessErrorLogCode, char const*, ...) const+0x16b
C  0x72616863696e755f

Java frames: (J=compiled Java code, j=interpreted, Vv=VM code)
j  com.sun.jna.Native.invokePointer(Lcom/sun/jna/Function;JI[Ljava/lang/Object;)J+0
j  com.sun.jna.Function.invokePointer(I[Ljava/lang/Object;)Lcom/sun/jna/Pointer;+7
j  com.sun.jna.Function.invoke([Ljava/lang/Object;Ljava/lang/Class;ZI)Ljava/lang/Object;+385
j  com.sun.jna.Function.invoke(Ljava/lang/reflect/Method;[Ljava/lang/Class;Ljava/lang/Class;[Ljava/lang/Object;Ljava/util/Map;)Ljava/lang/Object;+271
j  com.sun.jna.Library$Handler.invoke(Ljava/lang/Object;Ljava/lang/reflect/Method;[Ljava/lang/Object;)Ljava/lang/Object;+344
j  com.sun.proxy.$Proxy63.TessBaseAPIGetUTF8Text(Lnet/sourceforge/tess4j/ITessAPI$TessBaseAPI;)Lcom/sun/jna/Pointer;+16
j  net.sourceforge.tess4j.Tesseract.getOCRText(Ljava/lang/String;I)Ljava/lang/String;+62
j  net.sourceforge.tess4j.Tesseract.doOCR(Ljava/util/List;Ljava/lang/String;Ljava/awt/Rectangle;)Ljava/lang/String;+69
j  net.sourceforge.tess4j.Tesseract.doOCR(Ljava/io/File;Ljava/awt/Rectangle;)Ljava/lang/String;+10
j  net.sourceforge.tess4j.Tesseract.doOCR(Ljava/io/File;)Ljava/lang/String;+3
j  com.softfeels.imageprocessor.textextractorfromimage.controller.AuthController.getImgText(Ljava/lang/String;)Ljava/lang/String;+33
j  com.softfeels.imageprocessor.textextractorfromimage.controller.AuthController.uploadFile(Lorg/springframework/web/multipart/MultipartFile;)Lcom/softfeels/imageprocessor/textextractorfromimage/models/UploadFileResponse;+11
v  ~StubRoutines::call_stub
J 2422  sun.reflect.NativeMethodAccessorImpl.invoke0(Ljava/lang/reflect/Method;Ljava/lang/Object;[Ljava/lang/Object;)Ljava/lang/Object; (0 bytes) @ 0x00007f9fad640bb7 [0x00007f9fad640b40+0x77]
J 2421 C1 sun.reflect.NativeMethodAccessorImpl.invoke(Ljava/lang/Object;[Ljava/lang/Object;)Ljava/lang/Object; (104 bytes) @ 0x00007f9fad643fbe [0x00007f9fad642e40+0x117e]
J 1488 C1 sun.reflect.DelegatingMethodAccessorImpl.invoke(Ljava/lang/Object;[Ljava/lang/Object;)Ljava/lang/Object; (10 bytes) @ 0x00007f9fad1ee5ea [0x00007f9fad1ee580+0x6a]
J 1507 C1 java.lang.reflect.Method.invoke(Ljava/lang/Object;[Ljava/lang/Object;)Ljava/lang/Object; (62 bytes) @ 0x00007f9fad3da7f6 [0x00007f9fad3da6e0+0x116]
j  org.springframework.web.method.support.InvocableHandlerMethod.doInvoke([Ljava/lang/Object;)Ljava/lang/Object;+16
j  org.springframework.web.method.support.InvocableHandlerMethod.invokeForRequest(Lorg/springframework/web/context/request/NativeWebRequest;Lorg/springframework/web/method/support/ModelAndViewContainer;[Ljava/lang/Object;)Ljava/lang/Object;+56
j  org.springframework.web.servlet.mvc.method.annotation.ServletInvocableHandlerMethod.invokeAndHandle(Lorg/springframework/web/context/request/ServletWebRequest;Lorg/springframework/web/method/support/ModelAndViewContainer;[Ljava/lang/Object;)V+4
j  org.springframework.web.servlet.mvc.method.annotation.RequestMappingHandlerAdapter.invokeHandlerMethod(Ljavax/servlet/http/HttpServletRequest;Ljavax/servlet/http/HttpServletResponse;Lorg/springframework/web/method/HandlerMethod;)Lorg/springframework/web/servlet/ModelAndView;+244
j  org.springframework.web.servlet.mvc.method.annotation.RequestMappingHandlerAdapter.handleInternal(Ljavax/servlet/http/HttpServletRequest;Ljavax/servlet/http/HttpServletResponse;Lorg/springframework/web/method/HandlerMethod;)Lorg/springframework/web/servlet/ModelAndView;+81
j  org.springframework.web.servlet.mvc.method.AbstractHandlerMethodAdapter.handle(Ljavax/servlet/http/HttpServletRequest;Ljavax/servlet/http/HttpServletResponse;Ljava/lang/Object;)Lorg/springframework/web/servlet/ModelAndView;+7
j  org.springframework.web.servlet.DispatcherServlet.doDispatch(Ljavax/servlet/http/HttpServletRequest;Ljavax/servlet/http/HttpServletResponse;)V+257
j  org.springframework.web.servlet.DispatcherServlet.doService(Ljavax/servlet/http/HttpServletRequest;Ljavax/servlet/http/HttpServletResponse;)V+212
j  org.springframework.web.servlet.FrameworkServlet.processRequest(Ljavax/servlet/http/HttpServletRequest;Ljavax/servlet/http/HttpServletResponse;)V+71
j  org.springframework.web.servlet.FrameworkServlet.doPost(Ljavax/servlet/http/HttpServletRequest;Ljavax/servlet/http/HttpServletResponse;)V+3
j  javax.servlet.http.HttpServlet.service(Ljavax/servlet/http/HttpServletRequest;Ljavax/servlet/http/HttpServletResponse;)V+149
j  org.springframework.web.servlet.FrameworkServlet.service(Ljavax/servlet/http/HttpServletRequest;Ljavax/servlet/http/HttpServletResponse;)V+33
j  javax.servlet.http.HttpServlet.service(Ljavax/servlet/ServletRequest;Ljavax/servlet/ServletResponse;)V+30
j  org.apache.catalina.core.ApplicationFilterChain.internalDoFilter(Ljavax/servlet/ServletRequest;Ljavax/servlet/ServletResponse;)V+304
j  org.apache.catalina.core.ApplicationFilterChain.doFilter(Ljavax/servlet/ServletRequest;Ljavax/servlet/ServletResponse;)V+101
j  org.apache.tomcat.websocket.server.WsFilter.doFilter(Ljavax/servlet/ServletRequest;Ljavax/servlet/ServletResponse;Ljavax/servlet/FilterChain;)V+21
j  org.apache.catalina.core.ApplicationFilterChain.internalDoFilter(Ljavax/servlet/ServletRequest;Ljavax/servlet/ServletResponse;)V+135
j  org.apache.catalina.core.ApplicationFilterChain.doFilter(Ljavax/servlet/ServletRequest;Ljavax/servlet/ServletResponse;)V+101
j  com.softfeels.imageprocessor.textextractorfromimage.uitl.SimpleCORSFilter.doFilter(Ljavax/servlet/ServletRequest;Ljavax/servlet/ServletResponse;Ljavax/servlet/FilterChain;)V+77
j  org.apache.catalina.core.ApplicationFilterChain.internalDoFilter(Ljavax/servlet/ServletRequest;Ljavax/servlet/ServletResponse;)V+135
j  org.apache.catalina.core.ApplicationFilterChain.doFilter(Ljavax/servlet/ServletRequest;Ljavax/servlet/ServletResponse;)V+101
j  org.springframework.web.filter.RequestContextFilter.doFilterInternal(Ljavax/servlet/http/HttpServletRequest;Ljavax/servlet/http/HttpServletResponse;Ljavax/servlet/FilterChain;)V+21
j  org.springframework.web.filter.OncePerRequestFilter.doFilter(Ljavax/servlet/ServletRequest;Ljavax/servlet/ServletResponse;Ljavax/servlet/FilterChain;)V+111
j  org.apache.catalina.core.ApplicationFilterChain.internalDoFilter(Ljavax/servlet/ServletRequest;Ljavax/servlet/ServletResponse;)V+135
j  org.apache.catalina.core.ApplicationFilterChain.doFilter(Ljavax/servlet/ServletRequest;Ljavax/servlet/ServletResponse;)V+101
j  org.springframework.web.filter.FormContentFilter.doFilterInternal(Ljavax/servlet/http/HttpServletRequest;Ljavax/servlet/http/HttpServletResponse;Ljavax/servlet/FilterChain;)V+38
j  org.springframework.web.filter.OncePerRequestFilter.doFilter(Ljavax/servlet/ServletRequest;Ljavax/servlet/ServletResponse;Ljavax/servlet/FilterChain;)V+111
j  org.apache.catalina.core.ApplicationFilterChain.internalDoFilter(Ljavax/servlet/ServletRequest;Ljavax/servlet/ServletResponse;)V+135
j  org.apache.catalina.core.ApplicationFilterChain.doFilter(Ljavax/servlet/ServletRequest;Ljavax/servlet/ServletResponse;)V+101
j  org.springframework.web.filter.HiddenHttpMethodFilter.doFilterInternal(Ljavax/servlet/http/HttpServletRequest;Ljavax/servlet/http/HttpServletResponse;Ljavax/servlet/FilterChain;)V+87
j  org.springframework.web.filter.OncePerRequestFilter.doFilter(Ljavax/servlet/ServletRequest;Ljavax/servlet/ServletResponse;Ljavax/servlet/FilterChain;)V+111
j  org.apache.catalina.core.ApplicationFilterChain.internalDoFilter(Ljavax/servlet/ServletRequest;Ljavax/servlet/ServletResponse;)V+135
j  org.apache.catalina.core.ApplicationFilterChain.doFilter(Ljavax/servlet/ServletRequest;Ljavax/servlet/ServletResponse;)V+101
j  org.springframework.web.filter.CharacterEncodingFilter.doFilterInternal(Ljavax/servlet/http/HttpServletRequest;Ljavax/servlet/http/HttpServletResponse;Ljavax/servlet/FilterChain;)V+53
j  org.springframework.web.filter.OncePerRequestFilter.doFilter(Ljavax/servlet/ServletRequest;Ljavax/servlet/ServletResponse;Ljavax/servlet/FilterChain;)V+111
j  org.apache.catalina.core.ApplicationFilterChain.internalDoFilter(Ljavax/servlet/ServletRequest;Ljavax/servlet/ServletResponse;)V+135
j  org.apache.catalina.core.ApplicationFilterChain.doFilter(Ljavax/servlet/ServletRequest;Ljavax/servlet/ServletResponse;)V+101
j  org.apache.catalina.core.StandardWrapperValve.invoke(Lorg/apache/catalina/connector/Request;Lorg/apache/catalina/connector/Response;)V+688
j  org.apache.catalina.core.StandardContextValve.invoke(Lorg/apache/catalina/connector/Request;Lorg/apache/catalina/connector/Response;)V+166
j  org.apache.catalina.authenticator.AuthenticatorBase.invoke(Lorg/apache/catalina/connector/Request;Lorg/apache/catalina/connector/Response;)V+260
j  org.apache.catalina.core.StandardHostValve.invoke(Lorg/apache/catalina/connector/Request;Lorg/apache/catalina/connector/Response;)V+114
j  org.apache.catalina.valves.ErrorReportValve.invoke(Lorg/apache/catalina/connector/Request;Lorg/apache/catalina/connector/Response;)V+6
j  org.apache.catalina.core.StandardEngineValve.invoke(Lorg/apache/catalina/connector/Request;Lorg/apache/catalina/connector/Response;)V+45
j  org.apache.catalina.connector.CoyoteAdapter.service(Lorg/apache/coyote/Request;Lorg/apache/coyote/Response;)V+199
j  org.apache.coyote.http11.Http11Processor.service(Lorg/apache/tomcat/util/net/SocketWrapperBase;)Lorg/apache/tomcat/util/net/AbstractEndpoint$Handler$SocketState;+791
j  org.apache.coyote.AbstractProcessorLight.process(Lorg/apache/tomcat/util/net/SocketWrapperBase;Lorg/apache/tomcat/util/net/SocketEvent;)Lorg/apache/tomcat/util/net/AbstractEndpoint$Handler$SocketState;+113
j  org.apache.coyote.AbstractProtocol$ConnectionHandler.process(Lorg/apache/tomcat/util/net/SocketWrapperBase;Lorg/apache/tomcat/util/net/SocketEvent;)Lorg/apache/tomcat/util/net/AbstractEndpoint$Handler$SocketState;+414
j  org.apache.tomcat.util.net.NioEndpoint$SocketProcessor.doRun()V+191
j  org.apache.tomcat.util.net.SocketProcessorBase.run()V+21
j  java.util.concurrent.ThreadPoolExecutor.runWorker(Ljava/util/concurrent/ThreadPoolExecutor$Worker;)V+95
j  java.util.concurrent.ThreadPoolExecutor$Worker.run()V+5
j  org.apache.tomcat.util.threads.TaskThread$WrappingRunnable.run()V+4
j  java.lang.Thread.run()V+11
v  ~StubRoutines::call_stub

---------------  P R O C E S S  ---------------

Java Threads: ( => current thread )
  0x00000000016bb800 JavaThread "Java2D Disposer" daemon [_thread_blocked, id=7044, stack(0x00007f9f8ad00000,0x00007f9f8ae01000)]
  0x00007f9fbc00b000 JavaThread "DestroyJavaVM" [_thread_blocked, id=7013, stack(0x00007f9fc55b4000,0x00007f9fc56b4000)]
  0x00007f9fbc847000 JavaThread "http-nio-8080-AsyncTimeout" daemon [_thread_blocked, id=7039, stack(0x00007f9f8b715000,0x00007f9f8b816000)]
  0x00007f9fbc845800 JavaThread "http-nio-8080-Acceptor-0" daemon [_thread_in_native, id=7038, stack(0x00007f9f8b816000,0x00007f9f8b917000)]
  0x00007f9fbc83f000 JavaThread "http-nio-8080-ClientPoller-0" daemon [_thread_in_native, id=7037, stack(0x00007f9f8b917000,0x00007f9f8ba18000)]
  0x00007f9fbc824000 JavaThread "http-nio-8080-exec-10" daemon [_thread_blocked, id=7036, stack(0x00007f9f8ba18000,0x00007f9f8bb19000)]
  0x00007f9fbc822000 JavaThread "http-nio-8080-exec-9" daemon [_thread_blocked, id=7035, stack(0x00007f9f8bb19000,0x00007f9f8bc1a000)]
  0x00007f9fbc820800 JavaThread "http-nio-8080-exec-8" daemon [_thread_blocked, id=7034, stack(0x00007f9f8bc1a000,0x00007f9f8bd1b000)]
  0x00007f9fbc81e800 JavaThread "http-nio-8080-exec-7" daemon [_thread_blocked, id=7033, stack(0x00007f9f8bd1b000,0x00007f9f8be1c000)]
  0x00007f9fbc81c800 JavaThread "http-nio-8080-exec-6" daemon [_thread_blocked, id=7032, stack(0x00007f9f8be1c000,0x00007f9f8bf1d000)]
  0x00007f9fbc81a800 JavaThread "http-nio-8080-exec-5" daemon [_thread_blocked, id=7031, stack(0x00007f9f8bf1d000,0x00007f9f8c01e000)]
  0x00007f9fbc818000 JavaThread "http-nio-8080-exec-4" daemon [_thread_blocked, id=7030, stack(0x00007f9f8c01e000,0x00007f9f8c11f000)]
=>0x00007f9fbc816000 JavaThread "http-nio-8080-exec-3" daemon [_thread_in_native, id=7029, stack(0x00007f9f8c11f000,0x00007f9f8c220000)]
  0x00007f9fbc814800 JavaThread "http-nio-8080-exec-2" daemon [_thread_blocked, id=7028, stack(0x00007f9f8c220000,0x00007f9f8c321000)]
  0x00007f9fbc80c000 JavaThread "http-nio-8080-exec-1" daemon [_thread_blocked, id=7027, stack(0x00007f9f8c321000,0x00007f9f8c422000)]
  0x00007f9fbc7c9800 JavaThread "NioBlockingSelector.BlockPoller-1" daemon [_thread_in_native, id=7026, stack(0x00007f9f8c8fe000,0x00007f9f8c9ff000)]
  0x00007f9fbc741800 JavaThread "container-0" [_thread_blocked, id=7025, stack(0x00007f9fac4e4000,0x00007f9fac5e5000)]
  0x00007f9fbc638000 JavaThread "ContainerBackgroundProcessor[StandardEngine[Tomcat]]" daemon [_thread_blocked, id=7024, stack(0x00007f9fc092b000,0x00007f9fc0a2c000)]
  0x00007f9fbc0df000 JavaThread "Service Thread" daemon [_thread_blocked, id=7020, stack(0x00007f9fc0d2d000,0x00007f9fc0e2e000)]
  0x00007f9fbc0dc000 JavaThread "C1 CompilerThread1" daemon [_thread_blocked, id=7019, stack(0x00007f9fc0e2f000,0x00007f9fc0f2f000)]
  0x00007f9fbc0d9800 JavaThread "C2 CompilerThread0" daemon [_thread_blocked, id=7018, stack(0x00007f9fc0f30000,0x00007f9fc1030000)]
  0x00007f9fbc0d8000 JavaThread "Signal Dispatcher" daemon [_thread_blocked, id=7017, stack(0x00007f9fc1030000,0x00007f9fc1131000)]
  0x00007f9fbc0a3000 JavaThread "Finalizer" daemon [_thread_blocked, id=7016, stack(0x00007f9fc1470000,0x00007f9fc1571000)]
  0x00007f9fbc0a0800 JavaThread "Reference Handler" daemon [_thread_blocked, id=7015, stack(0x00007f9fc1571000,0x00007f9fc1672000)]

Other Threads:
  0x00007f9fbc096800 VMThread [stack: 0x00007f9fc1673000,0x00007f9fc1773000] [id=7014]
  0x00007f9fbc0e4000 WatcherThread [stack: 0x00007f9fc0c2d000,0x00007f9fc0d2d000] [id=7021]

VM state:not at safepoint (normal execution)

VM Mutex/Monitor currently owned by a thread: None

Heap:
 def new generation   total 12736K, used 5902K [0x00000000f0a00000, 0x00000000f17d0000, 0x00000000f5c00000)
  eden space 11328K,  51% used [0x00000000f0a00000, 0x00000000f0fb95d8, 0x00000000f1510000)
  from space 1408K,   2% used [0x00000000f1510000, 0x00000000f151a2e0, 0x00000000f1670000)
  to   space 1408K,   0% used [0x00000000f1670000, 0x00000000f1670000, 0x00000000f17d0000)
 tenured generation   total 28160K, used 24872K [0x00000000f5c00000, 0x00000000f7780000, 0x0000000100000000)
   the space 28160K,  88% used [0x00000000f5c00000, 0x00000000f744a150, 0x00000000f744a200, 0x00000000f7780000)
 Metaspace       used 39464K, capacity 41184K, committed 41600K, reserved 1085440K
  class space    used 5085K, capacity 5421K, committed 5504K, reserved 1048576K

Card table byte_map: [0x00007f9fc552f000,0x00007f9fc55ab000] byte_map_base: 0x00007f9fc4daa000

Polling page: 0x00007f9fc56bd000

CodeCache: size=245760Kb used=9292Kb max_used=9309Kb free=236467Kb
 bounds [0x00007f9fad000000, 0x00007f9fad930000, 0x00007f9fbc000000]
 total_blobs=3907 nmethods=3428 adapters=392
 compilation: enabled

Compilation events (10 events):
Event: 4786.766 Thread 0x00007f9fbc0d9800 3995       4       sun.awt.image.ByteInterleavedRaster::setRect (187 bytes)
Event: 4786.769 Thread 0x00007f9fbc0d9800 nmethod 3995 0x00007f9fad922a10 code [0x00007f9fad922ba0, 0x00007f9fad922ef8]
Event: 4786.773 Thread 0x00007f9fbc0d9800 3996       4       sun.awt.image.ByteInterleavedRaster::setDataElements (263 bytes)
Event: 4786.775 Thread 0x00007f9fbc0d9800 nmethod 3996 0x00007f9fad923350 code [0x00007f9fad9234c0, 0x00007f9fad923738]
Event: 4786.980 Thread 0x00007f9fbc0dc000 3997       3       com.github.jaiimageio.plugins.tiff.TIFFTagSet::getTag (21 bytes)
Event: 4786.981 Thread 0x00007f9fbc0dc000 nmethod 3997 0x00007f9fad922250 code [0x00007f9fad9223e0, 0x00007f9fad922840]
Event: 4786.981 Thread 0x00007f9fbc0dc000 3998       3       com.github.jaiimageio.plugins.tiff.TIFFDirectory::addTIFFField (79 bytes)
Event: 4786.981 Thread 0x00007f9fbc0dc000 nmethod 3998 0x00007f9fad921690 code [0x00007f9fad921860, 0x00007f9fad921f50]
Event: 4786.985 Thread 0x00007f9fbc0d9800 3999       4       sun.awt.image.ByteComponentRaster::verify (566 bytes)
Event: 4786.995 Thread 0x00007f9fbc0d9800 nmethod 3999 0x00007f9fad925690 code [0x00007f9fad925820, 0x00007f9fad925d78]

GC Heap History (10 events):
Event: 266.475 GC heap before
{Heap before GC invocations=148 (full 3):
 def new generation   total 12736K, used 11535K [0x00000000f0a00000, 0x00000000f17d0000, 0x00000000f5c00000)
  eden space 11328K, 100% used [0x00000000f0a00000, 0x00000000f1510000, 0x00000000f1510000)
  from space 1408K,  14% used [0x00000000f1670000, 0x00000000f16a3c18, 0x00000000f17d0000)
  to   space 1408K,   0% used [0x00000000f1510000, 0x00000000f1510000, 0x00000000f1670000)
 tenured generation   total 28160K, used 22810K [0x00000000f5c00000, 0x00000000f7780000, 0x0000000100000000)
   the space 28160K,  81% used [0x00000000f5c00000, 0x00000000f72469f8, 0x00000000f7246a00, 0x00000000f7780000)
 Metaspace       used 39201K, capacity 40916K, committed 41344K, reserved 1085440K
  class space    used 5070K, capacity 5419K, committed 5504K, reserved 1048576K
Event: 266.477 GC heap after
Heap after GC invocations=149 (full 3):
 def new generation   total 12736K, used 190K [0x00000000f0a00000, 0x00000000f17d0000, 0x00000000f5c00000)
  eden space 11328K,   0% used [0x00000000f0a00000, 0x00000000f0a00000, 0x00000000f1510000)
  from space 1408K,  13% used [0x00000000f1510000, 0x00000000f153fbc8, 0x00000000f1670000)
  to   space 1408K,   0% used [0x00000000f1670000, 0x00000000f1670000, 0x00000000f17d0000)
 tenured generation   total 28160K, used 22810K [0x00000000f5c00000, 0x00000000f7780000, 0x0000000100000000)
   the space 28160K,  81% used [0x00000000f5c00000, 0x00000000f72469f8, 0x00000000f7246a00, 0x00000000f7780000)
 Metaspace       used 39201K, capacity 40916K, committed 41344K, reserved 1085440K
  class space    used 5070K, capacity 5419K, committed 5504K, reserved 1048576K
}
Event: 1162.267 GC heap before
{Heap before GC invocations=149 (full 3):
 def new generation   total 12736K, used 11518K [0x00000000f0a00000, 0x00000000f17d0000, 0x00000000f5c00000)
  eden space 11328K, 100% used [0x00000000f0a00000, 0x00000000f1510000, 0x00000000f1510000)
  from space 1408K,  13% used [0x00000000f1510000, 0x00000000f153fbc8, 0x00000000f1670000)
  to   space 1408K,   0% used [0x00000000f1670000, 0x00000000f1670000, 0x00000000f17d0000)
 tenured generation   total 28160K, used 22810K [0x00000000f5c00000, 0x00000000f7780000, 0x0000000100000000)
   the space 28160K,  81% used [0x00000000f5c00000, 0x00000000f72469f8, 0x00000000f7246a00, 0x00000000f7780000)
 Metaspace       used 39252K, capacity 40980K, committed 41344K, reserved 1085440K
  class space    used 5070K, capacity 5419K, committed 5504K, reserved 1048576K
Event: 1162.277 GC heap after
Heap after GC invocations=150 (full 3):
 def new generation   total 12736K, used 1121K [0x00000000f0a00000, 0x00000000f17d0000, 0x00000000f5c00000)
  eden space 11328K,   0% used [0x00000000f0a00000, 0x00000000f0a00000, 0x00000000f1510000)
  from space 1408K,  79% used [0x00000000f1670000, 0x00000000f1788708, 0x00000000f17d0000)
  to   space 1408K,   0% used [0x00000000f1510000, 0x00000000f1510000, 0x00000000f1670000)
 tenured generation   total 28160K, used 22810K [0x00000000f5c00000, 0x00000000f7780000, 0x0000000100000000)
   the space 28160K,  81% used [0x00000000f5c00000, 0x00000000f72469f8, 0x00000000f7246a00, 0x00000000f7780000)
 Metaspace       used 39252K, capacity 40980K, committed 41344K, reserved 1085440K
  class space    used 5070K, capacity 5419K, committed 5504K, reserved 1048576K
}
Event: 4694.311 GC heap before
{Heap before GC invocations=150 (full 3):
 def new generation   total 12736K, used 12449K [0x00000000f0a00000, 0x00000000f17d0000, 0x00000000f5c00000)
  eden space 11328K, 100% used [0x00000000f0a00000, 0x00000000f1510000, 0x00000000f1510000)
  from space 1408K,  79% used [0x00000000f1670000, 0x00000000f1788708, 0x00000000f17d0000)
  to   space 1408K,   0% used [0x00000000f1510000, 0x00000000f1510000, 0x00000000f1670000)
 tenured generation   total 28160K, used 22810K [0x00000000f5c00000, 0x00000000f7780000, 0x0000000100000000)
   the space 28160K,  81% used [0x00000000f5c00000, 0x00000000f72469f8, 0x00000000f7246a00, 0x00000000f7780000)
 Metaspace       used 39428K, capacity 41120K, committed 41344K, reserved 1085440K
  class space    used 5085K, capacity 5421K, committed 5504K, reserved 1048576K
Event: 4694.315 GC heap after
Heap after GC invocations=151 (full 3):
 def new generation   total 12736K, used 1154K [0x00000000f0a00000, 0x00000000f17d0000, 0x00000000f5c00000)
  eden space 11328K,   0% used [0x00000000f0a00000, 0x00000000f0a00000, 0x00000000f1510000)
  from space 1408K,  81% used [0x00000000f1510000, 0x00000000f1630878, 0x00000000f1670000)
  to   space 1408K,   0% used [0x00000000f1670000, 0x00000000f1670000, 0x00000000f17d0000)
 tenured generation   total 28160K, used 22997K [0x00000000f5c00000, 0x00000000f7780000, 0x0000000100000000)
   the space 28160K,  81% used [0x00000000f5c00000, 0x00000000f7275618, 0x00000000f7275800, 0x00000000f7780000)
 Metaspace       used 39428K, capacity 41120K, committed 41344K, reserved 1085440K
  class space    used 5085K, capacity 5421K, committed 5504K, reserved 1048576K
}
Event: 4786.798 GC heap before
{Heap before GC invocations=151 (full 3):
 def new generation   total 12736K, used 12482K [0x00000000f0a00000, 0x00000000f17d0000, 0x00000000f5c00000)
  eden space 11328K, 100% used [0x00000000f0a00000, 0x00000000f1510000, 0x00000000f1510000)
  from space 1408K,  81% used [0x00000000f1510000, 0x00000000f1630878, 0x00000000f1670000)
  to   space 1408K,   0% used [0x00000000f1670000, 0x00000000f1670000, 0x00000000f17d0000)
 tenured generation   total 28160K, used 22997K [0x00000000f5c00000, 0x00000000f7780000, 0x0000000100000000)
   the space 28160K,  81% used [0x00000000f5c00000, 0x00000000f7275618, 0x00000000f7275800, 0x00000000f7780000)
 Metaspace       used 39463K, capacity 41184K, committed 41600K, reserved 1085440K
  class space    used 5085K, capacity 5421K, committed 5504K, reserved 1048576K
Event: 4786.801 GC heap after
Heap after GC invocations=152 (full 3):
 def new generation   total 12736K, used 35K [0x00000000f0a00000, 0x00000000f17d0000, 0x00000000f5c00000)
  eden space 11328K,   0% used [0x00000000f0a00000, 0x00000000f0a00000, 0x00000000f1510000)
  from space 1408K,   2% used [0x00000000f1670000, 0x00000000f1678de8, 0x00000000f17d0000)
  to   space 1408K,   0% used [0x00000000f1510000, 0x00000000f1510000, 0x00000000f1670000)
 tenured generation   total 28160K, used 24872K [0x00000000f5c00000, 0x00000000f7780000, 0x0000000100000000)
   the space 28160K,  88% used [0x00000000f5c00000, 0x00000000f744a150, 0x00000000f744a200, 0x00000000f7780000)
 Metaspace       used 39463K, capacity 41184K, committed 41600K, reserved 1085440K
  class space    used 5085K, capacity 5421K, committed 5504K, reserved 1048576K
}
Event: 4786.982 GC heap before
{Heap before GC invocations=152 (full 3):
 def new generation   total 12736K, used 10672K [0x00000000f0a00000, 0x00000000f17d0000, 0x00000000f5c00000)
  eden space 11328K,  93% used [0x00000000f0a00000, 0x00000000f1463420, 0x00000000f1510000)
  from space 1408K,   2% used [0x00000000f1670000, 0x00000000f1678de8, 0x00000000f17d0000)
  to   space 1408K,   0% used [0x00000000f1510000, 0x00000000f1510000, 0x00000000f1670000)
 tenured generation   total 28160K, used 24872K [0x00000000f5c00000, 0x00000000f7780000, 0x0000000100000000)
   the space 28160K,  88% used [0x00000000f5c00000, 0x00000000f744a150, 0x00000000f744a200, 0x00000000f7780000)
 Metaspace       used 39464K, capacity 41184K, committed 41600K, reserved 1085440K
  class space    used 5085K, capacity 5421K, committed 5504K, reserved 1048576K
Event: 4786.984 GC heap after
Heap after GC invocations=153 (full 3):
 def new generation   total 12736K, used 40K [0x00000000f0a00000, 0x00000000f17d0000, 0x00000000f5c00000)
  eden space 11328K,   0% used [0x00000000f0a00000, 0x00000000f0a00000, 0x00000000f1510000)
  from space 1408K,   2% used [0x00000000f1510000, 0x00000000f151a2e0, 0x00000000f1670000)
  to   space 1408K,   0% used [0x00000000f1670000, 0x00000000f1670000, 0x00000000f17d0000)
 tenured generation   total 28160K, used 24872K [0x00000000f5c00000, 0x00000000f7780000, 0x0000000100000000)
   the space 28160K,  88% used [0x00000000f5c00000, 0x00000000f744a150, 0x00000000f744a200, 0x00000000f7780000)
 Metaspace       used 39464K, capacity 41184K, committed 41600K, reserved 1085440K
  class space    used 5085K, capacity 5421K, committed 5504K, reserved 1048576K
}

Deoptimization events (10 events):
Event: 205.457 Thread 0x00007f9fbc818000 Uncommon trap: reason=class_check action=maybe_recompile pc=0x00007f9fad180728 method=java.lang.String.equals(Ljava/lang/Object;)Z @ 8
Event: 205.530 Thread 0x00007f9fbc0a0800 Uncommon trap: reason=unstable_if action=reinterpret pc=0x00007f9fad57e0cc method=java.lang.ref.Reference.tryHandlePending(Z)Z @ 20
Event: 207.569 Thread 0x00007f9fbc818000 Uncommon trap: reason=unstable_if action=reinterpret pc=0x00007f9fad54a39c method=sun.nio.cs.UTF_8$Decoder.decode([BII[C)I @ 30
Event: 210.399 Thread 0x00007f9fbc81a800 Uncommon trap: reason=class_check action=maybe_recompile pc=0x00007f9fad180728 method=java.lang.String.equals(Ljava/lang/Object;)Z @ 8
Event: 215.997 Thread 0x00007f9fbc81c800 Uncommon trap: reason=class_check action=maybe_recompile pc=0x00007f9fad180728 method=java.lang.String.equals(Ljava/lang/Object;)Z @ 8
Event: 264.990 Thread 0x00007f9fbc824000 Uncommon trap: reason=class_check action=maybe_recompile pc=0x00007f9fad180728 method=java.lang.String.equals(Ljava/lang/Object;)Z @ 8
Event: 4449.009 Thread 0x00007f9fbc822000 Uncommon trap: reason=bimorphic action=maybe_recompile pc=0x00007f9fad600c04 method=java.util.concurrent.ConcurrentHashMap.putVal(Ljava/lang/Object;Ljava/lang/Object;Z)Ljava/lang/Object; @ 192
Event: 4449.009 Thread 0x00007f9fbc822000 Uncommon trap: reason=bimorphic action=maybe_recompile pc=0x00007f9fad600c04 method=java.util.concurrent.ConcurrentHashMap.putVal(Ljava/lang/Object;Ljava/lang/Object;Z)Ljava/lang/Object; @ 192
Event: 4449.009 Thread 0x00007f9fbc824000 Uncommon trap: reason=bimorphic action=maybe_recompile pc=0x00007f9fad600c04 method=java.util.concurrent.ConcurrentHashMap.putVal(Ljava/lang/Object;Ljava/lang/Object;Z)Ljava/lang/Object; @ 192
Event: 4786.760 Thread 0x00007f9fbc816000 Uncommon trap: reason=unstable_if action=reinterpret pc=0x00007f9fad8e2338 method=com.sun.imageio.plugins.jpeg.JPEGImageReader.acceptPixels(IZ)V @ 126

Classes redefined (0 events):
No events

Internal exceptions (10 events):
Event: 4397.213 Thread 0x00007f9fbc824000 Exception <a 'java/lang/ArrayIndexOutOfBoundsException': -1> (0x00000000f0fa8700) thrown at [/HUDSON/workspace/8-2-build-linux-amd64/jdk8u181/11358/hotspot/src/share/vm/interpreter/interpreterRuntime.cpp, line 366]
Event: 4448.975 Thread 0x00007f9fbc820800 Exception <a 'java/lang/ArrayIndexOutOfBoundsException'> (0x00000000f0f8a8c8) thrown at [/HUDSON/workspace/8-2-build-linux-amd64/jdk8u181/11358/hotspot/src/share/vm/runtime/sharedRuntime.cpp, line 605]
Event: 4448.995 Thread 0x00007f9fbc820800 Exception <a 'java/lang/ArrayIndexOutOfBoundsException'> (0x00000000f0ff9208) thrown at [/HUDSON/workspace/8-2-build-linux-amd64/jdk8u181/11358/hotspot/src/share/vm/runtime/sharedRuntime.cpp, line 605]
Event: 4448.995 Thread 0x00007f9fbc820800 Exception <a 'java/lang/ArrayIndexOutOfBoundsException'> (0x00000000f0ffab78) thrown at [/HUDSON/workspace/8-2-build-linux-amd64/jdk8u181/11358/hotspot/src/share/vm/runtime/sharedRuntime.cpp, line 605]
Event: 4448.996 Thread 0x00007f9fbc820800 Exception <a 'java/lang/ArrayIndexOutOfBoundsException'> (0x00000000f1006c10) thrown at [/HUDSON/workspace/8-2-build-linux-amd64/jdk8u181/11358/hotspot/src/share/vm/runtime/sharedRuntime.cpp, line 605]
Event: 4449.050 Thread 0x00007f9fbc824000 Exception <a 'java/lang/ArrayIndexOutOfBoundsException'> (0x00000000f0fc8380) thrown at [/HUDSON/workspace/8-2-build-linux-amd64/jdk8u181/11358/hotspot/src/share/vm/runtime/sharedRuntime.cpp, line 605]
Event: 4449.059 Thread 0x00007f9fbc824000 Exception <a 'java/lang/ArrayIndexOutOfBoundsException'> (0x00000000f10aee78) thrown at [/HUDSON/workspace/8-2-build-linux-amd64/jdk8u181/11358/hotspot/src/share/vm/runtime/sharedRuntime.cpp, line 605]
Event: 4449.077 Thread 0x00007f9fbc822000 Exception <a 'java/lang/ArrayIndexOutOfBoundsException'> (0x00000000f101cfb8) thrown at [/HUDSON/workspace/8-2-build-linux-amd64/jdk8u181/11358/hotspot/src/share/vm/runtime/sharedRuntime.cpp, line 605]
Event: 4693.994 Thread 0x00007f9fbc80c000 Exception <a 'sun/nio/fs/UnixException'> (0x00000000f11676f8) thrown at [/HUDSON/workspace/8-2-build-linux-amd64/jdk8u181/11358/hotspot/src/share/vm/prims/jni.cpp, line 709]
Event: 4786.756 Thread 0x00007f9fbc816000 Exception <a 'sun/nio/fs/UnixException'> (0x00000000f0e10f28) thrown at [/HUDSON/workspace/8-2-build-linux-amd64/jdk8u181/11358/hotspot/src/share/vm/prims/jni.cpp, line 709]

Events (10 events):
Event: 4786.981 Thread 0x00007f9fbc0dc000 flushing nmethod 0x00007f9fad10a750
Event: 4786.981 Thread 0x00007f9fbc0dc000 flushing nmethod 0x00007f9fad13c110
Event: 4786.982 Executing VM operation: GenCollectForAllocation
Event: 4786.984 Executing VM operation: GenCollectForAllocation done
Event: 4786.984 Executing VM operation: RevokeBias
Event: 4786.984 Executing VM operation: RevokeBias done
Event: 4786.984 Executing VM operation: RevokeBias
Event: 4786.984 Executing VM operation: RevokeBias done
Event: 4786.995 Thread 0x00007f9fbc0d9800 flushing nmethod 0x00007f9fad1db510
Event: 4786.995 Thread 0x00007f9fbc0d9800 flushing nmethod 0x00007f9fad1de110


Dynamic libraries:
00400000-00401000 r-xp 00000000 ca:01 256396                             /usr/lib/jdk1.8.0_181/bin/java
00600000-00601000 rw-p 00000000 ca:01 256396                             /usr/lib/jdk1.8.0_181/bin/java
01603000-07658000 rw-p 00000000 00:00 0                                  [heap]
f0a00000-f17d0000 rw-p 00000000 00:00 0 
f17d0000-f5c00000 ---p 00000000 00:00 0 
f5c00000-f7780000 rw-p 00000000 00:00 0 
f7780000-100000000 ---p 00000000 00:00 0 
100000000-100560000 rw-p 00000000 00:00 0 
100560000-140000000 ---p 00000000 00:00 0 
7f9f7f0c3000-7f9f7f0c4000 ---p 00000000 00:00 0 
7f9f7f0c4000-7f9f7f8c4000 rw-p 00000000 00:00 0 
7f9f7f8c4000-7f9f7f8c5000 ---p 00000000 00:00 0 
7f9f7f8c5000-7f9f800c5000 rw-p 00000000 00:00 0 
7f9f800c5000-7f9f800c6000 ---p 00000000 00:00 0 
7f9f800c6000-7f9f808c6000 rw-p 00000000 00:00 0 
7f9f808c6000-7f9f808c7000 ---p 00000000 00:00 0 
7f9f808c7000-7f9f810c7000 rw-p 00000000 00:00 0 
7f9f810c7000-7f9f810c8000 ---p 00000000 00:00 0 
7f9f810c8000-7f9f818c8000 rw-p 00000000 00:00 0 
7f9f818c8000-7f9f818c9000 ---p 00000000 00:00 0 
7f9f818c9000-7f9f820c9000 rw-p 00000000 00:00 0 
7f9f820c9000-7f9f820ca000 ---p 00000000 00:00 0 
7f9f820ca000-7f9f828ca000 rw-p 00000000 00:00 0 
7f9f828ca000-7f9f828cb000 ---p 00000000 00:00 0 
7f9f828cb000-7f9f830cb000 rw-p 00000000 00:00 0 
7f9f830cb000-7f9f830cc000 ---p 00000000 00:00 0 
7f9f830cc000-7f9f838cc000 rw-p 00000000 00:00 0 
7f9f838cc000-7f9f838cd000 ---p 00000000 00:00 0 
7f9f838cd000-7f9f840cd000 rw-p 00000000 00:00 0 
7f9f840cd000-7f9f840ce000 ---p 00000000 00:00 0 
7f9f840ce000-7f9f848ce000 rw-p 00000000 00:00 0 
7f9f848ce000-7f9f848cf000 ---p 00000000 00:00 0 
7f9f848cf000-7f9f850cf000 rw-p 00000000 00:00 0 
7f9f850cf000-7f9f850d0000 ---p 00000000 00:00 0 
7f9f850d0000-7f9f858d0000 rw-p 00000000 00:00 0 
7f9f858d0000-7f9f858d1000 ---p 00000000 00:00 0 
7f9f858d1000-7f9f860d1000 rw-p 00000000 00:00 0 
7f9f860d1000-7f9f860d2000 ---p 00000000 00:00 0 
7f9f860d2000-7f9f868d2000 rw-p 00000000 00:00 0 
7f9f868d2000-7f9f868d3000 ---p 00000000 00:00 0 
7f9f868d3000-7f9f870d3000 rw-p 00000000 00:00 0 
7f9f870d3000-7f9f870d4000 ---p 00000000 00:00 0 
7f9f870d4000-7f9f878d4000 rw-p 00000000 00:00 0 
7f9f878d4000-7f9f878d5000 ---p 00000000 00:00 0 
7f9f878d5000-7f9f88215000 rw-p 00000000 00:00 0 
7f9f88215000-7f9f882d5000 ---p 00000000 00:00 0 
7f9f882d5000-7f9f882e0000 r-xp 00000000 ca:01 55284                      /usr/lib/x86_64-linux-gnu/libjbig.so.0
7f9f882e0000-7f9f884df000 ---p 0000b000 ca:01 55284                      /usr/lib/x86_64-linux-gnu/libjbig.so.0
7f9f884df000-7f9f884e0000 r--p 0000a000 ca:01 55284                      /usr/lib/x86_64-linux-gnu/libjbig.so.0
7f9f884e0000-7f9f884e3000 rw-p 0000b000 ca:01 55284                      /usr/lib/x86_64-linux-gnu/libjbig.so.0
7f9f884e3000-7f9f88507000 r-xp 00000000 ca:01 2094                       /lib/x86_64-linux-gnu/liblzma.so.5.2.2
7f9f88507000-7f9f88707000 ---p 00024000 ca:01 2094                       /lib/x86_64-linux-gnu/liblzma.so.5.2.2
7f9f88707000-7f9f88708000 r--p 00024000 ca:01 2094                       /lib/x86_64-linux-gnu/liblzma.so.5.2.2
7f9f88708000-7f9f88709000 rw-p 00025000 ca:01 2094                       /lib/x86_64-linux-gnu/liblzma.so.5.2.2
7f9f88709000-7f9f8875d000 r-xp 00000000 ca:01 55278                      /usr/lib/x86_64-linux-gnu/libopenjp2.so.2.3.0
7f9f8875d000-7f9f8895d000 ---p 00054000 ca:01 55278                      /usr/lib/x86_64-linux-gnu/libopenjp2.so.2.3.0
7f9f8895d000-7f9f8895e000 r--p 00054000 ca:01 55278                      /usr/lib/x86_64-linux-gnu/libopenjp2.so.2.3.0
7f9f8895e000-7f9f8895f000 rw-p 00055000 ca:01 55278                      /usr/lib/x86_64-linux-gnu/libopenjp2.so.2.3.0
7f9f8895f000-7f9f889c5000 r-xp 00000000 ca:01 55296                      /usr/lib/x86_64-linux-gnu/libwebp.so.6.0.2
7f9f889c5000-7f9f88bc4000 ---p 00066000 ca:01 55296                      /usr/lib/x86_64-linux-gnu/libwebp.so.6.0.2
7f9f88bc4000-7f9f88bc5000 r--p 00065000 ca:01 55296                      /usr/lib/x86_64-linux-gnu/libwebp.so.6.0.2
7f9f88bc5000-7f9f88bc6000 rw-p 00066000 ca:01 55296                      /usr/lib/x86_64-linux-gnu/libwebp.so.6.0.2
7f9f88bc6000-7f9f88bc8000 rw-p 00000000 00:00 0 
7f9f88bc8000-7f9f88c3b000 r-xp 00000000 ca:01 55289                      /usr/lib/x86_64-linux-gnu/libtiff.so.5.3.0
7f9f88c3b000-7f9f88e3a000 ---p 00073000 ca:01 55289                      /usr/lib/x86_64-linux-gnu/libtiff.so.5.3.0
7f9f88e3a000-7f9f88e3e000 r--p 00072000 ca:01 55289                      /usr/lib/x86_64-linux-gnu/libtiff.so.5.3.0
7f9f88e3e000-7f9f88e3f000 rw-p 00076000 ca:01 55289                      /usr/lib/x86_64-linux-gnu/libtiff.so.5.3.0
7f9f88e3f000-7f9f88e47000 r-xp 00000000 ca:01 55248                      /usr/lib/x86_64-linux-gnu/libgif.so.7.0.0
7f9f88e47000-7f9f89046000 ---p 00008000 ca:01 55248                      /usr/lib/x86_64-linux-gnu/libgif.so.7.0.0
7f9f89046000-7f9f89047000 r--p 00007000 ca:01 55248                      /usr/lib/x86_64-linux-gnu/libgif.so.7.0.0
7f9f89047000-7f9f89048000 rw-p 00008000 ca:01 55248                      /usr/lib/x86_64-linux-gnu/libgif.so.7.0.0
7f9f89048000-7f9f890af000 r-xp 00000000 ca:01 55216                      /usr/lib/x86_64-linux-gnu/libjpeg.so.8.1.2
7f9f890af000-7f9f892ae000 ---p 00067000 ca:01 55216                      /usr/lib/x86_64-linux-gnu/libjpeg.so.8.1.2
7f9f892ae000-7f9f892af000 r--p 00066000 ca:01 55216                      /usr/lib/x86_64-linux-gnu/libjpeg.so.8.1.2
7f9f892af000-7f9f892b0000 rw-p 00067000 ca:01 55216                      /usr/lib/x86_64-linux-gnu/libjpeg.so.8.1.2
7f9f892b0000-7f9f892e1000 r-xp 00000000 ca:01 6477                       /usr/lib/x86_64-linux-gnu/libpng16.so.16.34.0
7f9f892e1000-7f9f894e0000 ---p 00031000 ca:01 6477                       /usr/lib/x86_64-linux-gnu/libpng16.so.16.34.0
7f9f894e0000-7f9f894e1000 r--p 00030000 ca:01 6477                       /usr/lib/x86_64-linux-gnu/libpng16.so.16.34.0
7f9f894e1000-7f9f894e2000 rw-p 00031000 ca:01 6477                       /usr/lib/x86_64-linux-gnu/libpng16.so.16.34.0
7f9f894e2000-7f9f894fe000 r-xp 00000000 ca:01 2185                       /lib/x86_64-linux-gnu/libz.so.1.2.11
7f9f894fe000-7f9f896fd000 ---p 0001c000 ca:01 2185                       /lib/x86_64-linux-gnu/libz.so.1.2.11
7f9f896fd000-7f9f896fe000 r--p 0001b000 ca:01 2185                       /lib/x86_64-linux-gnu/libz.so.1.2.11
7f9f896fe000-7f9f896ff000 rw-p 0001c000 ca:01 2185                       /lib/x86_64-linux-gnu/libz.so.1.2.11
7f9f896ff000-7f9f8972d000 r-xp 00000000 ca:01 55254                      /usr/lib/x86_64-linux-gnu/libgomp.so.1.0.0
7f9f8972d000-7f9f8992c000 ---p 0002e000 ca:01 55254                      /usr/lib/x86_64-linux-gnu/libgomp.so.1.0.0
7f9f8992c000-7f9f8992d000 r--p 0002d000 ca:01 55254                      /usr/lib/x86_64-linux-gnu/libgomp.so.1.0.0
7f9f8992d000-7f9f8992e000 rw-p 0002e000 ca:01 55254                      /usr/lib/x86_64-linux-gnu/libgomp.so.1.0.0
7f9f8992e000-7f9f89945000 r-xp 00000000 ca:01 25722                      /lib/x86_64-linux-gnu/libgcc_s.so.1
7f9f89945000-7f9f89b44000 ---p 00017000 ca:01 25722                      /lib/x86_64-linux-gnu/libgcc_s.so.1
7f9f89b44000-7f9f89b45000 r--p 00016000 ca:01 25722                      /lib/x86_64-linux-gnu/libgcc_s.so.1
7f9f89b45000-7f9f89b46000 rw-p 00017000 ca:01 25722                      /lib/x86_64-linux-gnu/libgcc_s.so.1
7f9f89b46000-7f9f89cbf000 r-xp 00000000 ca:01 55091                      /usr/lib/x86_64-linux-gnu/libstdc++.so.6.0.25
7f9f89cbf000-7f9f89ebf000 ---p 00179000 ca:01 55091                      /usr/lib/x86_64-linux-gnu/libstdc++.so.6.0.25
7f9f89ebf000-7f9f89ec9000 r--p 00179000 ca:01 55091                      /usr/lib/x86_64-linux-gnu/libstdc++.so.6.0.25
7f9f89ec9000-7f9f89ecb000 rw-p 00183000 ca:01 55091                      /usr/lib/x86_64-linux-gnu/libstdc++.so.6.0.25
7f9f89ecb000-7f9f89ecf000 rw-p 00000000 00:00 0 
7f9f89ecf000-7f9f8a12b000 r-xp 00000000 ca:01 55302                      /usr/lib/x86_64-linux-gnu/liblept.so.5.0.2
7f9f8a12b000-7f9f8a32a000 ---p 0025c000 ca:01 55302                      /usr/lib/x86_64-linux-gnu/liblept.so.5.0.2
7f9f8a32a000-7f9f8a32b000 r--p 0025b000 ca:01 55302                      /usr/lib/x86_64-linux-gnu/liblept.so.5.0.2
7f9f8a32b000-7f9f8a331000 rw-p 0025c000 ca:01 55302                      /usr/lib/x86_64-linux-gnu/liblept.so.5.0.2
7f9f8a331000-7f9f8a63e000 r-xp 00000000 ca:01 55336                      /usr/lib/x86_64-linux-gnu/libtesseract.so.4.0.0
7f9f8a63e000-7f9f8a83d000 ---p 0030d000 ca:01 55336                      /usr/lib/x86_64-linux-gnu/libtesseract.so.4.0.0
7f9f8a83d000-7f9f8a842000 r--p 0030c000 ca:01 55336                      /usr/lib/x86_64-linux-gnu/libtesseract.so.4.0.0
7f9f8a842000-7f9f8a843000 rw-p 00311000 ca:01 55336                      /usr/lib/x86_64-linux-gnu/libtesseract.so.4.0.0
7f9f8a843000-7f9f8aae7000 rw-p 00000000 00:00 0 
7f9f8aae7000-7f9f8aaff000 r-xp 00000000 ca:01 267109                     /tmp/jna-3506402/jna1298832409587355173.tmp (deleted)
7f9f8aaff000-7f9f8acff000 ---p 00018000 ca:01 267109                     /tmp/jna-3506402/jna1298832409587355173.tmp (deleted)
7f9f8acff000-7f9f8ad00000 rw-p 00018000 ca:01 267109                     /tmp/jna-3506402/jna1298832409587355173.tmp (deleted)
7f9f8ad00000-7f9f8ad03000 ---p 00000000 00:00 0 
7f9f8ad03000-7f9f8ae01000 rw-p 00000000 00:00 0 
7f9f8ae01000-7f9f8ae3c000 r-xp 00000000 ca:01 258057                     /usr/lib/jdk1.8.0_181/jre/lib/amd64/libjpeg.so
7f9f8ae3c000-7f9f8b03b000 ---p 0003b000 ca:01 258057                     /usr/lib/jdk1.8.0_181/jre/lib/amd64/libjpeg.so
7f9f8b03b000-7f9f8b03c000 rw-p 0003a000 ca:01 258057                     /usr/lib/jdk1.8.0_181/jre/lib/amd64/libjpeg.so
7f9f8b03c000-7f9f8b043000 r-xp 00000000 ca:01 258123                     /usr/lib/jdk1.8.0_181/jre/lib/amd64/libawt_headless.so
7f9f8b043000-7f9f8b242000 ---p 00007000 ca:01 258123                     /usr/lib/jdk1.8.0_181/jre/lib/amd64/libawt_headless.so
7f9f8b242000-7f9f8b243000 rw-p 00006000 ca:01 258123                     /usr/lib/jdk1.8.0_181/jre/lib/amd64/libawt_headless.so
7f9f8b243000-7f9f8b2e5000 r-xp 00000000 ca:01 258105                     /usr/lib/jdk1.8.0_181/jre/lib/amd64/libawt.so
7f9f8b2e5000-7f9f8b4e5000 ---p 000a2000 ca:01 258105                     /usr/lib/jdk1.8.0_181/jre/lib/amd64/libawt.so
7f9f8b4e5000-7f9f8b4f1000 rw-p 000a2000 ca:01 258105                     /usr/lib/jdk1.8.0_181/jre/lib/amd64/libawt.so
7f9f8b4f1000-7f9f8b715000 rw-p 00000000 00:00 0 
7f9f8b715000-7f9f8b718000 ---p 00000000 00:00 0 
7f9f8b718000-7f9f8b816000 rw-p 00000000 00:00 0 
7f9f8b816000-7f9f8b819000 ---p 00000000 00:00 0 
7f9f8b819000-7f9f8b917000 rw-p 00000000 00:00 0 
7f9f8b917000-7f9f8b91a000 ---p 00000000 00:00 0 
7f9f8b91a000-7f9f8ba18000 rw-p 00000000 00:00 0 
7f9f8ba18000-7f9f8ba1b000 ---p 00000000 00:00 0 
7f9f8ba1b000-7f9f8bb19000 rw-p 00000000 00:00 0 
7f9f8bb19000-7f9f8bb1c000 ---p 00000000 00:00 0 
7f9f8bb1c000-7f9f8bc1a000 rw-p 00000000 00:00 0 
7f9f8bc1a000-7f9f8bc1d000 ---p 00000000 00:00 0 
7f9f8bc1d000-7f9f8bd1b000 rw-p 00000000 00:00 0 
7f9f8bd1b000-7f9f8bd1e000 ---p 00000000 00:00 0 
7f9f8bd1e000-7f9f8be1c000 rw-p 00000000 00:00 0 
7f9f8be1c000-7f9f8be1f000 ---p 00000000 00:00 0 
7f9f8be1f000-7f9f8bf1d000 rw-p 00000000 00:00 0 
7f9f8bf1d000-7f9f8bf20000 ---p 00000000 00:00 0 
7f9f8bf20000-7f9f8c01e000 rw-p 00000000 00:00 0 
7f9f8c01e000-7f9f8c021000 ---p 00000000 00:00 0 
7f9f8c021000-7f9f8c11f000 rw-p 00000000 00:00 0 
7f9f8c11f000-7f9f8c122000 ---p 00000000 00:00 0 
7f9f8c122000-7f9f8c220000 rw-p 00000000 00:00 0 
7f9f8c220000-7f9f8c223000 ---p 00000000 00:00 0 
7f9f8c223000-7f9f8c321000 rw-p 00000000 00:00 0 
7f9f8c321000-7f9f8c324000 ---p 00000000 00:00 0 
7f9f8c324000-7f9f8c622000 rw-p 00000000 00:00 0 
7f9f8c622000-7f9f8c822000 rw-p 00000000 00:00 0 
7f9f8c8fe000-7f9f8c901000 ---p 00000000 00:00 0 
7f9f8c901000-7f9f8cbff000 rw-p 00000000 00:00 0 
7f9f8cbff000-7f9f8cdff000 rw-p 00000000 00:00 0 
7f9f8cdff000-7f9f8cfff000 rw-p 00000000 00:00 0 
7f9f8cfff000-7f9f90000000 rw-p 00000000 00:00 0 
7f9f90000000-7f9f93bc5000 rw-p 00000000 00:00 0 
7f9f93bc5000-7f9f94000000 ---p 00000000 00:00 0 
7f9f94000000-7f9f971f5000 rw-p 00000000 00:00 0 
7f9f971f5000-7f9f98000000 ---p 00000000 00:00 0 
7f9f98000000-7f9f98033000 rw-p 00000000 00:00 0 
7f9f98033000-7f9f9c000000 ---p 00000000 00:00 0 
7f9f9c000000-7f9f9cc30000 rw-p 00000000 00:00 0 
7f9f9cc30000-7f9fa0000000 ---p 00000000 00:00 0 
7f9fa0000000-7f9fa3f0e000 rw-p 00000000 00:00 0 
7f9fa3f0e000-7f9fa4000000 ---p 00000000 00:00 0 
7f9fa4000000-7f9fa403a000 rw-p 00000000 00:00 0 
7f9fa403a000-7f9fa8000000 ---p 00000000 00:00 0 
7f9fa8000000-7f9fa81c1000 rw-p 00000000 00:00 0 
7f9fa81c1000-7f9fac000000 ---p 00000000 00:00 0 
7f9fac0d3000-7f9fac0e4000 r-xp 00000000 ca:01 258115                     /usr/lib/jdk1.8.0_181/jre/lib/amd64/libnio.so
7f9fac0e4000-7f9fac2e3000 ---p 00011000 ca:01 258115                     /usr/lib/jdk1.8.0_181/jre/lib/amd64/libnio.so
7f9fac2e3000-7f9fac2e4000 rw-p 00010000 ca:01 258115                     /usr/lib/jdk1.8.0_181/jre/lib/amd64/libnio.so
7f9fac2e4000-7f9fac4e4000 rw-p 00000000 00:00 0 
7f9fac4e4000-7f9fac4e7000 ---p 00000000 00:00 0 
7f9fac4e7000-7f9fac7e5000 rw-p 00000000 00:00 0 
7f9fac7e5000-7f9fac9e5000 rw-p 00000000 00:00 0 
7f9fac9e5000-7f9facbe5000 rw-p 00000000 00:00 0 
7f9facbe5000-7f9facde5000 rw-p 00000000 00:00 0 
7f9facde5000-7f9facdfc000 r-xp 00000000 ca:01 2181                       /lib/x86_64-linux-gnu/libresolv-2.27.so
7f9facdfc000-7f9facffc000 ---p 00017000 ca:01 2181                       /lib/x86_64-linux-gnu/libresolv-2.27.so
7f9facffc000-7f9facffd000 r--p 00017000 ca:01 2181                       /lib/x86_64-linux-gnu/libresolv-2.27.so
7f9facffd000-7f9facffe000 rw-p 00018000 ca:01 2181                       /lib/x86_64-linux-gnu/libresolv-2.27.so
7f9facffe000-7f9fad000000 rw-p 00000000 00:00 0 
7f9fad000000-7f9fad930000 rwxp 00000000 00:00 0 
7f9fad930000-7f9fbc000000 ---p 00000000 00:00 0 
7f9fbc000000-7f9fbf711000 rw-p 00000000 00:00 0 
7f9fbf711000-7f9fc0000000 ---p 00000000 00:00 0 
7f9fc0010000-7f9fc0013000 ---p 00000000 00:00 0 
7f9fc0013000-7f9fc0049000 rw-p 00000000 00:00 0 
7f9fc0049000-7f9fc0053000 r--s 00116000 ca:01 257964                     /usr/lib/jdk1.8.0_181/jre/lib/ext/localedata.jar
7f9fc0053000-7f9fc006f000 r--s 00393000 ca:01 257957                     /usr/lib/jdk1.8.0_181/jre/lib/ext/cldrdata.jar
7f9fc006f000-7f9fc0074000 r-xp 00000000 ca:01 2088                       /lib/x86_64-linux-gnu/libnss_dns-2.27.so
7f9fc0074000-7f9fc0274000 ---p 00005000 ca:01 2088                       /lib/x86_64-linux-gnu/libnss_dns-2.27.so
7f9fc0274000-7f9fc0275000 r--p 00005000 ca:01 2088                       /lib/x86_64-linux-gnu/libnss_dns-2.27.so
7f9fc0275000-7f9fc0276000 rw-p 00006000 ca:01 2088                       /lib/x86_64-linux-gnu/libnss_dns-2.27.so
7f9fc0276000-7f9fc028c000 r-xp 00000000 ca:01 258112                     /usr/lib/jdk1.8.0_181/jre/lib/amd64/libnet.so
7f9fc028c000-7f9fc048c000 ---p 00016000 ca:01 258112                     /usr/lib/jdk1.8.0_181/jre/lib/amd64/libnet.so
7f9fc048c000-7f9fc048d000 rw-p 00016000 ca:01 258112                     /usr/lib/jdk1.8.0_181/jre/lib/amd64/libnet.so
7f9fc048d000-7f9fc0496000 r-xp 00000000 ca:01 258120                     /usr/lib/jdk1.8.0_181/jre/lib/amd64/libmanagement.so
7f9fc0496000-7f9fc0695000 ---p 00009000 ca:01 258120                     /usr/lib/jdk1.8.0_181/jre/lib/amd64/libmanagement.so
7f9fc0695000-7f9fc0696000 rw-p 00008000 ca:01 258120                     /usr/lib/jdk1.8.0_181/jre/lib/amd64/libmanagement.so
7f9fc0696000-7f9fc072b000 r--s 0110e000 ca:01 257958                     /usr/lib/jdk1.8.0_181/jre/lib/ext/jfxrt.jar
7f9fc072b000-7f9fc092b000 rw-p 00000000 00:00 0 
7f9fc092b000-7f9fc092e000 ---p 00000000 00:00 0 
7f9fc092e000-7f9fc0c2c000 rw-p 00000000 00:00 0 
7f9fc0c2c000-7f9fc0c2d000 ---p 00000000 00:00 0 
7f9fc0c2d000-7f9fc0d2d000 rw-p 00000000 00:00 0 
7f9fc0d2d000-7f9fc0d30000 ---p 00000000 00:00 0 
7f9fc0d30000-7f9fc0e2e000 rw-p 00000000 00:00 0 
7f9fc0e2e000-7f9fc0e2f000 ---p 00000000 00:00 0 
7f9fc0e2f000-7f9fc0e32000 ---p 00000000 00:00 0 
7f9fc0e32000-7f9fc0f2f000 rw-p 00000000 00:00 0 
7f9fc0f2f000-7f9fc0f30000 ---p 00000000 00:00 0 
7f9fc0f30000-7f9fc0f33000 ---p 00000000 00:00 0 
7f9fc0f33000-7f9fc1030000 rw-p 00000000 00:00 0 
7f9fc1030000-7f9fc1033000 ---p 00000000 00:00 0 
7f9fc1033000-7f9fc1131000 rw-p 00000000 00:00 0 
7f9fc1131000-7f9fc1162000 r--p 00000000 ca:01 7798                       /usr/lib/locale/C.UTF-8/LC_CTYPE
7f9fc1162000-7f9fc12d5000 r--p 00000000 ca:01 7797                       /usr/lib/locale/C.UTF-8/LC_COLLATE
7f9fc12d5000-7f9fc1470000 r--p 00000000 ca:01 7792                       /usr/lib/locale/locale-archive
7f9fc1470000-7f9fc1473000 ---p 00000000 00:00 0 
7f9fc1473000-7f9fc1571000 rw-p 00000000 00:00 0 
7f9fc1571000-7f9fc1574000 ---p 00000000 00:00 0 
7f9fc1574000-7f9fc1672000 rw-p 00000000 00:00 0 
7f9fc1672000-7f9fc1673000 ---p 00000000 00:00 0 
7f9fc1673000-7f9fc17c2000 rw-p 00000000 00:00 0 
7f9fc17c2000-7f9fc199c000 r--s 03d6b000 ca:01 257896                     /usr/lib/jdk1.8.0_181/jre/lib/rt.jar
7f9fc199c000-7f9fc226d000 rw-p 00000000 00:00 0 
7f9fc226d000-7f9fc2292000 rw-p 00000000 00:00 0 
7f9fc2292000-7f9fc262d000 ---p 00000000 00:00 0 
7f9fc262d000-7f9fc2648000 r-xp 00000000 ca:01 258108                     /usr/lib/jdk1.8.0_181/jre/lib/amd64/libzip.so
7f9fc2648000-7f9fc2848000 ---p 0001b000 ca:01 258108                     /usr/lib/jdk1.8.0_181/jre/lib/amd64/libzip.so
7f9fc2848000-7f9fc2849000 rw-p 0001b000 ca:01 258108                     /usr/lib/jdk1.8.0_181/jre/lib/amd64/libzip.so
7f9fc2849000-7f9fc2854000 r-xp 00000000 ca:01 2089                       /lib/x86_64-linux-gnu/libnss_files-2.27.so
7f9fc2854000-7f9fc2a53000 ---p 0000b000 ca:01 2089                       /lib/x86_64-linux-gnu/libnss_files-2.27.so
7f9fc2a53000-7f9fc2a54000 r--p 0000a000 ca:01 2089                       /lib/x86_64-linux-gnu/libnss_files-2.27.so
7f9fc2a54000-7f9fc2a55000 rw-p 0000b000 ca:01 2089                       /lib/x86_64-linux-gnu/libnss_files-2.27.so
7f9fc2a55000-7f9fc2a5b000 rw-p 00000000 00:00 0 
7f9fc2a5b000-7f9fc2a72000 r-xp 00000000 ca:01 2086                       /lib/x86_64-linux-gnu/libnsl-2.27.so
7f9fc2a72000-7f9fc2c71000 ---p 00017000 ca:01 2086                       /lib/x86_64-linux-gnu/libnsl-2.27.so
7f9fc2c71000-7f9fc2c72000 r--p 00016000 ca:01 2086                       /lib/x86_64-linux-gnu/libnsl-2.27.so
7f9fc2c72000-7f9fc2c73000 rw-p 00017000 ca:01 2086                       /lib/x86_64-linux-gnu/libnsl-2.27.so
7f9fc2c73000-7f9fc2c75000 rw-p 00000000 00:00 0 
7f9fc2c75000-7f9fc2c80000 r-xp 00000000 ca:01 2091                       /lib/x86_64-linux-gnu/libnss_nis-2.27.so
7f9fc2c80000-7f9fc2e7f000 ---p 0000b000 ca:01 2091                       /lib/x86_64-linux-gnu/libnss_nis-2.27.so
7f9fc2e7f000-7f9fc2e80000 r--p 0000a000 ca:01 2091                       /lib/x86_64-linux-gnu/libnss_nis-2.27.so
7f9fc2e80000-7f9fc2e81000 rw-p 0000b000 ca:01 2091                       /lib/x86_64-linux-gnu/libnss_nis-2.27.so
7f9fc2e81000-7f9fc2e89000 r-xp 00000000 ca:01 2087                       /lib/x86_64-linux-gnu/libnss_compat-2.27.so
7f9fc2e89000-7f9fc3089000 ---p 00008000 ca:01 2087                       /lib/x86_64-linux-gnu/libnss_compat-2.27.so
7f9fc3089000-7f9fc308a000 r--p 00008000 ca:01 2087                       /lib/x86_64-linux-gnu/libnss_compat-2.27.so
7f9fc308a000-7f9fc308b000 rw-p 00009000 ca:01 2087                       /lib/x86_64-linux-gnu/libnss_compat-2.27.so
7f9fc308b000-7f9fc30b6000 r-xp 00000000 ca:01 258102                     /usr/lib/jdk1.8.0_181/jre/lib/amd64/libjava.so
7f9fc30b6000-7f9fc32b5000 ---p 0002b000 ca:01 258102                     /usr/lib/jdk1.8.0_181/jre/lib/amd64/libjava.so
7f9fc32b5000-7f9fc32b7000 rw-p 0002a000 ca:01 258102                     /usr/lib/jdk1.8.0_181/jre/lib/amd64/libjava.so
7f9fc32b7000-7f9fc32c4000 r-xp 00000000 ca:01 258107                     /usr/lib/jdk1.8.0_181/jre/lib/amd64/libverify.so
7f9fc32c4000-7f9fc34c4000 ---p 0000d000 ca:01 258107                     /usr/lib/jdk1.8.0_181/jre/lib/amd64/libverify.so
7f9fc34c4000-7f9fc34c6000 rw-p 0000d000 ca:01 258107                     /usr/lib/jdk1.8.0_181/jre/lib/amd64/libverify.so
7f9fc34c6000-7f9fc34cd000 r-xp 00000000 ca:01 2182                       /lib/x86_64-linux-gnu/librt-2.27.so
7f9fc34cd000-7f9fc36cc000 ---p 00007000 ca:01 2182                       /lib/x86_64-linux-gnu/librt-2.27.so
7f9fc36cc000-7f9fc36cd000 r--p 00006000 ca:01 2182                       /lib/x86_64-linux-gnu/librt-2.27.so
7f9fc36cd000-7f9fc36ce000 rw-p 00007000 ca:01 2182                       /lib/x86_64-linux-gnu/librt-2.27.so
7f9fc36ce000-7f9fc386b000 r-xp 00000000 ca:01 2083                       /lib/x86_64-linux-gnu/libm-2.27.so
7f9fc386b000-7f9fc3a6a000 ---p 0019d000 ca:01 2083                       /lib/x86_64-linux-gnu/libm-2.27.so
7f9fc3a6a000-7f9fc3a6b000 r--p 0019c000 ca:01 2083                       /lib/x86_64-linux-gnu/libm-2.27.so
7f9fc3a6b000-7f9fc3a6c000 rw-p 0019d000 ca:01 2083                       /lib/x86_64-linux-gnu/libm-2.27.so
7f9fc3a6c000-7f9fc4748000 r-xp 00000000 ca:01 258084                     /usr/lib/jdk1.8.0_181/jre/lib/amd64/server/libjvm.so
7f9fc4748000-7f9fc4948000 ---p 00cdc000 ca:01 258084                     /usr/lib/jdk1.8.0_181/jre/lib/amd64/server/libjvm.so
7f9fc4948000-7f9fc4a22000 rw-p 00cdc000 ca:01 258084                     /usr/lib/jdk1.8.0_181/jre/lib/amd64/server/libjvm.so
7f9fc4a22000-7f9fc4a6d000 rw-p 00000000 00:00 0 
7f9fc4a6d000-7f9fc4c54000 r-xp 00000000 ca:01 2079                       /lib/x86_64-linux-gnu/libc-2.27.so
7f9fc4c54000-7f9fc4e54000 ---p 001e7000 ca:01 2079                       /lib/x86_64-linux-gnu/libc-2.27.so
7f9fc4e54000-7f9fc4e58000 r--p 001e7000 ca:01 2079                       /lib/x86_64-linux-gnu/libc-2.27.so
7f9fc4e58000-7f9fc4e5a000 rw-p 001eb000 ca:01 2079                       /lib/x86_64-linux-gnu/libc-2.27.so
7f9fc4e5a000-7f9fc4e5e000 rw-p 00000000 00:00 0 
7f9fc4e5e000-7f9fc4e61000 r-xp 00000000 ca:01 2082                       /lib/x86_64-linux-gnu/libdl-2.27.so
7f9fc4e61000-7f9fc5060000 ---p 00003000 ca:01 2082                       /lib/x86_64-linux-gnu/libdl-2.27.so
7f9fc5060000-7f9fc5061000 r--p 00002000 ca:01 2082                       /lib/x86_64-linux-gnu/libdl-2.27.so
7f9fc5061000-7f9fc5062000 rw-p 00003000 ca:01 2082                       /lib/x86_64-linux-gnu/libdl-2.27.so
7f9fc5062000-7f9fc5078000 r-xp 00000000 ca:01 257758                     /usr/lib/jdk1.8.0_181/lib/amd64/jli/libjli.so
7f9fc5078000-7f9fc5277000 ---p 00016000 ca:01 257758                     /usr/lib/jdk1.8.0_181/lib/amd64/jli/libjli.so
7f9fc5277000-7f9fc5278000 rw-p 00015000 ca:01 257758                     /usr/lib/jdk1.8.0_181/lib/amd64/jli/libjli.so
7f9fc5278000-7f9fc5292000 r-xp 00000000 ca:01 2180                       /lib/x86_64-linux-gnu/libpthread-2.27.so
7f9fc5292000-7f9fc5491000 ---p 0001a000 ca:01 2180                       /lib/x86_64-linux-gnu/libpthread-2.27.so
7f9fc5491000-7f9fc5492000 r--p 00019000 ca:01 2180                       /lib/x86_64-linux-gnu/libpthread-2.27.so
7f9fc5492000-7f9fc5493000 rw-p 0001a000 ca:01 2180                       /lib/x86_64-linux-gnu/libpthread-2.27.so
7f9fc5493000-7f9fc5497000 rw-p 00000000 00:00 0 
7f9fc5497000-7f9fc54be000 r-xp 00000000 ca:01 2075                       /lib/x86_64-linux-gnu/ld-2.27.so
7f9fc54c1000-7f9fc54c6000 r--s 002f9000 ca:01 257894                     /usr/lib/jdk1.8.0_181/jre/lib/charsets.jar
7f9fc54c6000-7f9fc54cb000 r--s 0009d000 ca:01 257953                     /usr/lib/jdk1.8.0_181/jre/lib/jsse.jar
7f9fc54cb000-7f9fc54cf000 r--s 058fa000 ca:01 1033568                    /opt/text-recognition/text-extractor-from-image/target/text-extractor-from-image-0.0.1-SNAPSHOT.jar
7f9fc54cf000-7f9fc54d0000 r--p 00000000 ca:01 7803                       /usr/lib/locale/C.UTF-8/LC_NUMERIC
7f9fc54d0000-7f9fc54d1000 r--p 00000000 ca:01 7806                       /usr/lib/locale/C.UTF-8/LC_TIME
7f9fc54d1000-7f9fc54d2000 r--p 00000000 ca:01 7801                       /usr/lib/locale/C.UTF-8/LC_MONETARY
7f9fc54d2000-7f9fc54d3000 r--p 00000000 ca:01 7795                       /usr/lib/locale/C.UTF-8/LC_MESSAGES/SYS_LC_MESSAGES
7f9fc54d3000-7f9fc54d4000 r--p 00000000 ca:01 7804                       /usr/lib/locale/C.UTF-8/LC_PAPER
7f9fc54d4000-7f9fc54d5000 r--p 00000000 ca:01 7802                       /usr/lib/locale/C.UTF-8/LC_NAME
7f9fc54d5000-7f9fc54dc000 r--s 00000000 ca:01 5017                       /usr/lib/x86_64-linux-gnu/gconv/gconv-modules.cache
7f9fc54dc000-7f9fc54ea000 rw-p 00000000 00:00 0 
7f9fc54ea000-7f9fc552f000 ---p 00000000 00:00 0 
7f9fc552f000-7f9fc5536000 rw-p 00000000 00:00 0 
7f9fc5536000-7f9fc5558000 ---p 00000000 00:00 0 
7f9fc5558000-7f9fc5566000 rw-p 00000000 00:00 0 
7f9fc5566000-7f9fc55aa000 ---p 00000000 00:00 0 
7f9fc55aa000-7f9fc55ab000 rw-p 00000000 00:00 0 
7f9fc55ab000-7f9fc55b3000 rw-s 00000000 ca:01 267050                     /tmp/hsperfdata_root/7012
7f9fc55b3000-7f9fc55b4000 ---p 00000000 00:00 0 
7f9fc55b4000-7f9fc55b7000 ---p 00000000 00:00 0 
7f9fc55b7000-7f9fc56b8000 rw-p 00000000 00:00 0 
7f9fc56b8000-7f9fc56b9000 r--p 00000000 ca:01 7796                       /usr/lib/locale/C.UTF-8/LC_ADDRESS
7f9fc56b9000-7f9fc56ba000 r--p 00000000 ca:01 7805                       /usr/lib/locale/C.UTF-8/LC_TELEPHONE
7f9fc56ba000-7f9fc56bb000 r--p 00000000 ca:01 7800                       /usr/lib/locale/C.UTF-8/LC_MEASUREMENT
7f9fc56bb000-7f9fc56bc000 r--p 00000000 ca:01 7799                       /usr/lib/locale/C.UTF-8/LC_IDENTIFICATION
7f9fc56bc000-7f9fc56bd000 rw-p 00000000 00:00 0 
7f9fc56bd000-7f9fc56be000 r--p 00000000 00:00 0 
7f9fc56be000-7f9fc56bf000 r--p 00027000 ca:01 2075                       /lib/x86_64-linux-gnu/ld-2.27.so
7f9fc56bf000-7f9fc56c0000 rw-p 00028000 ca:01 2075                       /lib/x86_64-linux-gnu/ld-2.27.so
7f9fc56c0000-7f9fc56c1000 rw-p 00000000 00:00 0 
7ffdb2052000-7ffdb2073000 rw-p 00000000 00:00 0                          [stack]
7ffdb20c2000-7ffdb20c5000 r--p 00000000 00:00 0                          [vvar]
7ffdb20c5000-7ffdb20c7000 r-xp 00000000 00:00 0                          [vdso]
ffffffffff600000-ffffffffff601000 r-xp 00000000 00:00 0                  [vsyscall]

VM Arguments:
java_command: target/text-extractor-from-image-0.0.1-SNAPSHOT.jar
java_class_path (initial): target/text-extractor-from-image-0.0.1-SNAPSHOT.jar
Launcher Type: SUN_STANDARD

Environment Variables:
PATH=/usr/local/sbin:/usr/local/bin:/usr/sbin:/usr/bin:/sbin:/bin:/usr/games:/usr/local/games:/usr/lib/node-v10.13.0-linux-x64/bin
USERNAME=root
SHELL=/bin/bash

Signal Handlers:
SIGSEGV: [libjvm.so+0xad2a40], sa_mask[0]=11111111011111111101111111111110, sa_flags=SA_RESTART|SA_SIGINFO
SIGBUS: [libjvm.so+0xad2a40], sa_mask[0]=11111111011111111101111111111110, sa_flags=SA_RESTART|SA_SIGINFO
SIGFPE: [libjvm.so+0x92a610], sa_mask[0]=11111111011111111101111111111110, sa_flags=SA_RESTART|SA_SIGINFO
SIGPIPE: [libjvm.so+0x92a610], sa_mask[0]=11111111011111111101111111111110, sa_flags=SA_RESTART|SA_SIGINFO
SIGXFSZ: [libjvm.so+0x92a610], sa_mask[0]=11111111011111111101111111111110, sa_flags=SA_RESTART|SA_SIGINFO
SIGILL: [libjvm.so+0x92a610], sa_mask[0]=11111111011111111101111111111110, sa_flags=SA_RESTART|SA_SIGINFO
SIGUSR1: SIG_DFL, sa_mask[0]=00000000000000000000000000000000, sa_flags=none
SIGUSR2: [libjvm.so+0x92be70], sa_mask[0]=00000000000000000000000000000000, sa_flags=SA_RESTART|SA_SIGINFO
SIGHUP: SIG_IGN, sa_mask[0]=00000000000000000000000000000000, sa_flags=none
SIGINT: [libjvm.so+0x92d270], sa_mask[0]=11111111011111111101111111111110, sa_flags=SA_RESTART|SA_SIGINFO
SIGTERM: [libjvm.so+0x92d270], sa_mask[0]=11111111011111111101111111111110, sa_flags=SA_RESTART|SA_SIGINFO
SIGQUIT: [libjvm.so+0x92d270], sa_mask[0]=11111111011111111101111111111110, sa_flags=SA_RESTART|SA_SIGINFO


---------------  S Y S T E M  ---------------

OS:DISTRIB_ID=Ubuntu
DISTRIB_RELEASE=18.04
DISTRIB_CODENAME=bionic
DISTRIB_DESCRIPTION="Ubuntu 18.04.1 LTS"

uname:Linux 4.15.0-1021-aws #21-Ubuntu SMP Tue Aug 28 10:23:07 UTC 2018 x86_64
libc:glibc 2.27 NPTL 2.27 
rlimit: STACK 8192k, CORE 0k, NPROC 3841, NOFILE 1048576, AS infinity
load average:0.08 4.25 7.75

/proc/meminfo:
MemTotal:        1007540 kB
MemFree:          321220 kB
MemAvailable:     308968 kB
Buffers:            6784 kB
Cached:            95320 kB
SwapCached:            0 kB
Active:           546396 kB
Inactive:          55876 kB
Active(anon):     504856 kB
Inactive(anon):      144 kB
Active(file):      41540 kB
Inactive(file):    55732 kB
Unevictable:        5408 kB
Mlocked:            5408 kB
SwapTotal:             0 kB
SwapFree:              0 kB
Dirty:               148 kB
Writeback:             0 kB
AnonPages:        505612 kB
Mapped:            53412 kB
Shmem:               760 kB
Slab:              50824 kB
SReclaimable:      20920 kB
SUnreclaim:        29904 kB
KernelStack:        3072 kB
PageTables:         5808 kB
NFS_Unstable:          0 kB
Bounce:                0 kB
WritebackTmp:          0 kB
CommitLimit:      503768 kB
Committed_AS:     940720 kB
VmallocTotal:   34359738367 kB
VmallocUsed:           0 kB
VmallocChunk:          0 kB
HardwareCorrupted:     0 kB
AnonHugePages:         0 kB
ShmemHugePages:        0 kB
ShmemPmdMapped:        0 kB
CmaTotal:              0 kB
CmaFree:               0 kB
HugePages_Total:       0
HugePages_Free:        0
HugePages_Rsvd:        0
HugePages_Surp:        0
Hugepagesize:       2048 kB
DirectMap4k:       81920 kB
DirectMap2M:      966656 kB


CPU:total 1 (initial active 1) (1 cores per cpu, 1 threads per core) family 6 model 63 stepping 2, cmov, cx8, fxsr, mmx, sse, sse2, sse3, ssse3, sse4.1, sse4.2, popcnt, avx, avx2, aes, clmul, erms, lzcnt, tsc, bmi1, bmi2

/proc/cpuinfo:
processor	: 0
vendor_id	: GenuineIntel
cpu family	: 6
model		: 63
model name	: Intel(R) Xeon(R) CPU E5-2676 v3 @ 2.40GHz
stepping	: 2
microcode	: 0x3c
cpu MHz		: 2394.397
cache size	: 30720 KB
physical id	: 0
siblings	: 1
core id		: 0
cpu cores	: 1
apicid		: 0
initial apicid	: 0
fpu		: yes
fpu_exception	: yes
cpuid level	: 13
wp		: yes
flags		: fpu vme de pse tsc msr pae mce cx8 apic sep mtrr pge mca cmov pat pse36 clflush mmx fxsr sse sse2 ht syscall nx rdtscp lm constant_tsc rep_good nopl xtopology cpuid pni pclmulqdq ssse3 fma cx16 pcid sse4_1 sse4_2 x2apic movbe popcnt tsc_deadline_timer aes xsave avx f16c rdrand hypervisor lahf_lm abm cpuid_fault invpcid_single pti fsgsbase bmi1 avx2 smep bmi2 erms invpcid xsaveopt
bugs		: cpu_meltdown spectre_v1 spectre_v2 spec_store_bypass l1tf
bogomips	: 4789.05
clflush size	: 64
cache_alignment	: 64
address sizes	: 46 bits physical, 48 bits virtual
power management:



Memory: 4k page, physical 1007540k(321220k free), swap 0k(0k free)

vm_info: Java HotSpot(TM) 64-Bit Server VM (25.181-b13) for linux-amd64 JRE (1.8.0_181-b13), built on Jul  7 2018 00:56:38 by "java_re" with gcc 4.3.0 20080428 (Red Hat 4.3.0-8)

time: Wed Nov 21 16:05:56 2018
elapsed time: 4788 seconds (0d 1h 19m 48s)

