#
# A fatal error has been detected by the Java Runtime Environment:
#
#  SIGSEGV (0xb) at pc=0x00007f2ace39169b, pid=9513, tid=0x00007f2acfbe9700
#
# JRE version: Java(TM) SE Runtime Environment (8.0_181-b13) (build 1.8.0_181-b13)
# Java VM: Java HotSpot(TM) 64-Bit Server VM (25.181-b13 mixed mode linux-amd64 compressed oops)
# Problematic frame:
# C  [libtesseract.so.4.0.0+0x25969b]  ERRCODE::error(char const*, TessErrorLogCode, char const*, ...) const+0x16b
#
# Failed to write core dump. Core dumps have been disabled. To enable core dumping, try "ulimit -c unlimited" before starting Java again
#
# If you would like to submit a bug report, please visit:
#   http://bugreport.java.com/bugreport/crash.jsp
# The crash happened outside the Java Virtual Machine in native code.
# See problematic frame for where to report the bug.
#

---------------  T H R E A D  ---------------

Current thread (0x00007f2b006d2800):  JavaThread "http-nio-8080-exec-5" daemon [_thread_in_native, id=9533, stack(0x00007f2acfae9000,0x00007f2acfbea000)]

siginfo: si_signo: 11 (SIGSEGV), si_code: 1 (SEGV_MAPERR), si_addr: 0x0000000000000000

Registers:
RAX=0x00000000ffffffff, RBX=0x00007f2acfbe45b4, RCX=0x0000000000000000, RDX=0x00007f2b089238b0
RSP=0x00007f2acfbe4560, RBP=0x00007f2acfbe4580, RSI=0x00000000ffffffff, RDI=0x00007f2acfbe1d90
R8 =0x000000000000005d, R9 =0x000000000000005d, R10=0x00000000ffffffa3, R11=0x0000000000000000
R12=0x0000000000000002, R13=0x00007f2ace3a14a1, R14=0x00007f2ace88d2e8, R15=0x00007f2ad922f760
RIP=0x00007f2ace39169b, EFLAGS=0x0000000000010246, CSGSFS=0x002b000000000033, ERR=0x0000000000000004
  TRAPNO=0x000000000000000e

Top of Stack: (sp=0x00007f2acfbe4560)
0x00007f2acfbe4560:   00007f2ad9d8b320 0000003000000030
0x00007f2acfbe4570:   00007f2acfbe4a70 00007f2acfbe4990
0x00007f2acfbe4580:   736e6961746e6f63 72616863696e755f
0x00007f2acfbe4590:   63696e752864695f 3a2964695f726168
0x00007f2acfbe45a0:   73413a726f727245 6961662074726573
0x00007f2acfbe45b0:   66206e693a64656c 632f2e2e20656c69
0x00007f2acfbe45c0:   6e752f6c69747563 7465737261686369
0x00007f2acfbe45d0:   656e696c202c682e 0000000a33313520
0x00007f2acfbe45e0:   00007f2acfbe4a30 00007f2acfbe4b40
0x00007f2acfbe45f0:   0000000000000000 00007f2a42adffff
0x00007f2acfbe4600:   0000000000000001 00007f2acfbe4680
0x00007f2acfbe4610:   00007f2ad8000020 0000000000100020
0x00007f2acfbe4620:   00007f0100000000 0000000000000000
0x00007f2acfbe4630:   0000000000000000 889bc98000000000
0x00007f2acfbe4640:   0000000000000000 00007f2ad9d8d2c0
0x00007f2acfbe4650:   00007f2ad9d8c1c0 00007f2ad9d8abe0
0x00007f2acfbe4660:   00007f2ad97e0000 00007f2ad9d8c1c0
0x00007f2acfbe4670:   00007f2ad9724c01 00007f2ace2c716f
0x00007f2acfbe4680:   0000000000000003 0000000000000001
0x00007f2acfbe4690:   0000000000000000 ffffffffffffffff
0x00007f2acfbe46a0:   0000000000000100 0000000100000003
0x00007f2acfbe46b0:   00000000d832fd00 00000000ce2bd901
0x00007f2acfbe46c0:   00007f2ad9d8d2c0 00007f2ace2be5b0
0x00007f2acfbe46d0:   00007f2ad9d8e9d0 0000000100000000
0x00007f2acfbe46e0:   0000000000000001 000000114f75db00
0x00007f2acfbe46f0:   00007f2ad9d8e960 00007f2ad97e23e0
0x00007f2acfbe4700:   000000000000000b 00007f2ad97e23e0
0x00007f2acfbe4710:   000000000000000b 00007f2ad9d8e9d0
0x00007f2acfbe4720:   00007f2ad973c2c0 00007f2ad8274fc0
0x00007f2acfbe4730:   00007f2ad832fdb0 00007f2ace2c4810
0x00007f2acfbe4740:   00007f2ad973c2c0 00007f2acfbe4800
0x00007f2acfbe4750:   0000000000000000 00007f2ace2c462d 

Instructions: (pc=0x00007f2ace39169b)
0x00007f2ace39167b:   be 01 00 00 00 48 8b 38 31 c0 e8 66 4b e2 ff 41
0x00007f2ace39168b:   83 fc ff 7c 18 45 85 e4 7e 2f 41 83 fc 02 7f 0d
0x00007f2ace39169b:   8b 04 25 00 00 00 00 0f 0b 0f 1f 40 00 48 8d 35
0x00007f2ace3916ab:   b2 05 03 00 48 8d 3d 22 c0 50 00 31 c9 ba 02 00 

Register to memory mapping:

RAX=0x00000000ffffffff is an unallocated location in the heap
RBX=0x00007f2acfbe45b4 is pointing into the stack for thread: 0x00007f2b006d2800
RCX=0x0000000000000000 is an unknown value
RDX=0x00007f2b089238b0: <offset 0x3ed8b0> in /lib/x86_64-linux-gnu/libc.so.6 at 0x00007f2b08536000
RSP=0x00007f2acfbe4560 is pointing into the stack for thread: 0x00007f2b006d2800
RBP=0x00007f2acfbe4580 is pointing into the stack for thread: 0x00007f2b006d2800
RSI=0x00000000ffffffff is an unallocated location in the heap
RDI=0x00007f2acfbe1d90 is pointing into the stack for thread: 0x00007f2b006d2800
R8 =0x000000000000005d is an unknown value
R9 =0x000000000000005d is an unknown value
R10=0x00000000ffffffa3 is an unallocated location in the heap
R11=0x0000000000000000 is an unknown value
R12=0x0000000000000002 is an unknown value
R13=0x00007f2ace3a14a1: <offset 0x2694a1> in /usr/lib/x86_64-linux-gnu/libtesseract.so.4.0.0 at 0x00007f2ace138000
R14=0x00007f2ace88d2e8: <offset 0x7552e8> in /usr/lib/x86_64-linux-gnu/libtesseract.so.4.0.0 at 0x00007f2ace138000
R15=0x00007f2ad922f760 is an unknown value


Stack: [0x00007f2acfae9000,0x00007f2acfbea000],  sp=0x00007f2acfbe4560,  free space=1005k
Native frames: (J=compiled Java code, j=interpreted, Vv=VM code, C=native code)
C  [libtesseract.so.4.0.0+0x25969b]  ERRCODE::error(char const*, TessErrorLogCode, char const*, ...) const+0x16b
C  0x72616863696e755f

Java frames: (J=compiled Java code, j=interpreted, Vv=VM code)
j  com.sun.jna.Native.invokePointer(Lcom/sun/jna/Function;JI[Ljava/lang/Object;)J+0
j  com.sun.jna.Function.invokePointer(I[Ljava/lang/Object;)Lcom/sun/jna/Pointer;+7
j  com.sun.jna.Function.invoke([Ljava/lang/Object;Ljava/lang/Class;ZI)Ljava/lang/Object;+385
j  com.sun.jna.Function.invoke(Ljava/lang/reflect/Method;[Ljava/lang/Class;Ljava/lang/Class;[Ljava/lang/Object;Ljava/util/Map;)Ljava/lang/Object;+271
j  com.sun.jna.Library$Handler.invoke(Ljava/lang/Object;Ljava/lang/reflect/Method;[Ljava/lang/Object;)Ljava/lang/Object;+344
j  com.sun.proxy.$Proxy63.TessBaseAPIGetUTF8Text(Lnet/sourceforge/tess4j/ITessAPI$TessBaseAPI;)Lcom/sun/jna/Pointer;+16
j  net.sourceforge.tess4j.Tesseract.getOCRText(Ljava/lang/String;I)Ljava/lang/String;+62
j  net.sourceforge.tess4j.Tesseract.doOCR(Ljava/util/List;Ljava/lang/String;Ljava/awt/Rectangle;)Ljava/lang/String;+69
j  net.sourceforge.tess4j.Tesseract.doOCR(Ljava/io/File;Ljava/awt/Rectangle;)Ljava/lang/String;+10
j  net.sourceforge.tess4j.Tesseract.doOCR(Ljava/io/File;)Ljava/lang/String;+3
j  com.softfeels.imageprocessor.textextractorfromimage.controller.AuthController.getImgText(Ljava/lang/String;)Ljava/lang/String;+33
j  com.softfeels.imageprocessor.textextractorfromimage.controller.AuthController.uploadFile(Lorg/springframework/web/multipart/MultipartFile;)Lcom/softfeels/imageprocessor/textextractorfromimage/models/UploadFileResponse;+11
v  ~StubRoutines::call_stub
J 2515  sun.reflect.NativeMethodAccessorImpl.invoke0(Ljava/lang/reflect/Method;Ljava/lang/Object;[Ljava/lang/Object;)Ljava/lang/Object; (0 bytes) @ 0x00007f2af16d2377 [0x00007f2af16d2300+0x77]
J 2514 C1 sun.reflect.NativeMethodAccessorImpl.invoke(Ljava/lang/Object;[Ljava/lang/Object;)Ljava/lang/Object; (104 bytes) @ 0x00007f2af16d2e2b [0x00007f2af16d2aa0+0x38b]
J 1538 C1 sun.reflect.DelegatingMethodAccessorImpl.invoke(Ljava/lang/Object;[Ljava/lang/Object;)Ljava/lang/Object; (10 bytes) @ 0x00007f2af148c383 [0x00007f2af148c280+0x103]
J 1664 C1 java.lang.reflect.Method.invoke(Ljava/lang/Object;[Ljava/lang/Object;)Ljava/lang/Object; (62 bytes) @ 0x00007f2af119faf6 [0x00007f2af119f9e0+0x116]
j  org.springframework.web.method.support.InvocableHandlerMethod.doInvoke([Ljava/lang/Object;)Ljava/lang/Object;+16
j  org.springframework.web.method.support.InvocableHandlerMethod.invokeForRequest(Lorg/springframework/web/context/request/NativeWebRequest;Lorg/springframework/web/method/support/ModelAndViewContainer;[Ljava/lang/Object;)Ljava/lang/Object;+56
j  org.springframework.web.servlet.mvc.method.annotation.ServletInvocableHandlerMethod.invokeAndHandle(Lorg/springframework/web/context/request/ServletWebRequest;Lorg/springframework/web/method/support/ModelAndViewContainer;[Ljava/lang/Object;)V+4
j  org.springframework.web.servlet.mvc.method.annotation.RequestMappingHandlerAdapter.invokeHandlerMethod(Ljavax/servlet/http/HttpServletRequest;Ljavax/servlet/http/HttpServletResponse;Lorg/springframework/web/method/HandlerMethod;)Lorg/springframework/web/servlet/ModelAndView;+244
j  org.springframework.web.servlet.mvc.method.annotation.RequestMappingHandlerAdapter.handleInternal(Ljavax/servlet/http/HttpServletRequest;Ljavax/servlet/http/HttpServletResponse;Lorg/springframework/web/method/HandlerMethod;)Lorg/springframework/web/servlet/ModelAndView;+81
j  org.springframework.web.servlet.mvc.method.AbstractHandlerMethodAdapter.handle(Ljavax/servlet/http/HttpServletRequest;Ljavax/servlet/http/HttpServletResponse;Ljava/lang/Object;)Lorg/springframework/web/servlet/ModelAndView;+7
j  org.springframework.web.servlet.DispatcherServlet.doDispatch(Ljavax/servlet/http/HttpServletRequest;Ljavax/servlet/http/HttpServletResponse;)V+257
j  org.springframework.web.servlet.DispatcherServlet.doService(Ljavax/servlet/http/HttpServletRequest;Ljavax/servlet/http/HttpServletResponse;)V+212
j  org.springframework.web.servlet.FrameworkServlet.processRequest(Ljavax/servlet/http/HttpServletRequest;Ljavax/servlet/http/HttpServletResponse;)V+71
j  org.springframework.web.servlet.FrameworkServlet.doPost(Ljavax/servlet/http/HttpServletRequest;Ljavax/servlet/http/HttpServletResponse;)V+3
j  javax.servlet.http.HttpServlet.service(Ljavax/servlet/http/HttpServletRequest;Ljavax/servlet/http/HttpServletResponse;)V+149
j  org.springframework.web.servlet.FrameworkServlet.service(Ljavax/servlet/http/HttpServletRequest;Ljavax/servlet/http/HttpServletResponse;)V+33
j  javax.servlet.http.HttpServlet.service(Ljavax/servlet/ServletRequest;Ljavax/servlet/ServletResponse;)V+30
j  org.apache.catalina.core.ApplicationFilterChain.internalDoFilter(Ljavax/servlet/ServletRequest;Ljavax/servlet/ServletResponse;)V+304
j  org.apache.catalina.core.ApplicationFilterChain.doFilter(Ljavax/servlet/ServletRequest;Ljavax/servlet/ServletResponse;)V+101
j  org.apache.tomcat.websocket.server.WsFilter.doFilter(Ljavax/servlet/ServletRequest;Ljavax/servlet/ServletResponse;Ljavax/servlet/FilterChain;)V+21
j  org.apache.catalina.core.ApplicationFilterChain.internalDoFilter(Ljavax/servlet/ServletRequest;Ljavax/servlet/ServletResponse;)V+135
j  org.apache.catalina.core.ApplicationFilterChain.doFilter(Ljavax/servlet/ServletRequest;Ljavax/servlet/ServletResponse;)V+101
j  com.softfeels.imageprocessor.textextractorfromimage.uitl.SimpleCORSFilter.doFilter(Ljavax/servlet/ServletRequest;Ljavax/servlet/ServletResponse;Ljavax/servlet/FilterChain;)V+77
j  org.apache.catalina.core.ApplicationFilterChain.internalDoFilter(Ljavax/servlet/ServletRequest;Ljavax/servlet/ServletResponse;)V+135
j  org.apache.catalina.core.ApplicationFilterChain.doFilter(Ljavax/servlet/ServletRequest;Ljavax/servlet/ServletResponse;)V+101
j  org.springframework.web.filter.RequestContextFilter.doFilterInternal(Ljavax/servlet/http/HttpServletRequest;Ljavax/servlet/http/HttpServletResponse;Ljavax/servlet/FilterChain;)V+21
j  org.springframework.web.filter.OncePerRequestFilter.doFilter(Ljavax/servlet/ServletRequest;Ljavax/servlet/ServletResponse;Ljavax/servlet/FilterChain;)V+111
j  org.apache.catalina.core.ApplicationFilterChain.internalDoFilter(Ljavax/servlet/ServletRequest;Ljavax/servlet/ServletResponse;)V+135
j  org.apache.catalina.core.ApplicationFilterChain.doFilter(Ljavax/servlet/ServletRequest;Ljavax/servlet/ServletResponse;)V+101
j  org.springframework.web.filter.FormContentFilter.doFilterInternal(Ljavax/servlet/http/HttpServletRequest;Ljavax/servlet/http/HttpServletResponse;Ljavax/servlet/FilterChain;)V+38
j  org.springframework.web.filter.OncePerRequestFilter.doFilter(Ljavax/servlet/ServletRequest;Ljavax/servlet/ServletResponse;Ljavax/servlet/FilterChain;)V+111
j  org.apache.catalina.core.ApplicationFilterChain.internalDoFilter(Ljavax/servlet/ServletRequest;Ljavax/servlet/ServletResponse;)V+135
j  org.apache.catalina.core.ApplicationFilterChain.doFilter(Ljavax/servlet/ServletRequest;Ljavax/servlet/ServletResponse;)V+101
j  org.springframework.web.filter.HiddenHttpMethodFilter.doFilterInternal(Ljavax/servlet/http/HttpServletRequest;Ljavax/servlet/http/HttpServletResponse;Ljavax/servlet/FilterChain;)V+87
j  org.springframework.web.filter.OncePerRequestFilter.doFilter(Ljavax/servlet/ServletRequest;Ljavax/servlet/ServletResponse;Ljavax/servlet/FilterChain;)V+111
j  org.apache.catalina.core.ApplicationFilterChain.internalDoFilter(Ljavax/servlet/ServletRequest;Ljavax/servlet/ServletResponse;)V+135
j  org.apache.catalina.core.ApplicationFilterChain.doFilter(Ljavax/servlet/ServletRequest;Ljavax/servlet/ServletResponse;)V+101
j  org.springframework.web.filter.CharacterEncodingFilter.doFilterInternal(Ljavax/servlet/http/HttpServletRequest;Ljavax/servlet/http/HttpServletResponse;Ljavax/servlet/FilterChain;)V+53
j  org.springframework.web.filter.OncePerRequestFilter.doFilter(Ljavax/servlet/ServletRequest;Ljavax/servlet/ServletResponse;Ljavax/servlet/FilterChain;)V+111
j  org.apache.catalina.core.ApplicationFilterChain.internalDoFilter(Ljavax/servlet/ServletRequest;Ljavax/servlet/ServletResponse;)V+135
j  org.apache.catalina.core.ApplicationFilterChain.doFilter(Ljavax/servlet/ServletRequest;Ljavax/servlet/ServletResponse;)V+101
j  org.apache.catalina.core.StandardWrapperValve.invoke(Lorg/apache/catalina/connector/Request;Lorg/apache/catalina/connector/Response;)V+688
j  org.apache.catalina.core.StandardContextValve.invoke(Lorg/apache/catalina/connector/Request;Lorg/apache/catalina/connector/Response;)V+166
j  org.apache.catalina.authenticator.AuthenticatorBase.invoke(Lorg/apache/catalina/connector/Request;Lorg/apache/catalina/connector/Response;)V+260
j  org.apache.catalina.core.StandardHostValve.invoke(Lorg/apache/catalina/connector/Request;Lorg/apache/catalina/connector/Response;)V+114
j  org.apache.catalina.valves.ErrorReportValve.invoke(Lorg/apache/catalina/connector/Request;Lorg/apache/catalina/connector/Response;)V+6
j  org.apache.catalina.core.StandardEngineValve.invoke(Lorg/apache/catalina/connector/Request;Lorg/apache/catalina/connector/Response;)V+45
j  org.apache.catalina.connector.CoyoteAdapter.service(Lorg/apache/coyote/Request;Lorg/apache/coyote/Response;)V+199
j  org.apache.coyote.http11.Http11Processor.service(Lorg/apache/tomcat/util/net/SocketWrapperBase;)Lorg/apache/tomcat/util/net/AbstractEndpoint$Handler$SocketState;+791
j  org.apache.coyote.AbstractProcessorLight.process(Lorg/apache/tomcat/util/net/SocketWrapperBase;Lorg/apache/tomcat/util/net/SocketEvent;)Lorg/apache/tomcat/util/net/AbstractEndpoint$Handler$SocketState;+113
j  org.apache.coyote.AbstractProtocol$ConnectionHandler.process(Lorg/apache/tomcat/util/net/SocketWrapperBase;Lorg/apache/tomcat/util/net/SocketEvent;)Lorg/apache/tomcat/util/net/AbstractEndpoint$Handler$SocketState;+414
j  org.apache.tomcat.util.net.NioEndpoint$SocketProcessor.doRun()V+191
j  org.apache.tomcat.util.net.SocketProcessorBase.run()V+21
j  java.util.concurrent.ThreadPoolExecutor.runWorker(Ljava/util/concurrent/ThreadPoolExecutor$Worker;)V+95
j  java.util.concurrent.ThreadPoolExecutor$Worker.run()V+5
j  org.apache.tomcat.util.threads.TaskThread$WrappingRunnable.run()V+4
j  java.lang.Thread.run()V+11
v  ~StubRoutines::call_stub

---------------  P R O C E S S  ---------------

Java Threads: ( => current thread )
  0x00007f2ad400f000 JavaThread "Java2D Disposer" daemon [_thread_blocked, id=21753, stack(0x00007f2aceb07000,0x00007f2acec08000)]
  0x00007f2b0000b000 JavaThread "DestroyJavaVM" [_thread_blocked, id=9514, stack(0x00007f2b0907d000,0x00007f2b0917d000)]
  0x00007f2b0075c000 JavaThread "http-nio-8080-AsyncTimeout" daemon [_thread_blocked, id=9541, stack(0x00007f2acf2e1000,0x00007f2acf3e2000)]
  0x00007f2b00696000 JavaThread "http-nio-8080-Acceptor-0" daemon [_thread_in_native, id=9540, stack(0x00007f2acf3e2000,0x00007f2acf4e3000)]
  0x00007f2b007a1800 JavaThread "http-nio-8080-ClientPoller-0" daemon [_thread_in_native, id=9539, stack(0x00007f2acf4e3000,0x00007f2acf5e4000)]
  0x00007f2b006fc800 JavaThread "http-nio-8080-exec-10" daemon [_thread_blocked, id=9538, stack(0x00007f2acf5e4000,0x00007f2acf6e5000)]
  0x00007f2b007a5800 JavaThread "http-nio-8080-exec-9" daemon [_thread_blocked, id=9537, stack(0x00007f2acf6e5000,0x00007f2acf7e6000)]
  0x00007f2b006dc800 JavaThread "http-nio-8080-exec-8" daemon [_thread_blocked, id=9536, stack(0x00007f2acf7e6000,0x00007f2acf8e7000)]
  0x00007f2b006df800 JavaThread "http-nio-8080-exec-7" daemon [_thread_blocked, id=9535, stack(0x00007f2acf8e7000,0x00007f2acf9e8000)]
  0x00007f2b00663800 JavaThread "http-nio-8080-exec-6" daemon [_thread_blocked, id=9534, stack(0x00007f2acf9e8000,0x00007f2acfae9000)]
=>0x00007f2b006d2800 JavaThread "http-nio-8080-exec-5" daemon [_thread_in_native, id=9533, stack(0x00007f2acfae9000,0x00007f2acfbea000)]
  0x00007f2b00740800 JavaThread "http-nio-8080-exec-4" daemon [_thread_blocked, id=9532, stack(0x00007f2acfbea000,0x00007f2acfceb000)]
  0x00007f2b0070c000 JavaThread "http-nio-8080-exec-3" daemon [_thread_blocked, id=9531, stack(0x00007f2acfceb000,0x00007f2acfdec000)]
  0x00007f2b00699000 JavaThread "http-nio-8080-exec-2" daemon [_thread_blocked, id=9530, stack(0x00007f2acfdec000,0x00007f2acfeed000)]
  0x00007f2b0077a000 JavaThread "http-nio-8080-exec-1" daemon [_thread_blocked, id=9529, stack(0x00007f2acfeed000,0x00007f2acffee000)]
  0x00007f2b007b1000 JavaThread "NioBlockingSelector.BlockPoller-1" daemon [_thread_in_native, id=9528, stack(0x00007f2af00bd000,0x00007f2af01be000)]
  0x00007f2b006c8800 JavaThread "container-0" [_thread_blocked, id=9527, stack(0x00007f2b0405e000,0x00007f2b0415f000)]
  0x00007f2b006c6000 JavaThread "ContainerBackgroundProcessor[StandardEngine[Tomcat]]" daemon [_thread_blocked, id=9526, stack(0x00007f2b043f4000,0x00007f2b044f5000)]
  0x00007f2b000f1000 JavaThread "Service Thread" daemon [_thread_blocked, id=9521, stack(0x00007f2b047f6000,0x00007f2b048f7000)]
  0x00007f2b000dc000 JavaThread "C1 CompilerThread1" daemon [_thread_blocked, id=9520, stack(0x00007f2b048f8000,0x00007f2b049f8000)]
  0x00007f2b000d9800 JavaThread "C2 CompilerThread0" daemon [_thread_blocked, id=9519, stack(0x00007f2b049f9000,0x00007f2b04af9000)]
  0x00007f2b000d8000 JavaThread "Signal Dispatcher" daemon [_thread_blocked, id=9518, stack(0x00007f2b04af9000,0x00007f2b04bfa000)]
  0x00007f2b000a3000 JavaThread "Finalizer" daemon [_thread_blocked, id=9517, stack(0x00007f2b04f39000,0x00007f2b0503a000)]
  0x00007f2b000a0800 JavaThread "Reference Handler" daemon [_thread_blocked, id=9516, stack(0x00007f2b0503a000,0x00007f2b0513b000)]

Other Threads:
  0x00007f2b00096800 VMThread [stack: 0x00007f2b0513c000,0x00007f2b0523c000] [id=9515]
  0x00007f2b000f6000 WatcherThread [stack: 0x00007f2b046f6000,0x00007f2b047f6000] [id=9522]

VM state:not at safepoint (normal execution)

VM Mutex/Monitor currently owned by a thread: None

Heap:
 def new generation   total 16704K, used 4404K [0x00000000f0a00000, 0x00000000f1c10000, 0x00000000f5c00000)
  eden space 14912K,  29% used [0x00000000f0a00000, 0x00000000f0e4d0b0, 0x00000000f1890000)
  from space 1792K,   0% used [0x00000000f1890000, 0x00000000f1890000, 0x00000000f1a50000)
  to   space 1792K,   0% used [0x00000000f1a50000, 0x00000000f1a50000, 0x00000000f1c10000)
 tenured generation   total 36864K, used 22116K [0x00000000f5c00000, 0x00000000f8000000, 0x0000000100000000)
   the space 36864K,  59% used [0x00000000f5c00000, 0x00000000f71990b8, 0x00000000f7199200, 0x00000000f8000000)
 Metaspace       used 39349K, capacity 41026K, committed 41344K, reserved 1085440K
  class space    used 5065K, capacity 5378K, committed 5504K, reserved 1048576K

Card table byte_map: [0x00007f2b08ff8000,0x00007f2b09074000] byte_map_base: 0x00007f2b08873000

Polling page: 0x00007f2b09186000

CodeCache: size=245760Kb used=10002Kb max_used=10013Kb free=235757Kb
 bounds [0x00007f2af1000000, 0x00007f2af19e0000, 0x00007f2b00000000]
 total_blobs=3896 nmethods=3412 adapters=396
 compilation: enabled

Compilation events (10 events):
Event: 37180.209 Thread 0x00007f2b000dc000 nmethod 3973 0x00007f2af19c3e50 code [0x00007f2af19c3fa0, 0x00007f2af19c40f0]
Event: 37180.209 Thread 0x00007f2b000dc000 3974       3       com.github.jaiimageio.plugins.tiff.TIFFDecompressor::setActiveSrcMinX (6 bytes)
Event: 37180.209 Thread 0x00007f2b000dc000 nmethod 3974 0x00007f2af19cf0d0 code [0x00007f2af19cf220, 0x00007f2af19cf370]
Event: 37180.209 Thread 0x00007f2b000dc000 3978   !   3       com.github.jaiimageio.impl.plugins.tiff.TIFFImageReader::locateImage (169 bytes)
Event: 37180.210 Thread 0x00007f2b000dc000 nmethod 3978 0x00007f2af19cf410 code [0x00007f2af19cf680, 0x00007f2af19d04c8]
Event: 37180.212 Thread 0x00007f2b000d9800 nmethod 3979 0x00007f2af19d40d0 code [0x00007f2af19d4240, 0x00007f2af19d49d8]
Event: 37180.212 Thread 0x00007f2b000d9800 3975       4       com.github.jaiimageio.plugins.tiff.TIFFDirectory::getTIFFField (44 bytes)
Event: 37180.214 Thread 0x00007f2b000d9800 nmethod 3975 0x00007f2af19d0d10 code [0x00007f2af19d0e80, 0x00007f2af19d1048]
Event: 37180.215 Thread 0x00007f2b000d9800 3980       4       java.io.RandomAccessFile::readFully (45 bytes)
Event: 37180.215 Thread 0x00007f2b000d9800 nmethod 3980 0x00007f2af19d4d50 code [0x00007f2af19d4ea0, 0x00007f2af19d4f68]

GC Heap History (10 events):
Event: 23353.704 GC heap before
{Heap before GC invocations=127 (full 3):
 def new generation   total 12160K, used 9812K [0x00000000f0a00000, 0x00000000f1730000, 0x00000000f5c00000)
  eden space 10816K,  90% used [0x00000000f0a00000, 0x00000000f13950f8, 0x00000000f1490000)
  from space 1344K,   0% used [0x00000000f1490000, 0x00000000f1490000, 0x00000000f15e0000)
  to   space 1344K,   0% used [0x00000000f15e0000, 0x00000000f15e0000, 0x00000000f1730000)
 tenured generation   total 26960K, used 16173K [0x00000000f5c00000, 0x00000000f7654000, 0x0000000100000000)
   the space 26960K,  59% used [0x00000000f5c00000, 0x00000000f6bcb710, 0x00000000f6bcb800, 0x00000000f7654000)
 Metaspace       used 39302K, capacity 40898K, committed 41344K, reserved 1085440K
  class space    used 5065K, capacity 5378K, committed 5504K, reserved 1048576K
Event: 23353.707 GC heap after
Heap after GC invocations=128 (full 3):
 def new generation   total 12160K, used 610K [0x00000000f0a00000, 0x00000000f1730000, 0x00000000f5c00000)
  eden space 10816K,   0% used [0x00000000f0a00000, 0x00000000f0a00000, 0x00000000f1490000)
  from space 1344K,  45% used [0x00000000f15e0000, 0x00000000f16788b0, 0x00000000f1730000)
  to   space 1344K,   0% used [0x00000000f1490000, 0x00000000f1490000, 0x00000000f15e0000)
 tenured generation   total 26960K, used 19839K [0x00000000f5c00000, 0x00000000f7654000, 0x0000000100000000)
   the space 26960K,  73% used [0x00000000f5c00000, 0x00000000f6f5ff50, 0x00000000f6f60000, 0x00000000f7654000)
 Metaspace       used 39302K, capacity 40898K, committed 41344K, reserved 1085440K
  class space    used 5065K, capacity 5378K, committed 5504K, reserved 1048576K
}
Event: 37179.892 GC heap before
{Heap before GC invocations=128 (full 3):
 def new generation   total 12160K, used 11426K [0x00000000f0a00000, 0x00000000f1730000, 0x00000000f5c00000)
  eden space 10816K, 100% used [0x00000000f0a00000, 0x00000000f1490000, 0x00000000f1490000)
  from space 1344K,  45% used [0x00000000f15e0000, 0x00000000f16788b0, 0x00000000f1730000)
  to   space 1344K,   0% used [0x00000000f1490000, 0x00000000f1490000, 0x00000000f15e0000)
 tenured generation   total 26960K, used 19839K [0x00000000f5c00000, 0x00000000f7654000, 0x0000000100000000)
   the space 26960K,  73% used [0x00000000f5c00000, 0x00000000f6f5ff50, 0x00000000f6f60000, 0x00000000f7654000)
 Metaspace       used 39325K, capacity 40962K, committed 41344K, reserved 1085440K
  class space    used 5065K, capacity 5378K, committed 5504K, reserved 1048576K
Event: 37179.896 GC heap after
Heap after GC invocations=129 (full 3):
 def new generation   total 12160K, used 124K [0x00000000f0a00000, 0x00000000f1730000, 0x00000000f5c00000)
  eden space 10816K,   0% used [0x00000000f0a00000, 0x00000000f0a00000, 0x00000000f1490000)
  from space 1344K,   9% used [0x00000000f1490000, 0x00000000f14af298, 0x00000000f15e0000)
  to   space 1344K,   0% used [0x00000000f15e0000, 0x00000000f15e0000, 0x00000000f1730000)
 tenured generation   total 26960K, used 22755K [0x00000000f5c00000, 0x00000000f7654000, 0x0000000100000000)
   the space 26960K,  84% used [0x00000000f5c00000, 0x00000000f7238f60, 0x00000000f7239000, 0x00000000f7654000)
 Metaspace       used 39325K, capacity 40962K, committed 41344K, reserved 1085440K
  class space    used 5065K, capacity 5378K, committed 5504K, reserved 1048576K
}
Event: 37179.984 GC heap before
{Heap before GC invocations=129 (full 3):
 def new generation   total 12160K, used 10940K [0x00000000f0a00000, 0x00000000f1730000, 0x00000000f5c00000)
  eden space 10816K, 100% used [0x00000000f0a00000, 0x00000000f1490000, 0x00000000f1490000)
  from space 1344K,   9% used [0x00000000f1490000, 0x00000000f14af298, 0x00000000f15e0000)
  to   space 1344K,   0% used [0x00000000f15e0000, 0x00000000f15e0000, 0x00000000f1730000)
 tenured generation   total 26960K, used 22755K [0x00000000f5c00000, 0x00000000f7654000, 0x0000000100000000)
   the space 26960K,  84% used [0x00000000f5c00000, 0x00000000f7238f60, 0x00000000f7239000, 0x00000000f7654000)
 Metaspace       used 39325K, capacity 40962K, committed 41344K, reserved 1085440K
  class space    used 5065K, capacity 5378K, committed 5504K, reserved 1048576K
Event: 37179.986 GC heap after
Heap after GC invocations=130 (full 3):
 def new generation   total 12160K, used 57K [0x00000000f0a00000, 0x00000000f1730000, 0x00000000f5c00000)
  eden space 10816K,   0% used [0x00000000f0a00000, 0x00000000f0a00000, 0x00000000f1490000)
  from space 1344K,   4% used [0x00000000f15e0000, 0x00000000f15ee720, 0x00000000f1730000)
  to   space 1344K,   0% used [0x00000000f1490000, 0x00000000f1490000, 0x00000000f15e0000)
 tenured generation   total 26960K, used 22755K [0x00000000f5c00000, 0x00000000f7654000, 0x0000000100000000)
   the space 26960K,  84% used [0x00000000f5c00000, 0x00000000f7238f60, 0x00000000f7239000, 0x00000000f7654000)
 Metaspace       used 39325K, capacity 40962K, committed 41344K, reserved 1085440K
  class space    used 5065K, capacity 5378K, committed 5504K, reserved 1048576K
}
Event: 37180.191 GC heap before
{Heap before GC invocations=130 (full 3):
 def new generation   total 12160K, used 10867K [0x00000000f0a00000, 0x00000000f1730000, 0x00000000f5c00000)
  eden space 10816K,  99% used [0x00000000f0a00000, 0x00000000f148e748, 0x00000000f1490000)
  from space 1344K,   4% used [0x00000000f15e0000, 0x00000000f15ee720, 0x00000000f1730000)
  to   space 1344K,   0% used [0x00000000f1490000, 0x00000000f1490000, 0x00000000f15e0000)
 tenured generation   total 26960K, used 22755K [0x00000000f5c00000, 0x00000000f7654000, 0x0000000100000000)
   the space 26960K,  84% used [0x00000000f5c00000, 0x00000000f7238f60, 0x00000000f7239000, 0x00000000f7654000)
 Metaspace       used 39326K, capacity 40962K, committed 41344K, reserved 1085440K
  class space    used 5065K, capacity 5378K, committed 5504K, reserved 1048576K
Event: 37180.193 GC heap after
Heap after GC invocations=131 (full 3):
 def new generation   total 12160K, used 82K [0x00000000f0a00000, 0x00000000f1730000, 0x00000000f5c00000)
  eden space 10816K,   0% used [0x00000000f0a00000, 0x00000000f0a00000, 0x00000000f1490000)
  from space 1344K,   6% used [0x00000000f1490000, 0x00000000f14a4818, 0x00000000f15e0000)
  to   space 1344K,   0% used [0x00000000f15e0000, 0x00000000f15e0000, 0x00000000f1730000)
 tenured generation   total 26960K, used 22755K [0x00000000f5c00000, 0x00000000f7654000, 0x0000000100000000)
   the space 26960K,  84% used [0x00000000f5c00000, 0x00000000f7238f60, 0x00000000f7239000, 0x00000000f7654000)
 Metaspace       used 39326K, capacity 40962K, committed 41344K, reserved 1085440K
  class space    used 5065K, capacity 5378K, committed 5504K, reserved 1048576K
}
Event: 37180.219 GC heap before
{Heap before GC invocations=131 (full 3):
 def new generation   total 12160K, used 7596K [0x00000000f0a00000, 0x00000000f1730000, 0x00000000f5c00000)
  eden space 10816K,  69% used [0x00000000f0a00000, 0x00000000f11569c8, 0x00000000f1490000)
  from space 1344K,   6% used [0x00000000f1490000, 0x00000000f14a4818, 0x00000000f15e0000)
  to   space 1344K,   0% used [0x00000000f15e0000, 0x00000000f15e0000, 0x00000000f1730000)
 tenured generation   total 26960K, used 22755K [0x00000000f5c00000, 0x00000000f7654000, 0x0000000100000000)
   the space 26960K,  84% used [0x00000000f5c00000, 0x00000000f7238f60, 0x00000000f7239000, 0x00000000f7654000)
 Metaspace       used 39349K, capacity 41026K, committed 41344K, reserved 1085440K
  class space    used 5065K, capacity 5378K, committed 5504K, reserved 1048576K
Event: 37180.272 GC heap after
Heap after GC invocations=132 (full 4):
 def new generation   total 16704K, used 0K [0x00000000f0a00000, 0x00000000f1c10000, 0x00000000f5c00000)
  eden space 14912K,   0% used [0x00000000f0a00000, 0x00000000f0a00000, 0x00000000f1890000)
  from space 1792K,   0% used [0x00000000f1890000, 0x00000000f1890000, 0x00000000f1a50000)
  to   space 1792K,   0% used [0x00000000f1a50000, 0x00000000f1a50000, 0x00000000f1c10000)
 tenured generation   total 36864K, used 22116K [0x00000000f5c00000, 0x00000000f8000000, 0x0000000100000000)
   the space 36864K,  59% used [0x00000000f5c00000, 0x00000000f71990b8, 0x00000000f7199200, 0x00000000f8000000)
 Metaspace       used 39349K, capacity 41026K, committed 41344K, reserved 1085440K
  class space    used 5065K, capacity 5378K, committed 5504K, reserved 1048576K
}

Deoptimization events (10 events):
Event: 13669.658 Thread 0x00007f2b00663800 Uncommon trap: reason=class_check action=maybe_recompile pc=0x00007f2af18e48b8 method=java.util.TreeMap.put(Ljava/lang/Object;Ljava/lang/Object;)Ljava/lang/Object; @ 127
Event: 13669.658 Thread 0x00007f2b00663800 Uncommon trap: reason=class_check action=maybe_recompile pc=0x00007f2af18e48b8 method=java.util.TreeMap.put(Ljava/lang/Object;Ljava/lang/Object;)Ljava/lang/Object; @ 127
Event: 13731.986 Thread 0x00007f2b007a1800 Uncommon trap: reason=unloaded action=reinterpret pc=0x00007f2af18e9730 method=org.apache.tomcat.util.net.NioEndpoint$Poller.timeout(IZ)V @ 286
Event: 16900.300 Thread 0x00007f2b000a0800 Uncommon trap: reason=unstable_if action=reinterpret pc=0x00007f2af175fe28 method=java.lang.ref.Reference.tryHandlePending(Z)Z @ 20
Event: 23323.062 Thread 0x00007f2b007a5800 Uncommon trap: reason=class_check action=maybe_recompile pc=0x00007f2af117fe28 method=java.lang.String.equals(Ljava/lang/Object;)Z @ 8
Event: 23323.063 Thread 0x00007f2b007a5800 Uncommon trap: reason=unstable_if action=reinterpret pc=0x00007f2af18765e4 method=java.lang.ref.SoftReference.get()Ljava/lang/Object; @ 6
Event: 23323.394 Thread 0x00007f2b007b1000 Uncommon trap: reason=unstable_if action=reinterpret pc=0x00007f2af14977a4 method=org.apache.tomcat.util.collections.SynchronizedQueue.size()I @ 11
Event: 23333.962 Thread 0x00007f2b006fc800 Uncommon trap: reason=class_check action=maybe_recompile pc=0x00007f2af117fe28 method=java.lang.String.equals(Ljava/lang/Object;)Z @ 8
Event: 23335.174 Thread 0x00007f2b006fc800 Uncommon trap: reason=unstable_if action=reinterpret pc=0x00007f2af1426adc method=sun.nio.cs.UTF_8$Decoder.decode([BII[C)I @ 30
Event: 23353.470 Thread 0x00007f2b0077a000 Uncommon trap: reason=class_check action=maybe_recompile pc=0x00007f2af117fe28 method=java.lang.String.equals(Ljava/lang/Object;)Z @ 8

Classes redefined (0 events):
No events

Internal exceptions (10 events):
Event: 23354.977 Thread 0x00007f2b0077a000 Exception <a 'java/io/IOException'> (0x00000000f0b04cc0) thrown at [/HUDSON/workspace/8-2-build-linux-amd64/jdk8u181/11358/hotspot/src/share/vm/prims/jni.cpp, line 709]
Event: 23354.978 Thread 0x00007f2b0077a000 Exception <a 'java/io/IOException'> (0x00000000f0b05340) thrown at [/HUDSON/workspace/8-2-build-linux-amd64/jdk8u181/11358/hotspot/src/share/vm/prims/jni.cpp, line 709]
Event: 23354.978 Thread 0x00007f2b0077a000 Exception <a 'java/io/IOException'> (0x00000000f0b05990) thrown at [/HUDSON/workspace/8-2-build-linux-amd64/jdk8u181/11358/hotspot/src/share/vm/prims/jni.cpp, line 709]
Event: 23354.978 Thread 0x00007f2b0077a000 Exception <a 'java/io/IOException'> (0x00000000f0b05e28) thrown at [/HUDSON/workspace/8-2-build-linux-amd64/jdk8u181/11358/hotspot/src/share/vm/prims/jni.cpp, line 709]
Event: 23354.978 Thread 0x00007f2b0077a000 Exception <a 'java/io/IOException'> (0x00000000f0b064a8) thrown at [/HUDSON/workspace/8-2-build-linux-amd64/jdk8u181/11358/hotspot/src/share/vm/prims/jni.cpp, line 709]
Event: 23354.978 Thread 0x00007f2b0077a000 Exception <a 'java/io/IOException'> (0x00000000f0b06af8) thrown at [/HUDSON/workspace/8-2-build-linux-amd64/jdk8u181/11358/hotspot/src/share/vm/prims/jni.cpp, line 709]
Event: 23354.978 Thread 0x00007f2b0077a000 Exception <a 'java/io/IOException'> (0x00000000f0b06f90) thrown at [/HUDSON/workspace/8-2-build-linux-amd64/jdk8u181/11358/hotspot/src/share/vm/prims/jni.cpp, line 709]
Event: 23354.978 Thread 0x00007f2b0077a000 Exception <a 'java/io/IOException'> (0x00000000f0b07610) thrown at [/HUDSON/workspace/8-2-build-linux-amd64/jdk8u181/11358/hotspot/src/share/vm/prims/jni.cpp, line 709]
Event: 23354.978 Thread 0x00007f2b0077a000 Exception <a 'java/io/IOException'> (0x00000000f0b07c60) thrown at [/HUDSON/workspace/8-2-build-linux-amd64/jdk8u181/11358/hotspot/src/share/vm/prims/jni.cpp, line 709]
Event: 37179.863 Thread 0x00007f2b006d2800 Exception <a 'sun/nio/fs/UnixException'> (0x00000000f0e11790) thrown at [/HUDSON/workspace/8-2-build-linux-amd64/jdk8u181/11358/hotspot/src/share/vm/prims/jni.cpp, line 709]

Events (10 events):
Event: 37179.984 Executing VM operation: GenCollectForAllocation
Event: 37179.986 Executing VM operation: GenCollectForAllocation done
Event: 37180.190 Executing VM operation: GenCollectForAllocation
Event: 37180.193 Executing VM operation: GenCollectForAllocation done
Event: 37180.193 Executing VM operation: RevokeBias
Event: 37180.193 Executing VM operation: RevokeBias done
Event: 37180.193 Executing VM operation: RevokeBias
Event: 37180.193 Executing VM operation: RevokeBias done
Event: 37180.219 Executing VM operation: GenCollectForAllocation
Event: 37180.272 Executing VM operation: GenCollectForAllocation done


Dynamic libraries:
00400000-00401000 r-xp 00000000 ca:01 256396                             /usr/lib/jdk1.8.0_181/bin/java
00600000-00601000 rw-p 00000000 ca:01 256396                             /usr/lib/jdk1.8.0_181/bin/java
0166a000-02de6000 rw-p 00000000 00:00 0                                  [heap]
f0a00000-f1c10000 rw-p 00000000 00:00 0 
f1c10000-f5c00000 ---p 00000000 00:00 0 
f5c00000-f8000000 rw-p 00000000 00:00 0 
f8000000-100000000 ---p 00000000 00:00 0 
100000000-100560000 rw-p 00000000 00:00 0 
100560000-140000000 ---p 00000000 00:00 0 
7f2abfff8000-7f2abfff9000 ---p 00000000 00:00 0 
7f2abfff9000-7f2ac07f9000 rw-p 00000000 00:00 0 
7f2ac07f9000-7f2ac07fa000 ---p 00000000 00:00 0 
7f2ac07fa000-7f2ac0ffa000 rw-p 00000000 00:00 0 
7f2ac0ffa000-7f2ac0ffb000 ---p 00000000 00:00 0 
7f2ac0ffb000-7f2ac17fb000 rw-p 00000000 00:00 0 
7f2ac17fb000-7f2ac17fc000 ---p 00000000 00:00 0 
7f2ac17fc000-7f2ac1ffc000 rw-p 00000000 00:00 0 
7f2ac1ffc000-7f2ac1ffd000 ---p 00000000 00:00 0 
7f2ac1ffd000-7f2ac27fd000 rw-p 00000000 00:00 0 
7f2ac27fd000-7f2ac27fe000 ---p 00000000 00:00 0 
7f2ac27fe000-7f2ac2ffe000 rw-p 00000000 00:00 0 
7f2ac2ffe000-7f2ac2fff000 ---p 00000000 00:00 0 
7f2ac2fff000-7f2ac37ff000 rw-p 00000000 00:00 0 
7f2ac37ff000-7f2ac3800000 ---p 00000000 00:00 0 
7f2ac3800000-7f2ac4000000 rw-p 00000000 00:00 0 
7f2ac4000000-7f2ac43a7000 rw-p 00000000 00:00 0 
7f2ac43a7000-7f2ac8000000 ---p 00000000 00:00 0 
7f2ac849a000-7f2ac849b000 ---p 00000000 00:00 0 
7f2ac849b000-7f2ac8c9b000 rw-p 00000000 00:00 0 
7f2ac8c9b000-7f2ac8c9c000 ---p 00000000 00:00 0 
7f2ac8c9c000-7f2ac949c000 rw-p 00000000 00:00 0 
7f2ac949c000-7f2ac949d000 ---p 00000000 00:00 0 
7f2ac949d000-7f2ac9c9d000 rw-p 00000000 00:00 0 
7f2ac9c9d000-7f2ac9c9e000 ---p 00000000 00:00 0 
7f2ac9c9e000-7f2aca49e000 rw-p 00000000 00:00 0 
7f2aca49e000-7f2aca4d9000 r-xp 00000000 ca:01 258057                     /usr/lib/jdk1.8.0_181/jre/lib/amd64/libjpeg.so
7f2aca4d9000-7f2aca6d8000 ---p 0003b000 ca:01 258057                     /usr/lib/jdk1.8.0_181/jre/lib/amd64/libjpeg.so
7f2aca6d8000-7f2aca6d9000 rw-p 0003a000 ca:01 258057                     /usr/lib/jdk1.8.0_181/jre/lib/amd64/libjpeg.so
7f2aca6d9000-7f2aca6da000 ---p 00000000 00:00 0 
7f2aca6da000-7f2acaeda000 rw-p 00000000 00:00 0 
7f2acaeda000-7f2acaedb000 ---p 00000000 00:00 0 
7f2acaedb000-7f2acb6db000 rw-p 00000000 00:00 0 
7f2acb6db000-7f2acb6dc000 ---p 00000000 00:00 0 
7f2acb6dc000-7f2acbfdc000 rw-p 00000000 00:00 0 
7f2acbfdc000-7f2acc0dc000 ---p 00000000 00:00 0 
7f2acc0dc000-7f2acc0e7000 r-xp 00000000 ca:01 55284                      /usr/lib/x86_64-linux-gnu/libjbig.so.0
7f2acc0e7000-7f2acc2e6000 ---p 0000b000 ca:01 55284                      /usr/lib/x86_64-linux-gnu/libjbig.so.0
7f2acc2e6000-7f2acc2e7000 r--p 0000a000 ca:01 55284                      /usr/lib/x86_64-linux-gnu/libjbig.so.0
7f2acc2e7000-7f2acc2ea000 rw-p 0000b000 ca:01 55284                      /usr/lib/x86_64-linux-gnu/libjbig.so.0
7f2acc2ea000-7f2acc30e000 r-xp 00000000 ca:01 2094                       /lib/x86_64-linux-gnu/liblzma.so.5.2.2
7f2acc30e000-7f2acc50e000 ---p 00024000 ca:01 2094                       /lib/x86_64-linux-gnu/liblzma.so.5.2.2
7f2acc50e000-7f2acc50f000 r--p 00024000 ca:01 2094                       /lib/x86_64-linux-gnu/liblzma.so.5.2.2
7f2acc50f000-7f2acc510000 rw-p 00025000 ca:01 2094                       /lib/x86_64-linux-gnu/liblzma.so.5.2.2
7f2acc510000-7f2acc564000 r-xp 00000000 ca:01 55278                      /usr/lib/x86_64-linux-gnu/libopenjp2.so.2.3.0
7f2acc564000-7f2acc764000 ---p 00054000 ca:01 55278                      /usr/lib/x86_64-linux-gnu/libopenjp2.so.2.3.0
7f2acc764000-7f2acc765000 r--p 00054000 ca:01 55278                      /usr/lib/x86_64-linux-gnu/libopenjp2.so.2.3.0
7f2acc765000-7f2acc766000 rw-p 00055000 ca:01 55278                      /usr/lib/x86_64-linux-gnu/libopenjp2.so.2.3.0
7f2acc766000-7f2acc7cc000 r-xp 00000000 ca:01 55296                      /usr/lib/x86_64-linux-gnu/libwebp.so.6.0.2
7f2acc7cc000-7f2acc9cb000 ---p 00066000 ca:01 55296                      /usr/lib/x86_64-linux-gnu/libwebp.so.6.0.2
7f2acc9cb000-7f2acc9cc000 r--p 00065000 ca:01 55296                      /usr/lib/x86_64-linux-gnu/libwebp.so.6.0.2
7f2acc9cc000-7f2acc9cd000 rw-p 00066000 ca:01 55296                      /usr/lib/x86_64-linux-gnu/libwebp.so.6.0.2
7f2acc9cd000-7f2acc9cf000 rw-p 00000000 00:00 0 
7f2acc9cf000-7f2acca42000 r-xp 00000000 ca:01 55289                      /usr/lib/x86_64-linux-gnu/libtiff.so.5.3.0
7f2acca42000-7f2accc41000 ---p 00073000 ca:01 55289                      /usr/lib/x86_64-linux-gnu/libtiff.so.5.3.0
7f2accc41000-7f2accc45000 r--p 00072000 ca:01 55289                      /usr/lib/x86_64-linux-gnu/libtiff.so.5.3.0
7f2accc45000-7f2accc46000 rw-p 00076000 ca:01 55289                      /usr/lib/x86_64-linux-gnu/libtiff.so.5.3.0
7f2accc46000-7f2accc4e000 r-xp 00000000 ca:01 55248                      /usr/lib/x86_64-linux-gnu/libgif.so.7.0.0
7f2accc4e000-7f2acce4d000 ---p 00008000 ca:01 55248                      /usr/lib/x86_64-linux-gnu/libgif.so.7.0.0
7f2acce4d000-7f2acce4e000 r--p 00007000 ca:01 55248                      /usr/lib/x86_64-linux-gnu/libgif.so.7.0.0
7f2acce4e000-7f2acce4f000 rw-p 00008000 ca:01 55248                      /usr/lib/x86_64-linux-gnu/libgif.so.7.0.0
7f2acce4f000-7f2acceb6000 r-xp 00000000 ca:01 55216                      /usr/lib/x86_64-linux-gnu/libjpeg.so.8.1.2
7f2acceb6000-7f2acd0b5000 ---p 00067000 ca:01 55216                      /usr/lib/x86_64-linux-gnu/libjpeg.so.8.1.2
7f2acd0b5000-7f2acd0b6000 r--p 00066000 ca:01 55216                      /usr/lib/x86_64-linux-gnu/libjpeg.so.8.1.2
7f2acd0b6000-7f2acd0b7000 rw-p 00067000 ca:01 55216                      /usr/lib/x86_64-linux-gnu/libjpeg.so.8.1.2
7f2acd0b7000-7f2acd0e8000 r-xp 00000000 ca:01 6477                       /usr/lib/x86_64-linux-gnu/libpng16.so.16.34.0
7f2acd0e8000-7f2acd2e7000 ---p 00031000 ca:01 6477                       /usr/lib/x86_64-linux-gnu/libpng16.so.16.34.0
7f2acd2e7000-7f2acd2e8000 r--p 00030000 ca:01 6477                       /usr/lib/x86_64-linux-gnu/libpng16.so.16.34.0
7f2acd2e8000-7f2acd2e9000 rw-p 00031000 ca:01 6477                       /usr/lib/x86_64-linux-gnu/libpng16.so.16.34.0
7f2acd2e9000-7f2acd305000 r-xp 00000000 ca:01 2185                       /lib/x86_64-linux-gnu/libz.so.1.2.11
7f2acd305000-7f2acd504000 ---p 0001c000 ca:01 2185                       /lib/x86_64-linux-gnu/libz.so.1.2.11
7f2acd504000-7f2acd505000 r--p 0001b000 ca:01 2185                       /lib/x86_64-linux-gnu/libz.so.1.2.11
7f2acd505000-7f2acd506000 rw-p 0001c000 ca:01 2185                       /lib/x86_64-linux-gnu/libz.so.1.2.11
7f2acd506000-7f2acd534000 r-xp 00000000 ca:01 55254                      /usr/lib/x86_64-linux-gnu/libgomp.so.1.0.0
7f2acd534000-7f2acd733000 ---p 0002e000 ca:01 55254                      /usr/lib/x86_64-linux-gnu/libgomp.so.1.0.0
7f2acd733000-7f2acd734000 r--p 0002d000 ca:01 55254                      /usr/lib/x86_64-linux-gnu/libgomp.so.1.0.0
7f2acd734000-7f2acd735000 rw-p 0002e000 ca:01 55254                      /usr/lib/x86_64-linux-gnu/libgomp.so.1.0.0
7f2acd735000-7f2acd74c000 r-xp 00000000 ca:01 25722                      /lib/x86_64-linux-gnu/libgcc_s.so.1
7f2acd74c000-7f2acd94b000 ---p 00017000 ca:01 25722                      /lib/x86_64-linux-gnu/libgcc_s.so.1
7f2acd94b000-7f2acd94c000 r--p 00016000 ca:01 25722                      /lib/x86_64-linux-gnu/libgcc_s.so.1
7f2acd94c000-7f2acd94d000 rw-p 00017000 ca:01 25722                      /lib/x86_64-linux-gnu/libgcc_s.so.1
7f2acd94d000-7f2acdac6000 r-xp 00000000 ca:01 55091                      /usr/lib/x86_64-linux-gnu/libstdc++.so.6.0.25
7f2acdac6000-7f2acdcc6000 ---p 00179000 ca:01 55091                      /usr/lib/x86_64-linux-gnu/libstdc++.so.6.0.25
7f2acdcc6000-7f2acdcd0000 r--p 00179000 ca:01 55091                      /usr/lib/x86_64-linux-gnu/libstdc++.so.6.0.25
7f2acdcd0000-7f2acdcd2000 rw-p 00183000 ca:01 55091                      /usr/lib/x86_64-linux-gnu/libstdc++.so.6.0.25
7f2acdcd2000-7f2acdcd6000 rw-p 00000000 00:00 0 
7f2acdcd6000-7f2acdf32000 r-xp 00000000 ca:01 55302                      /usr/lib/x86_64-linux-gnu/liblept.so.5.0.2
7f2acdf32000-7f2ace131000 ---p 0025c000 ca:01 55302                      /usr/lib/x86_64-linux-gnu/liblept.so.5.0.2
7f2ace131000-7f2ace132000 r--p 0025b000 ca:01 55302                      /usr/lib/x86_64-linux-gnu/liblept.so.5.0.2
7f2ace132000-7f2ace138000 rw-p 0025c000 ca:01 55302                      /usr/lib/x86_64-linux-gnu/liblept.so.5.0.2
7f2ace138000-7f2ace445000 r-xp 00000000 ca:01 55336                      /usr/lib/x86_64-linux-gnu/libtesseract.so.4.0.0
7f2ace445000-7f2ace644000 ---p 0030d000 ca:01 55336                      /usr/lib/x86_64-linux-gnu/libtesseract.so.4.0.0
7f2ace644000-7f2ace649000 r--p 0030c000 ca:01 55336                      /usr/lib/x86_64-linux-gnu/libtesseract.so.4.0.0
7f2ace649000-7f2ace64a000 rw-p 00311000 ca:01 55336                      /usr/lib/x86_64-linux-gnu/libtesseract.so.4.0.0
7f2ace64a000-7f2ace8ee000 rw-p 00000000 00:00 0 
7f2ace8ee000-7f2ace906000 r-xp 00000000 ca:01 256008                     /tmp/jna-3506402/jna1028155432837107581.tmp (deleted)
7f2ace906000-7f2aceb06000 ---p 00018000 ca:01 256008                     /tmp/jna-3506402/jna1028155432837107581.tmp (deleted)
7f2aceb06000-7f2aceb07000 rw-p 00018000 ca:01 256008                     /tmp/jna-3506402/jna1028155432837107581.tmp (deleted)
7f2aceb07000-7f2aceb0a000 ---p 00000000 00:00 0 
7f2aceb0a000-7f2acec08000 rw-p 00000000 00:00 0 
7f2acec08000-7f2acec0f000 r-xp 00000000 ca:01 258123                     /usr/lib/jdk1.8.0_181/jre/lib/amd64/libawt_headless.so
7f2acec0f000-7f2acee0e000 ---p 00007000 ca:01 258123                     /usr/lib/jdk1.8.0_181/jre/lib/amd64/libawt_headless.so
7f2acee0e000-7f2acee0f000 rw-p 00006000 ca:01 258123                     /usr/lib/jdk1.8.0_181/jre/lib/amd64/libawt_headless.so
7f2acee0f000-7f2aceeb1000 r-xp 00000000 ca:01 258105                     /usr/lib/jdk1.8.0_181/jre/lib/amd64/libawt.so
7f2aceeb1000-7f2acf0b1000 ---p 000a2000 ca:01 258105                     /usr/lib/jdk1.8.0_181/jre/lib/amd64/libawt.so
7f2acf0b1000-7f2acf0bd000 rw-p 000a2000 ca:01 258105                     /usr/lib/jdk1.8.0_181/jre/lib/amd64/libawt.so
7f2acf0bd000-7f2acf2e1000 rw-p 00000000 00:00 0 
7f2acf2e1000-7f2acf2e4000 ---p 00000000 00:00 0 
7f2acf2e4000-7f2acf3e2000 rw-p 00000000 00:00 0 
7f2acf3e2000-7f2acf3e5000 ---p 00000000 00:00 0 
7f2acf3e5000-7f2acf4e3000 rw-p 00000000 00:00 0 
7f2acf4e3000-7f2acf4e6000 ---p 00000000 00:00 0 
7f2acf4e6000-7f2acf5e4000 rw-p 00000000 00:00 0 
7f2acf5e4000-7f2acf5e7000 ---p 00000000 00:00 0 
7f2acf5e7000-7f2acf6e5000 rw-p 00000000 00:00 0 
7f2acf6e5000-7f2acf6e8000 ---p 00000000 00:00 0 
7f2acf6e8000-7f2acf7e6000 rw-p 00000000 00:00 0 
7f2acf7e6000-7f2acf7e9000 ---p 00000000 00:00 0 
7f2acf7e9000-7f2acf8e7000 rw-p 00000000 00:00 0 
7f2acf8e7000-7f2acf8ea000 ---p 00000000 00:00 0 
7f2acf8ea000-7f2acf9e8000 rw-p 00000000 00:00 0 
7f2acf9e8000-7f2acf9eb000 ---p 00000000 00:00 0 
7f2acf9eb000-7f2acfae9000 rw-p 00000000 00:00 0 
7f2acfae9000-7f2acfaec000 ---p 00000000 00:00 0 
7f2acfaec000-7f2acfbea000 rw-p 00000000 00:00 0 
7f2acfbea000-7f2acfbed000 ---p 00000000 00:00 0 
7f2acfbed000-7f2acfceb000 rw-p 00000000 00:00 0 
7f2acfceb000-7f2acfcee000 ---p 00000000 00:00 0 
7f2acfcee000-7f2acfdec000 rw-p 00000000 00:00 0 
7f2acfdec000-7f2acfdef000 ---p 00000000 00:00 0 
7f2acfdef000-7f2acfeed000 rw-p 00000000 00:00 0 
7f2acfeed000-7f2acfef0000 ---p 00000000 00:00 0 
7f2acfef0000-7f2ad01ee000 rw-p 00000000 00:00 0 
7f2ad01ee000-7f2ad03ee000 rw-p 00000000 00:00 0 
7f2ad03ee000-7f2ad05ee000 rw-p 00000000 00:00 0 
7f2ad05ee000-7f2ad07ee000 rw-p 00000000 00:00 0 
7f2ad07ee000-7f2ad09ee000 rw-p 00000000 00:00 0 
7f2ad09ee000-7f2ad09ff000 r-xp 00000000 ca:01 258115                     /usr/lib/jdk1.8.0_181/jre/lib/amd64/libnio.so
7f2ad09ff000-7f2ad0bfe000 ---p 00011000 ca:01 258115                     /usr/lib/jdk1.8.0_181/jre/lib/amd64/libnio.so
7f2ad0bfe000-7f2ad0bff000 rw-p 00010000 ca:01 258115                     /usr/lib/jdk1.8.0_181/jre/lib/amd64/libnio.so
7f2ad0bff000-7f2ad0dff000 rw-p 00000000 00:00 0 
7f2ad0dff000-7f2ad0fff000 rw-p 00000000 00:00 0 
7f2ad0fff000-7f2ad4000000 rw-p 00000000 00:00 0 
7f2ad4000000-7f2ad7eec000 rw-p 00000000 00:00 0 
7f2ad7eec000-7f2ad8000000 ---p 00000000 00:00 0 
7f2ad8000000-7f2adb20e000 rw-p 00000000 00:00 0 
7f2adb20e000-7f2adc000000 ---p 00000000 00:00 0 
7f2adc000000-7f2adc021000 rw-p 00000000 00:00 0 
7f2adc021000-7f2ae0000000 ---p 00000000 00:00 0 
7f2ae0000000-7f2ae0d91000 rw-p 00000000 00:00 0 
7f2ae0d91000-7f2ae4000000 ---p 00000000 00:00 0 
7f2ae4000000-7f2ae7f5b000 rw-p 00000000 00:00 0 
7f2ae7f5b000-7f2ae8000000 ---p 00000000 00:00 0 
7f2ae8000000-7f2aebffe000 rw-p 00000000 00:00 0 
7f2aebffe000-7f2aec000000 ---p 00000000 00:00 0 
7f2aec000000-7f2aec180000 rw-p 00000000 00:00 0 
7f2aec180000-7f2af0000000 ---p 00000000 00:00 0 
7f2af0084000-7f2af0087000 ---p 00000000 00:00 0 
7f2af0087000-7f2af00bd000 rw-p 00000000 00:00 0 
7f2af00bd000-7f2af00c0000 ---p 00000000 00:00 0 
7f2af00c0000-7f2af03be000 rw-p 00000000 00:00 0 
7f2af03be000-7f2af05be000 rw-p 00000000 00:00 0 
7f2af05be000-7f2af07be000 rw-p 00000000 00:00 0 
7f2af07be000-7f2af07d5000 r-xp 00000000 ca:01 2181                       /lib/x86_64-linux-gnu/libresolv-2.27.so
7f2af07d5000-7f2af09d5000 ---p 00017000 ca:01 2181                       /lib/x86_64-linux-gnu/libresolv-2.27.so
7f2af09d5000-7f2af09d6000 r--p 00017000 ca:01 2181                       /lib/x86_64-linux-gnu/libresolv-2.27.so
7f2af09d6000-7f2af09d7000 rw-p 00018000 ca:01 2181                       /lib/x86_64-linux-gnu/libresolv-2.27.so
7f2af09d7000-7f2af09d9000 rw-p 00000000 00:00 0 
7f2af09d9000-7f2af09de000 r-xp 00000000 ca:01 2088                       /lib/x86_64-linux-gnu/libnss_dns-2.27.so
7f2af09de000-7f2af0bde000 ---p 00005000 ca:01 2088                       /lib/x86_64-linux-gnu/libnss_dns-2.27.so
7f2af0bde000-7f2af0bdf000 r--p 00005000 ca:01 2088                       /lib/x86_64-linux-gnu/libnss_dns-2.27.so
7f2af0bdf000-7f2af0be0000 rw-p 00006000 ca:01 2088                       /lib/x86_64-linux-gnu/libnss_dns-2.27.so
7f2af0be0000-7f2af0bf6000 r-xp 00000000 ca:01 258112                     /usr/lib/jdk1.8.0_181/jre/lib/amd64/libnet.so
7f2af0bf6000-7f2af0df6000 ---p 00016000 ca:01 258112                     /usr/lib/jdk1.8.0_181/jre/lib/amd64/libnet.so
7f2af0df6000-7f2af0df7000 rw-p 00016000 ca:01 258112                     /usr/lib/jdk1.8.0_181/jre/lib/amd64/libnet.so
7f2af0df7000-7f2af0e00000 r-xp 00000000 ca:01 258120                     /usr/lib/jdk1.8.0_181/jre/lib/amd64/libmanagement.so
7f2af0e00000-7f2af0fff000 ---p 00009000 ca:01 258120                     /usr/lib/jdk1.8.0_181/jre/lib/amd64/libmanagement.so
7f2af0fff000-7f2af1000000 rw-p 00008000 ca:01 258120                     /usr/lib/jdk1.8.0_181/jre/lib/amd64/libmanagement.so
7f2af1000000-7f2af19e0000 rwxp 00000000 00:00 0 
7f2af19e0000-7f2b00000000 ---p 00000000 00:00 0 
7f2b00000000-7f2b009a3000 rw-p 00000000 00:00 0 
7f2b009a3000-7f2b04000000 ---p 00000000 00:00 0 
7f2b04038000-7f2b04042000 r--s 00116000 ca:01 257964                     /usr/lib/jdk1.8.0_181/jre/lib/ext/localedata.jar
7f2b04042000-7f2b0405e000 r--s 00393000 ca:01 257957                     /usr/lib/jdk1.8.0_181/jre/lib/ext/cldrdata.jar
7f2b0405e000-7f2b04061000 ---p 00000000 00:00 0 
7f2b04061000-7f2b0415f000 rw-p 00000000 00:00 0 
7f2b0415f000-7f2b041f4000 r--s 0110e000 ca:01 257958                     /usr/lib/jdk1.8.0_181/jre/lib/ext/jfxrt.jar
7f2b041f4000-7f2b043f4000 rw-p 00000000 00:00 0 
7f2b043f4000-7f2b043f7000 ---p 00000000 00:00 0 
7f2b043f7000-7f2b046f5000 rw-p 00000000 00:00 0 
7f2b046f5000-7f2b046f6000 ---p 00000000 00:00 0 
7f2b046f6000-7f2b047f6000 rw-p 00000000 00:00 0 
7f2b047f6000-7f2b047f9000 ---p 00000000 00:00 0 
7f2b047f9000-7f2b048f7000 rw-p 00000000 00:00 0 
7f2b048f7000-7f2b048f8000 ---p 00000000 00:00 0 
7f2b048f8000-7f2b048fb000 ---p 00000000 00:00 0 
7f2b048fb000-7f2b049f8000 rw-p 00000000 00:00 0 
7f2b049f8000-7f2b049f9000 ---p 00000000 00:00 0 
7f2b049f9000-7f2b049fc000 ---p 00000000 00:00 0 
7f2b049fc000-7f2b04af9000 rw-p 00000000 00:00 0 
7f2b04af9000-7f2b04afc000 ---p 00000000 00:00 0 
7f2b04afc000-7f2b04bfa000 rw-p 00000000 00:00 0 
7f2b04bfa000-7f2b04c2b000 r--p 00000000 ca:01 7798                       /usr/lib/locale/C.UTF-8/LC_CTYPE
7f2b04c2b000-7f2b04d9e000 r--p 00000000 ca:01 7797                       /usr/lib/locale/C.UTF-8/LC_COLLATE
7f2b04d9e000-7f2b04f39000 r--p 00000000 ca:01 7792                       /usr/lib/locale/locale-archive
7f2b04f39000-7f2b04f3c000 ---p 00000000 00:00 0 
7f2b04f3c000-7f2b0503a000 rw-p 00000000 00:00 0 
7f2b0503a000-7f2b0503d000 ---p 00000000 00:00 0 
7f2b0503d000-7f2b0513b000 rw-p 00000000 00:00 0 
7f2b0513b000-7f2b0513c000 ---p 00000000 00:00 0 
7f2b0513c000-7f2b0528b000 rw-p 00000000 00:00 0 
7f2b0528b000-7f2b05465000 r--s 03d6b000 ca:01 257896                     /usr/lib/jdk1.8.0_181/jre/lib/rt.jar
7f2b05465000-7f2b05d36000 rw-p 00000000 00:00 0 
7f2b05d36000-7f2b05d5e000 rw-p 00000000 00:00 0 
7f2b05d5e000-7f2b060f6000 ---p 00000000 00:00 0 
7f2b060f6000-7f2b06111000 r-xp 00000000 ca:01 258108                     /usr/lib/jdk1.8.0_181/jre/lib/amd64/libzip.so
7f2b06111000-7f2b06311000 ---p 0001b000 ca:01 258108                     /usr/lib/jdk1.8.0_181/jre/lib/amd64/libzip.so
7f2b06311000-7f2b06312000 rw-p 0001b000 ca:01 258108                     /usr/lib/jdk1.8.0_181/jre/lib/amd64/libzip.so
7f2b06312000-7f2b0631d000 r-xp 00000000 ca:01 2089                       /lib/x86_64-linux-gnu/libnss_files-2.27.so
7f2b0631d000-7f2b0651c000 ---p 0000b000 ca:01 2089                       /lib/x86_64-linux-gnu/libnss_files-2.27.so
7f2b0651c000-7f2b0651d000 r--p 0000a000 ca:01 2089                       /lib/x86_64-linux-gnu/libnss_files-2.27.so
7f2b0651d000-7f2b0651e000 rw-p 0000b000 ca:01 2089                       /lib/x86_64-linux-gnu/libnss_files-2.27.so
7f2b0651e000-7f2b06524000 rw-p 00000000 00:00 0 
7f2b06524000-7f2b0653b000 r-xp 00000000 ca:01 2086                       /lib/x86_64-linux-gnu/libnsl-2.27.so
7f2b0653b000-7f2b0673a000 ---p 00017000 ca:01 2086                       /lib/x86_64-linux-gnu/libnsl-2.27.so
7f2b0673a000-7f2b0673b000 r--p 00016000 ca:01 2086                       /lib/x86_64-linux-gnu/libnsl-2.27.so
7f2b0673b000-7f2b0673c000 rw-p 00017000 ca:01 2086                       /lib/x86_64-linux-gnu/libnsl-2.27.so
7f2b0673c000-7f2b0673e000 rw-p 00000000 00:00 0 
7f2b0673e000-7f2b06749000 r-xp 00000000 ca:01 2091                       /lib/x86_64-linux-gnu/libnss_nis-2.27.so
7f2b06749000-7f2b06948000 ---p 0000b000 ca:01 2091                       /lib/x86_64-linux-gnu/libnss_nis-2.27.so
7f2b06948000-7f2b06949000 r--p 0000a000 ca:01 2091                       /lib/x86_64-linux-gnu/libnss_nis-2.27.so
7f2b06949000-7f2b0694a000 rw-p 0000b000 ca:01 2091                       /lib/x86_64-linux-gnu/libnss_nis-2.27.so
7f2b0694a000-7f2b06952000 r-xp 00000000 ca:01 2087                       /lib/x86_64-linux-gnu/libnss_compat-2.27.so
7f2b06952000-7f2b06b52000 ---p 00008000 ca:01 2087                       /lib/x86_64-linux-gnu/libnss_compat-2.27.so
7f2b06b52000-7f2b06b53000 r--p 00008000 ca:01 2087                       /lib/x86_64-linux-gnu/libnss_compat-2.27.so
7f2b06b53000-7f2b06b54000 rw-p 00009000 ca:01 2087                       /lib/x86_64-linux-gnu/libnss_compat-2.27.so
7f2b06b54000-7f2b06b7f000 r-xp 00000000 ca:01 258102                     /usr/lib/jdk1.8.0_181/jre/lib/amd64/libjava.so
7f2b06b7f000-7f2b06d7e000 ---p 0002b000 ca:01 258102                     /usr/lib/jdk1.8.0_181/jre/lib/amd64/libjava.so
7f2b06d7e000-7f2b06d80000 rw-p 0002a000 ca:01 258102                     /usr/lib/jdk1.8.0_181/jre/lib/amd64/libjava.so
7f2b06d80000-7f2b06d8d000 r-xp 00000000 ca:01 258107                     /usr/lib/jdk1.8.0_181/jre/lib/amd64/libverify.so
7f2b06d8d000-7f2b06f8d000 ---p 0000d000 ca:01 258107                     /usr/lib/jdk1.8.0_181/jre/lib/amd64/libverify.so
7f2b06f8d000-7f2b06f8f000 rw-p 0000d000 ca:01 258107                     /usr/lib/jdk1.8.0_181/jre/lib/amd64/libverify.so
7f2b06f8f000-7f2b06f96000 r-xp 00000000 ca:01 2182                       /lib/x86_64-linux-gnu/librt-2.27.so
7f2b06f96000-7f2b07195000 ---p 00007000 ca:01 2182                       /lib/x86_64-linux-gnu/librt-2.27.so
7f2b07195000-7f2b07196000 r--p 00006000 ca:01 2182                       /lib/x86_64-linux-gnu/librt-2.27.so
7f2b07196000-7f2b07197000 rw-p 00007000 ca:01 2182                       /lib/x86_64-linux-gnu/librt-2.27.so
7f2b07197000-7f2b07334000 r-xp 00000000 ca:01 2083                       /lib/x86_64-linux-gnu/libm-2.27.so
7f2b07334000-7f2b07533000 ---p 0019d000 ca:01 2083                       /lib/x86_64-linux-gnu/libm-2.27.so
7f2b07533000-7f2b07534000 r--p 0019c000 ca:01 2083                       /lib/x86_64-linux-gnu/libm-2.27.so
7f2b07534000-7f2b07535000 rw-p 0019d000 ca:01 2083                       /lib/x86_64-linux-gnu/libm-2.27.so
7f2b07535000-7f2b08211000 r-xp 00000000 ca:01 258084                     /usr/lib/jdk1.8.0_181/jre/lib/amd64/server/libjvm.so
7f2b08211000-7f2b08411000 ---p 00cdc000 ca:01 258084                     /usr/lib/jdk1.8.0_181/jre/lib/amd64/server/libjvm.so
7f2b08411000-7f2b084eb000 rw-p 00cdc000 ca:01 258084                     /usr/lib/jdk1.8.0_181/jre/lib/amd64/server/libjvm.so
7f2b084eb000-7f2b08536000 rw-p 00000000 00:00 0 
7f2b08536000-7f2b0871d000 r-xp 00000000 ca:01 2079                       /lib/x86_64-linux-gnu/libc-2.27.so
7f2b0871d000-7f2b0891d000 ---p 001e7000 ca:01 2079                       /lib/x86_64-linux-gnu/libc-2.27.so
7f2b0891d000-7f2b08921000 r--p 001e7000 ca:01 2079                       /lib/x86_64-linux-gnu/libc-2.27.so
7f2b08921000-7f2b08923000 rw-p 001eb000 ca:01 2079                       /lib/x86_64-linux-gnu/libc-2.27.so
7f2b08923000-7f2b08927000 rw-p 00000000 00:00 0 
7f2b08927000-7f2b0892a000 r-xp 00000000 ca:01 2082                       /lib/x86_64-linux-gnu/libdl-2.27.so
7f2b0892a000-7f2b08b29000 ---p 00003000 ca:01 2082                       /lib/x86_64-linux-gnu/libdl-2.27.so
7f2b08b29000-7f2b08b2a000 r--p 00002000 ca:01 2082                       /lib/x86_64-linux-gnu/libdl-2.27.so
7f2b08b2a000-7f2b08b2b000 rw-p 00003000 ca:01 2082                       /lib/x86_64-linux-gnu/libdl-2.27.so
7f2b08b2b000-7f2b08b41000 r-xp 00000000 ca:01 257758                     /usr/lib/jdk1.8.0_181/lib/amd64/jli/libjli.so
7f2b08b41000-7f2b08d40000 ---p 00016000 ca:01 257758                     /usr/lib/jdk1.8.0_181/lib/amd64/jli/libjli.so
7f2b08d40000-7f2b08d41000 rw-p 00015000 ca:01 257758                     /usr/lib/jdk1.8.0_181/lib/amd64/jli/libjli.so
7f2b08d41000-7f2b08d5b000 r-xp 00000000 ca:01 2180                       /lib/x86_64-linux-gnu/libpthread-2.27.so
7f2b08d5b000-7f2b08f5a000 ---p 0001a000 ca:01 2180                       /lib/x86_64-linux-gnu/libpthread-2.27.so
7f2b08f5a000-7f2b08f5b000 r--p 00019000 ca:01 2180                       /lib/x86_64-linux-gnu/libpthread-2.27.so
7f2b08f5b000-7f2b08f5c000 rw-p 0001a000 ca:01 2180                       /lib/x86_64-linux-gnu/libpthread-2.27.so
7f2b08f5c000-7f2b08f60000 rw-p 00000000 00:00 0 
7f2b08f60000-7f2b08f87000 r-xp 00000000 ca:01 2075                       /lib/x86_64-linux-gnu/ld-2.27.so
7f2b08f8a000-7f2b08f8f000 r--s 002f9000 ca:01 257894                     /usr/lib/jdk1.8.0_181/jre/lib/charsets.jar
7f2b08f8f000-7f2b08f94000 r--s 0009d000 ca:01 257953                     /usr/lib/jdk1.8.0_181/jre/lib/jsse.jar
7f2b08f94000-7f2b08f98000 r--s 058fa000 ca:01 1033568                    /opt/text-recognition/text-extractor-from-image/target/text-extractor-from-image-0.0.1-SNAPSHOT.jar
7f2b08f98000-7f2b08f99000 r--p 00000000 ca:01 7803                       /usr/lib/locale/C.UTF-8/LC_NUMERIC
7f2b08f99000-7f2b08f9a000 r--p 00000000 ca:01 7806                       /usr/lib/locale/C.UTF-8/LC_TIME
7f2b08f9a000-7f2b08f9b000 r--p 00000000 ca:01 7801                       /usr/lib/locale/C.UTF-8/LC_MONETARY
7f2b08f9b000-7f2b08f9c000 r--p 00000000 ca:01 7795                       /usr/lib/locale/C.UTF-8/LC_MESSAGES/SYS_LC_MESSAGES
7f2b08f9c000-7f2b08f9d000 r--p 00000000 ca:01 7804                       /usr/lib/locale/C.UTF-8/LC_PAPER
7f2b08f9d000-7f2b08f9e000 r--p 00000000 ca:01 7802                       /usr/lib/locale/C.UTF-8/LC_NAME
7f2b08f9e000-7f2b08fa5000 r--s 00000000 ca:01 5017                       /usr/lib/x86_64-linux-gnu/gconv/gconv-modules.cache
7f2b08fa5000-7f2b08fb8000 rw-p 00000000 00:00 0 
7f2b08fb8000-7f2b08ff8000 ---p 00000000 00:00 0 
7f2b08ff8000-7f2b09002000 rw-p 00000000 00:00 0 
7f2b09002000-7f2b09021000 ---p 00000000 00:00 0 
7f2b09021000-7f2b09033000 rw-p 00000000 00:00 0 
7f2b09033000-7f2b09073000 ---p 00000000 00:00 0 
7f2b09073000-7f2b09074000 rw-p 00000000 00:00 0 
7f2b09074000-7f2b0907c000 rw-s 00000000 ca:01 263405                     /tmp/hsperfdata_root/9513
7f2b0907c000-7f2b0907d000 ---p 00000000 00:00 0 
7f2b0907d000-7f2b09080000 ---p 00000000 00:00 0 
7f2b09080000-7f2b09181000 rw-p 00000000 00:00 0 
7f2b09181000-7f2b09182000 r--p 00000000 ca:01 7796                       /usr/lib/locale/C.UTF-8/LC_ADDRESS
7f2b09182000-7f2b09183000 r--p 00000000 ca:01 7805                       /usr/lib/locale/C.UTF-8/LC_TELEPHONE
7f2b09183000-7f2b09184000 r--p 00000000 ca:01 7800                       /usr/lib/locale/C.UTF-8/LC_MEASUREMENT
7f2b09184000-7f2b09185000 r--p 00000000 ca:01 7799                       /usr/lib/locale/C.UTF-8/LC_IDENTIFICATION
7f2b09185000-7f2b09186000 rw-p 00000000 00:00 0 
7f2b09186000-7f2b09187000 r--p 00000000 00:00 0 
7f2b09187000-7f2b09188000 r--p 00027000 ca:01 2075                       /lib/x86_64-linux-gnu/ld-2.27.so
7f2b09188000-7f2b09189000 rw-p 00028000 ca:01 2075                       /lib/x86_64-linux-gnu/ld-2.27.so
7f2b09189000-7f2b0918a000 rw-p 00000000 00:00 0 
7fffe3a1b000-7fffe3a3c000 rw-p 00000000 00:00 0                          [stack]
7fffe3bb3000-7fffe3bb6000 r--p 00000000 00:00 0                          [vvar]
7fffe3bb6000-7fffe3bb8000 r-xp 00000000 00:00 0                          [vdso]
ffffffffff600000-ffffffffff601000 r-xp 00000000 00:00 0                  [vsyscall]

VM Arguments:
java_command: target/text-extractor-from-image-0.0.1-SNAPSHOT.jar
java_class_path (initial): target/text-extractor-from-image-0.0.1-SNAPSHOT.jar
Launcher Type: SUN_STANDARD

Environment Variables:
PATH=/usr/local/sbin:/usr/local/bin:/usr/sbin:/usr/bin:/sbin:/bin:/usr/games:/usr/local/games:/usr/lib/node-v10.13.0-linux-x64/bin
USERNAME=root
SHELL=/bin/bash

Signal Handlers:
SIGSEGV: [libjvm.so+0xad2a40], sa_mask[0]=11111111011111111101111111111110, sa_flags=SA_RESTART|SA_SIGINFO
SIGBUS: [libjvm.so+0xad2a40], sa_mask[0]=11111111011111111101111111111110, sa_flags=SA_RESTART|SA_SIGINFO
SIGFPE: [libjvm.so+0x92a610], sa_mask[0]=11111111011111111101111111111110, sa_flags=SA_RESTART|SA_SIGINFO
SIGPIPE: [libjvm.so+0x92a610], sa_mask[0]=11111111011111111101111111111110, sa_flags=SA_RESTART|SA_SIGINFO
SIGXFSZ: [libjvm.so+0x92a610], sa_mask[0]=11111111011111111101111111111110, sa_flags=SA_RESTART|SA_SIGINFO
SIGILL: [libjvm.so+0x92a610], sa_mask[0]=11111111011111111101111111111110, sa_flags=SA_RESTART|SA_SIGINFO
SIGUSR1: SIG_DFL, sa_mask[0]=00000000000000000000000000000000, sa_flags=none
SIGUSR2: [libjvm.so+0x92be70], sa_mask[0]=00000000000000000000000000000000, sa_flags=SA_RESTART|SA_SIGINFO
SIGHUP: [libjvm.so+0x92d270], sa_mask[0]=11111111011111111101111111111110, sa_flags=SA_RESTART|SA_SIGINFO
SIGINT: [libjvm.so+0x92d270], sa_mask[0]=11111111011111111101111111111110, sa_flags=SA_RESTART|SA_SIGINFO
SIGTERM: [libjvm.so+0x92d270], sa_mask[0]=11111111011111111101111111111110, sa_flags=SA_RESTART|SA_SIGINFO
SIGQUIT: [libjvm.so+0x92d270], sa_mask[0]=11111111011111111101111111111110, sa_flags=SA_RESTART|SA_SIGINFO


---------------  S Y S T E M  ---------------

OS:DISTRIB_ID=Ubuntu
DISTRIB_RELEASE=18.04
DISTRIB_CODENAME=bionic
DISTRIB_DESCRIPTION="Ubuntu 18.04.1 LTS"

uname:Linux 4.15.0-1021-aws #21-Ubuntu SMP Tue Aug 28 10:23:07 UTC 2018 x86_64
libc:glibc 2.27 NPTL 2.27 
rlimit: STACK 8192k, CORE 0k, NPROC 3841, NOFILE 1048576, AS infinity
load average:0.00 0.00 0.00

/proc/meminfo:
MemTotal:        1007540 kB
MemFree:          128924 kB
MemAvailable:     332000 kB
Buffers:           26776 kB
Cached:           282052 kB
SwapCached:            0 kB
Active:           589588 kB
Inactive:         170536 kB
Active(anon):     456048 kB
Inactive(anon):       88 kB
Active(file):     133540 kB
Inactive(file):   170448 kB
Unevictable:        5408 kB
Mlocked:            5408 kB
SwapTotal:             0 kB
SwapFree:              0 kB
Dirty:               224 kB
Writeback:             0 kB
AnonPages:        456736 kB
Mapped:            83248 kB
Shmem:               772 kB
Slab:              84472 kB
SReclaimable:      53496 kB
SUnreclaim:        30976 kB
KernelStack:        2944 kB
PageTables:         4796 kB
NFS_Unstable:          0 kB
Bounce:                0 kB
WritebackTmp:          0 kB
CommitLimit:      503768 kB
Committed_AS:     856984 kB
VmallocTotal:   34359738367 kB
VmallocUsed:           0 kB
VmallocChunk:          0 kB
HardwareCorrupted:     0 kB
AnonHugePages:         0 kB
ShmemHugePages:        0 kB
ShmemPmdMapped:        0 kB
CmaTotal:              0 kB
CmaFree:               0 kB
HugePages_Total:       0
HugePages_Free:        0
HugePages_Rsvd:        0
HugePages_Surp:        0
Hugepagesize:       2048 kB
DirectMap4k:       88064 kB
DirectMap2M:      960512 kB


CPU:total 1 (initial active 1) (1 cores per cpu, 1 threads per core) family 6 model 63 stepping 2, cmov, cx8, fxsr, mmx, sse, sse2, sse3, ssse3, sse4.1, sse4.2, popcnt, avx, avx2, aes, clmul, erms, lzcnt, tsc, bmi1, bmi2

/proc/cpuinfo:
processor	: 0
vendor_id	: GenuineIntel
cpu family	: 6
model		: 63
model name	: Intel(R) Xeon(R) CPU E5-2676 v3 @ 2.40GHz
stepping	: 2
microcode	: 0x3c
cpu MHz		: 2394.397
cache size	: 30720 KB
physical id	: 0
siblings	: 1
core id		: 0
cpu cores	: 1
apicid		: 0
initial apicid	: 0
fpu		: yes
fpu_exception	: yes
cpuid level	: 13
wp		: yes
flags		: fpu vme de pse tsc msr pae mce cx8 apic sep mtrr pge mca cmov pat pse36 clflush mmx fxsr sse sse2 ht syscall nx rdtscp lm constant_tsc rep_good nopl xtopology cpuid pni pclmulqdq ssse3 fma cx16 pcid sse4_1 sse4_2 x2apic movbe popcnt tsc_deadline_timer aes xsave avx f16c rdrand hypervisor lahf_lm abm cpuid_fault invpcid_single pti fsgsbase bmi1 avx2 smep bmi2 erms invpcid xsaveopt
bugs		: cpu_meltdown spectre_v1 spectre_v2 spec_store_bypass l1tf
bogomips	: 4789.05
clflush size	: 64
cache_alignment	: 64
address sizes	: 46 bits physical, 48 bits virtual
power management:



Memory: 4k page, physical 1007540k(128924k free), swap 0k(0k free)

vm_info: Java HotSpot(TM) 64-Bit Server VM (25.181-b13) for linux-amd64 JRE (1.8.0_181-b13), built on Jul  7 2018 00:56:38 by "java_re" with gcc 4.3.0 20080428 (Red Hat 4.3.0-8)

time: Thu Nov 22 16:50:06 2018
elapsed time: 37180 seconds (0d 10h 19m 40s)

